  NumNodes: 19717
  NumEdges: 88651
  NumFeats: 500
  NumClasses: 3
  NumTrainingSamples: 60
  NumValidationSamples: 500
  NumTestSamples: 1000
Done loading data from cached files.
Epoch: 0001 loss_train: 1.1052 acc_train: 0.3333 loss_val: 1.0908 acc_val: 0.4000 time: 0.1086s
Epoch: 0002 loss_train: 1.1018 acc_train: 0.3333 loss_val: 1.0880 acc_val: 0.4000 time: 0.0730s
Epoch: 0003 loss_train: 1.0955 acc_train: 0.3333 loss_val: 1.0833 acc_val: 0.4000 time: 0.0727s
Epoch: 0004 loss_train: 1.0851 acc_train: 0.3333 loss_val: 1.0774 acc_val: 0.4000 time: 0.0736s
Epoch: 0005 loss_train: 1.0765 acc_train: 0.3500 loss_val: 1.0704 acc_val: 0.4000 time: 0.0712s
Epoch: 0006 loss_train: 1.0586 acc_train: 0.5333 loss_val: 1.0630 acc_val: 0.5220 time: 0.0729s
Epoch: 0007 loss_train: 1.0475 acc_train: 0.6833 loss_val: 1.0543 acc_val: 0.6460 time: 0.0731s
Epoch: 0008 loss_train: 1.0301 acc_train: 0.7667 loss_val: 1.0437 acc_val: 0.7200 time: 0.0716s
Epoch: 0009 loss_train: 1.0048 acc_train: 0.8167 loss_val: 1.0316 acc_val: 0.7500 time: 0.0700s
Epoch: 0010 loss_train: 0.9963 acc_train: 0.8500 loss_val: 1.0181 acc_val: 0.7440 time: 0.0714s
Epoch: 0011 loss_train: 0.9793 acc_train: 0.9167 loss_val: 1.0044 acc_val: 0.7480 time: 0.0746s
Epoch: 0012 loss_train: 0.9463 acc_train: 0.8667 loss_val: 0.9895 acc_val: 0.7480 time: 0.0717s
Epoch: 0013 loss_train: 0.9154 acc_train: 0.8667 loss_val: 0.9744 acc_val: 0.7520 time: 0.0737s
Epoch: 0014 loss_train: 0.8710 acc_train: 0.9333 loss_val: 0.9588 acc_val: 0.7520 time: 0.0731s
Epoch: 0015 loss_train: 0.8733 acc_train: 0.8833 loss_val: 0.9427 acc_val: 0.7460 time: 0.0780s
Epoch: 0016 loss_train: 0.8222 acc_train: 0.8833 loss_val: 0.9255 acc_val: 0.7320 time: 0.0738s
Epoch: 0017 loss_train: 0.8057 acc_train: 0.9167 loss_val: 0.9076 acc_val: 0.7420 time: 0.0715s
Epoch: 0018 loss_train: 0.7732 acc_train: 0.8667 loss_val: 0.8893 acc_val: 0.7400 time: 0.0698s
Epoch: 0019 loss_train: 0.7299 acc_train: 0.9167 loss_val: 0.8708 acc_val: 0.7440 time: 0.0712s
Epoch: 0020 loss_train: 0.6774 acc_train: 0.9333 loss_val: 0.8521 acc_val: 0.7440 time: 0.0731s
Epoch: 0021 loss_train: 0.6558 acc_train: 0.9000 loss_val: 0.8331 acc_val: 0.7400 time: 0.0718s
Epoch: 0022 loss_train: 0.6465 acc_train: 0.9333 loss_val: 0.8136 acc_val: 0.7480 time: 0.0724s
Epoch: 0023 loss_train: 0.6149 acc_train: 0.9333 loss_val: 0.7947 acc_val: 0.7600 time: 0.0718s
Epoch: 0024 loss_train: 0.5258 acc_train: 0.9500 loss_val: 0.7781 acc_val: 0.7620 time: 0.0701s
Epoch: 0025 loss_train: 0.5249 acc_train: 0.9333 loss_val: 0.7642 acc_val: 0.7560 time: 0.0696s
Epoch: 0026 loss_train: 0.4954 acc_train: 0.9333 loss_val: 0.7511 acc_val: 0.7560 time: 0.0723s
Epoch: 0027 loss_train: 0.4911 acc_train: 0.8833 loss_val: 0.7387 acc_val: 0.7580 time: 0.0709s
Epoch: 0028 loss_train: 0.4598 acc_train: 0.9333 loss_val: 0.7272 acc_val: 0.7560 time: 0.0708s
Epoch: 0029 loss_train: 0.3870 acc_train: 0.9833 loss_val: 0.7165 acc_val: 0.7560 time: 0.0719s
Epoch: 0030 loss_train: 0.3716 acc_train: 0.9333 loss_val: 0.7047 acc_val: 0.7560 time: 0.0704s
Epoch: 0031 loss_train: 0.3328 acc_train: 0.9833 loss_val: 0.6922 acc_val: 0.7600 time: 0.0712s
Epoch: 0032 loss_train: 0.4256 acc_train: 0.9667 loss_val: 0.6796 acc_val: 0.7640 time: 0.0726s
Epoch: 0033 loss_train: 0.3573 acc_train: 1.0000 loss_val: 0.6689 acc_val: 0.7700 time: 0.0718s
Epoch: 0034 loss_train: 0.3005 acc_train: 0.9833 loss_val: 0.6597 acc_val: 0.7740 time: 0.0703s
Epoch: 0035 loss_train: 0.2665 acc_train: 0.9667 loss_val: 0.6523 acc_val: 0.7720 time: 0.0723s
Epoch: 0036 loss_train: 0.2833 acc_train: 0.9833 loss_val: 0.6456 acc_val: 0.7760 time: 0.0730s
Epoch: 0037 loss_train: 0.2312 acc_train: 0.9833 loss_val: 0.6396 acc_val: 0.7780 time: 0.0722s
Epoch: 0038 loss_train: 0.2631 acc_train: 0.9667 loss_val: 0.6339 acc_val: 0.7780 time: 0.0724s
Epoch: 0039 loss_train: 0.2075 acc_train: 0.9833 loss_val: 0.6289 acc_val: 0.7760 time: 0.0712s
Epoch: 0040 loss_train: 0.2486 acc_train: 0.9333 loss_val: 0.6266 acc_val: 0.7740 time: 0.0712s
Epoch: 0041 loss_train: 0.2184 acc_train: 0.9500 loss_val: 0.6249 acc_val: 0.7680 time: 0.0720s
Epoch: 0042 loss_train: 0.1899 acc_train: 1.0000 loss_val: 0.6226 acc_val: 0.7700 time: 0.0721s
Epoch: 0043 loss_train: 0.2015 acc_train: 0.9667 loss_val: 0.6201 acc_val: 0.7720 time: 0.0725s
Epoch: 0044 loss_train: 0.2156 acc_train: 0.9833 loss_val: 0.6176 acc_val: 0.7720 time: 0.0730s
Epoch: 0045 loss_train: 0.1839 acc_train: 0.9667 loss_val: 0.6157 acc_val: 0.7700 time: 0.0712s
Epoch: 0046 loss_train: 0.1607 acc_train: 0.9667 loss_val: 0.6128 acc_val: 0.7720 time: 0.0717s
Epoch: 0047 loss_train: 0.1730 acc_train: 0.9833 loss_val: 0.6107 acc_val: 0.7680 time: 0.0730s
Epoch: 0048 loss_train: 0.1316 acc_train: 0.9833 loss_val: 0.6093 acc_val: 0.7680 time: 0.0723s
Epoch: 0049 loss_train: 0.1523 acc_train: 0.9833 loss_val: 0.6081 acc_val: 0.7660 time: 0.0732s
Epoch: 0050 loss_train: 0.1674 acc_train: 0.9833 loss_val: 0.6083 acc_val: 0.7640 time: 0.0731s
Epoch: 0051 loss_train: 0.1567 acc_train: 1.0000 loss_val: 0.6087 acc_val: 0.7640 time: 0.0720s
Epoch: 0052 loss_train: 0.1580 acc_train: 0.9833 loss_val: 0.6096 acc_val: 0.7640 time: 0.0741s
Epoch: 0053 loss_train: 0.1431 acc_train: 1.0000 loss_val: 0.6101 acc_val: 0.7640 time: 0.0730s
Epoch: 0054 loss_train: 0.1558 acc_train: 1.0000 loss_val: 0.6104 acc_val: 0.7660 time: 0.0746s
Epoch: 0055 loss_train: 0.1377 acc_train: 1.0000 loss_val: 0.6112 acc_val: 0.7660 time: 0.0735s
Epoch: 0056 loss_train: 0.1542 acc_train: 1.0000 loss_val: 0.6110 acc_val: 0.7660 time: 0.0752s
Epoch: 0057 loss_train: 0.1550 acc_train: 0.9833 loss_val: 0.6095 acc_val: 0.7660 time: 0.0740s
Epoch: 0058 loss_train: 0.1396 acc_train: 0.9833 loss_val: 0.6057 acc_val: 0.7660 time: 0.0726s
Epoch: 0059 loss_train: 0.1710 acc_train: 0.9833 loss_val: 0.6039 acc_val: 0.7580 time: 0.0723s
Epoch: 0060 loss_train: 0.1418 acc_train: 1.0000 loss_val: 0.6039 acc_val: 0.7580 time: 0.0715s
Epoch: 0061 loss_train: 0.1307 acc_train: 1.0000 loss_val: 0.6034 acc_val: 0.7600 time: 0.0732s
Epoch: 0062 loss_train: 0.0981 acc_train: 1.0000 loss_val: 0.6028 acc_val: 0.7660 time: 0.0732s
Epoch: 0063 loss_train: 0.1503 acc_train: 0.9833 loss_val: 0.6026 acc_val: 0.7700 time: 0.0728s
Epoch: 0064 loss_train: 0.1490 acc_train: 1.0000 loss_val: 0.6020 acc_val: 0.7720 time: 0.0724s
Epoch: 0065 loss_train: 0.1271 acc_train: 1.0000 loss_val: 0.6013 acc_val: 0.7680 time: 0.0715s
Epoch: 0066 loss_train: 0.1012 acc_train: 1.0000 loss_val: 0.6009 acc_val: 0.7760 time: 0.0717s
Epoch: 0067 loss_train: 0.1298 acc_train: 1.0000 loss_val: 0.6009 acc_val: 0.7720 time: 0.0707s
Epoch: 0068 loss_train: 0.1291 acc_train: 1.0000 loss_val: 0.6004 acc_val: 0.7740 time: 0.0729s
Epoch: 0069 loss_train: 0.0852 acc_train: 1.0000 loss_val: 0.6010 acc_val: 0.7760 time: 0.0717s
Epoch: 0070 loss_train: 0.1023 acc_train: 0.9833 loss_val: 0.6023 acc_val: 0.7740 time: 0.0731s
Epoch: 0071 loss_train: 0.1331 acc_train: 0.9833 loss_val: 0.6030 acc_val: 0.7760 time: 0.0748s
Epoch: 0072 loss_train: 0.1080 acc_train: 1.0000 loss_val: 0.6028 acc_val: 0.7780 time: 0.0737s
Epoch: 0073 loss_train: 0.1339 acc_train: 1.0000 loss_val: 0.6025 acc_val: 0.7740 time: 0.0734s
Epoch: 0074 loss_train: 0.1085 acc_train: 1.0000 loss_val: 0.6025 acc_val: 0.7800 time: 0.0743s
Epoch: 0075 loss_train: 0.1169 acc_train: 0.9833 loss_val: 0.6040 acc_val: 0.7800 time: 0.0742s
Epoch: 0076 loss_train: 0.1081 acc_train: 1.0000 loss_val: 0.6055 acc_val: 0.7760 time: 0.0719s
Epoch: 0077 loss_train: 0.1185 acc_train: 1.0000 loss_val: 0.6079 acc_val: 0.7720 time: 0.0726s
Epoch: 0078 loss_train: 0.1281 acc_train: 0.9833 loss_val: 0.6096 acc_val: 0.7740 time: 0.0733s
Epoch: 0079 loss_train: 0.1031 acc_train: 1.0000 loss_val: 0.6104 acc_val: 0.7740 time: 0.0738s
Epoch: 0080 loss_train: 0.1242 acc_train: 0.9833 loss_val: 0.6119 acc_val: 0.7740 time: 0.0754s
Epoch: 0081 loss_train: 0.0792 acc_train: 1.0000 loss_val: 0.6129 acc_val: 0.7700 time: 0.0713s
Epoch: 0082 loss_train: 0.0862 acc_train: 1.0000 loss_val: 0.6144 acc_val: 0.7640 time: 0.0734s
Epoch: 0083 loss_train: 0.0956 acc_train: 0.9833 loss_val: 0.6138 acc_val: 0.7620 time: 0.0739s
Epoch: 0084 loss_train: 0.1286 acc_train: 1.0000 loss_val: 0.6115 acc_val: 0.7600 time: 0.0729s
Epoch: 0085 loss_train: 0.1012 acc_train: 1.0000 loss_val: 0.6083 acc_val: 0.7620 time: 0.0722s
Epoch: 0086 loss_train: 0.1154 acc_train: 0.9833 loss_val: 0.6074 acc_val: 0.7600 time: 0.0719s
Epoch: 0087 loss_train: 0.0898 acc_train: 1.0000 loss_val: 0.6059 acc_val: 0.7640 time: 0.0727s
Epoch: 0088 loss_train: 0.1001 acc_train: 0.9667 loss_val: 0.6044 acc_val: 0.7640 time: 0.0729s
Epoch: 0089 loss_train: 0.0975 acc_train: 1.0000 loss_val: 0.6035 acc_val: 0.7620 time: 0.0740s
Epoch: 0090 loss_train: 0.1041 acc_train: 0.9833 loss_val: 0.6040 acc_val: 0.7700 time: 0.0724s
Epoch: 0091 loss_train: 0.0957 acc_train: 0.9833 loss_val: 0.6053 acc_val: 0.7700 time: 0.0726s
Epoch: 0092 loss_train: 0.0989 acc_train: 1.0000 loss_val: 0.6048 acc_val: 0.7720 time: 0.0722s
Epoch: 0093 loss_train: 0.0844 acc_train: 1.0000 loss_val: 0.6050 acc_val: 0.7640 time: 0.0752s
Epoch: 0094 loss_train: 0.0978 acc_train: 1.0000 loss_val: 0.6055 acc_val: 0.7660 time: 0.0703s
Epoch: 0095 loss_train: 0.0720 acc_train: 1.0000 loss_val: 0.6072 acc_val: 0.7580 time: 0.0725s
Epoch: 0096 loss_train: 0.1189 acc_train: 1.0000 loss_val: 0.6062 acc_val: 0.7540 time: 0.0732s
Epoch: 0097 loss_train: 0.0757 acc_train: 1.0000 loss_val: 0.6023 acc_val: 0.7620 time: 0.0741s
Epoch: 0098 loss_train: 0.0931 acc_train: 1.0000 loss_val: 0.5973 acc_val: 0.7700 time: 0.0774s
Epoch: 0099 loss_train: 0.0970 acc_train: 1.0000 loss_val: 0.5937 acc_val: 0.7700 time: 0.0732s
Epoch: 0100 loss_train: 0.0801 acc_train: 1.0000 loss_val: 0.5917 acc_val: 0.7700 time: 0.0721s
Epoch: 0101 loss_train: 0.1572 acc_train: 0.9667 loss_val: 0.5909 acc_val: 0.7680 time: 0.0729s
Epoch: 0102 loss_train: 0.1235 acc_train: 0.9833 loss_val: 0.5921 acc_val: 0.7620 time: 0.0763s
Epoch: 0103 loss_train: 0.0979 acc_train: 0.9833 loss_val: 0.5924 acc_val: 0.7620 time: 0.0720s
Epoch: 0104 loss_train: 0.0902 acc_train: 0.9833 loss_val: 0.5910 acc_val: 0.7580 time: 0.0713s
Epoch: 0105 loss_train: 0.1134 acc_train: 1.0000 loss_val: 0.5885 acc_val: 0.7540 time: 0.0725s
Epoch: 0106 loss_train: 0.1050 acc_train: 1.0000 loss_val: 0.5878 acc_val: 0.7680 time: 0.0733s
Epoch: 0107 loss_train: 0.0907 acc_train: 1.0000 loss_val: 0.5914 acc_val: 0.7720 time: 0.0710s
Epoch: 0108 loss_train: 0.1020 acc_train: 1.0000 loss_val: 0.5969 acc_val: 0.7720 time: 0.0722s
Epoch: 0109 loss_train: 0.0749 acc_train: 1.0000 loss_val: 0.6028 acc_val: 0.7660 time: 0.0741s
Epoch: 0110 loss_train: 0.0751 acc_train: 1.0000 loss_val: 0.6057 acc_val: 0.7600 time: 0.0712s
Epoch: 0111 loss_train: 0.1085 acc_train: 1.0000 loss_val: 0.6095 acc_val: 0.7560 time: 0.0733s
Epoch: 0112 loss_train: 0.0979 acc_train: 0.9833 loss_val: 0.6115 acc_val: 0.7480 time: 0.0725s
Epoch: 0113 loss_train: 0.0608 acc_train: 1.0000 loss_val: 0.6102 acc_val: 0.7620 time: 0.0723s
Epoch: 0114 loss_train: 0.1011 acc_train: 1.0000 loss_val: 0.6052 acc_val: 0.7680 time: 0.0716s
Epoch: 0115 loss_train: 0.1085 acc_train: 0.9833 loss_val: 0.5976 acc_val: 0.7780 time: 0.0718s
Epoch: 0116 loss_train: 0.0838 acc_train: 1.0000 loss_val: 0.5915 acc_val: 0.7700 time: 0.0752s
Epoch: 0117 loss_train: 0.0896 acc_train: 0.9833 loss_val: 0.5881 acc_val: 0.7700 time: 0.0721s
Epoch: 0118 loss_train: 0.0989 acc_train: 1.0000 loss_val: 0.5866 acc_val: 0.7660 time: 0.0722s
Epoch: 0119 loss_train: 0.0821 acc_train: 1.0000 loss_val: 0.5858 acc_val: 0.7680 time: 0.0729s
Epoch: 0120 loss_train: 0.1004 acc_train: 1.0000 loss_val: 0.5860 acc_val: 0.7720 time: 0.0721s
Epoch: 0121 loss_train: 0.1058 acc_train: 0.9667 loss_val: 0.5884 acc_val: 0.7740 time: 0.0731s
Epoch: 0122 loss_train: 0.0784 acc_train: 1.0000 loss_val: 0.5930 acc_val: 0.7720 time: 0.0733s
Epoch: 0123 loss_train: 0.0817 acc_train: 1.0000 loss_val: 0.5975 acc_val: 0.7660 time: 0.0717s
Epoch: 0124 loss_train: 0.0991 acc_train: 1.0000 loss_val: 0.6003 acc_val: 0.7640 time: 0.0720s
Epoch: 0125 loss_train: 0.0934 acc_train: 1.0000 loss_val: 0.6007 acc_val: 0.7640 time: 0.0724s
Epoch: 0126 loss_train: 0.0755 acc_train: 1.0000 loss_val: 0.5987 acc_val: 0.7640 time: 0.0720s
Epoch: 0127 loss_train: 0.0888 acc_train: 1.0000 loss_val: 0.5952 acc_val: 0.7700 time: 0.0713s
Epoch: 0128 loss_train: 0.0797 acc_train: 1.0000 loss_val: 0.5927 acc_val: 0.7680 time: 0.0726s
Epoch: 0129 loss_train: 0.1219 acc_train: 0.9667 loss_val: 0.5896 acc_val: 0.7720 time: 0.0719s
Epoch: 0130 loss_train: 0.0698 acc_train: 1.0000 loss_val: 0.5859 acc_val: 0.7780 time: 0.0721s
Epoch: 0131 loss_train: 0.1047 acc_train: 0.9833 loss_val: 0.5832 acc_val: 0.7780 time: 0.0746s
Epoch: 0132 loss_train: 0.1019 acc_train: 1.0000 loss_val: 0.5810 acc_val: 0.7660 time: 0.0733s
Epoch: 0133 loss_train: 0.1192 acc_train: 1.0000 loss_val: 0.5797 acc_val: 0.7640 time: 0.0709s
Epoch: 0134 loss_train: 0.0944 acc_train: 0.9833 loss_val: 0.5800 acc_val: 0.7640 time: 0.0720s
Epoch: 0135 loss_train: 0.0788 acc_train: 1.0000 loss_val: 0.5809 acc_val: 0.7720 time: 0.0709s
Epoch: 0136 loss_train: 0.0873 acc_train: 0.9833 loss_val: 0.5838 acc_val: 0.7740 time: 0.0710s
Epoch: 0137 loss_train: 0.0688 acc_train: 1.0000 loss_val: 0.5878 acc_val: 0.7720 time: 0.0732s
Epoch: 0138 loss_train: 0.0536 acc_train: 1.0000 loss_val: 0.5937 acc_val: 0.7760 time: 0.0730s
Epoch: 0139 loss_train: 0.0473 acc_train: 1.0000 loss_val: 0.5994 acc_val: 0.7720 time: 0.0726s
Epoch: 0140 loss_train: 0.0732 acc_train: 1.0000 loss_val: 0.6019 acc_val: 0.7740 time: 0.0718s
Epoch: 0141 loss_train: 0.0944 acc_train: 1.0000 loss_val: 0.6011 acc_val: 0.7720 time: 0.0720s
Epoch: 0142 loss_train: 0.0554 acc_train: 1.0000 loss_val: 0.5973 acc_val: 0.7700 time: 0.0726s
Epoch: 0143 loss_train: 0.0859 acc_train: 0.9833 loss_val: 0.5943 acc_val: 0.7700 time: 0.0732s
Epoch: 0144 loss_train: 0.0976 acc_train: 1.0000 loss_val: 0.5915 acc_val: 0.7720 time: 0.0730s
Epoch: 0145 loss_train: 0.0733 acc_train: 1.0000 loss_val: 0.5879 acc_val: 0.7720 time: 0.0738s
Epoch: 0146 loss_train: 0.0611 acc_train: 1.0000 loss_val: 0.5852 acc_val: 0.7720 time: 0.0716s
Epoch: 0147 loss_train: 0.0837 acc_train: 0.9833 loss_val: 0.5829 acc_val: 0.7760 time: 0.0713s
Epoch: 0148 loss_train: 0.0940 acc_train: 1.0000 loss_val: 0.5834 acc_val: 0.7720 time: 0.0711s
Epoch: 0149 loss_train: 0.0953 acc_train: 1.0000 loss_val: 0.5846 acc_val: 0.7720 time: 0.0716s
Epoch: 0150 loss_train: 0.0651 acc_train: 1.0000 loss_val: 0.5861 acc_val: 0.7740 time: 0.0718s
Epoch: 0151 loss_train: 0.0619 acc_train: 1.0000 loss_val: 0.5885 acc_val: 0.7740 time: 0.0722s
Epoch: 0152 loss_train: 0.0794 acc_train: 1.0000 loss_val: 0.5898 acc_val: 0.7720 time: 0.0726s
Epoch: 0153 loss_train: 0.0704 acc_train: 1.0000 loss_val: 0.5908 acc_val: 0.7680 time: 0.0733s
Epoch: 0154 loss_train: 0.0627 acc_train: 1.0000 loss_val: 0.5914 acc_val: 0.7620 time: 0.0718s
Epoch: 0155 loss_train: 0.1104 acc_train: 0.9833 loss_val: 0.5923 acc_val: 0.7540 time: 0.0739s
Epoch: 0156 loss_train: 0.0531 acc_train: 1.0000 loss_val: 0.5939 acc_val: 0.7520 time: 0.0726s
Epoch: 0157 loss_train: 0.0590 acc_train: 1.0000 loss_val: 0.5952 acc_val: 0.7520 time: 0.0714s
Epoch: 0158 loss_train: 0.1065 acc_train: 0.9833 loss_val: 0.5976 acc_val: 0.7620 time: 0.0724s
Epoch: 0159 loss_train: 0.0619 acc_train: 1.0000 loss_val: 0.6006 acc_val: 0.7660 time: 0.0717s
Epoch: 0160 loss_train: 0.0655 acc_train: 1.0000 loss_val: 0.6034 acc_val: 0.7600 time: 0.0718s
Epoch: 0161 loss_train: 0.0735 acc_train: 1.0000 loss_val: 0.6038 acc_val: 0.7640 time: 0.0725s
Epoch: 0162 loss_train: 0.1110 acc_train: 0.9667 loss_val: 0.6028 acc_val: 0.7620 time: 0.0717s
Epoch: 0163 loss_train: 0.0804 acc_train: 0.9833 loss_val: 0.6006 acc_val: 0.7640 time: 0.0720s
Epoch: 0164 loss_train: 0.0696 acc_train: 1.0000 loss_val: 0.5972 acc_val: 0.7660 time: 0.0731s
Epoch: 0165 loss_train: 0.0686 acc_train: 1.0000 loss_val: 0.5930 acc_val: 0.7640 time: 0.0732s
Epoch: 0166 loss_train: 0.0672 acc_train: 1.0000 loss_val: 0.5913 acc_val: 0.7660 time: 0.0727s
Epoch: 0167 loss_train: 0.1140 acc_train: 0.9667 loss_val: 0.5909 acc_val: 0.7700 time: 0.0722s
Epoch: 0168 loss_train: 0.0697 acc_train: 1.0000 loss_val: 0.5909 acc_val: 0.7660 time: 0.0721s
Epoch: 0169 loss_train: 0.0805 acc_train: 1.0000 loss_val: 0.5923 acc_val: 0.7620 time: 0.0711s
Epoch: 0170 loss_train: 0.0926 acc_train: 0.9833 loss_val: 0.5996 acc_val: 0.7520 time: 0.0729s
Epoch: 0171 loss_train: 0.0767 acc_train: 1.0000 loss_val: 0.6050 acc_val: 0.7500 time: 0.0717s
Epoch: 0172 loss_train: 0.0847 acc_train: 1.0000 loss_val: 0.6044 acc_val: 0.7480 time: 0.0732s
Epoch: 0173 loss_train: 0.0462 acc_train: 1.0000 loss_val: 0.6022 acc_val: 0.7500 time: 0.0724s
Epoch: 0174 loss_train: 0.0677 acc_train: 1.0000 loss_val: 0.5978 acc_val: 0.7600 time: 0.0726s
Epoch: 0175 loss_train: 0.0854 acc_train: 1.0000 loss_val: 0.5908 acc_val: 0.7700 time: 0.0720s
Epoch: 0176 loss_train: 0.0799 acc_train: 1.0000 loss_val: 0.5864 acc_val: 0.7720 time: 0.0723s
Epoch: 0177 loss_train: 0.0722 acc_train: 1.0000 loss_val: 0.5826 acc_val: 0.7720 time: 0.0716s
Epoch: 0178 loss_train: 0.0765 acc_train: 1.0000 loss_val: 0.5822 acc_val: 0.7640 time: 0.0727s
Epoch: 0179 loss_train: 0.0861 acc_train: 0.9833 loss_val: 0.5827 acc_val: 0.7700 time: 0.0727s
Epoch: 0180 loss_train: 0.0621 acc_train: 1.0000 loss_val: 0.5833 acc_val: 0.7680 time: 0.0725s
Epoch: 0181 loss_train: 0.0457 acc_train: 1.0000 loss_val: 0.5842 acc_val: 0.7680 time: 0.0732s
Epoch: 0182 loss_train: 0.0376 acc_train: 1.0000 loss_val: 0.5850 acc_val: 0.7700 time: 0.0721s
Epoch: 0183 loss_train: 0.0796 acc_train: 0.9833 loss_val: 0.5873 acc_val: 0.7660 time: 0.0715s
Epoch: 0184 loss_train: 0.0871 acc_train: 1.0000 loss_val: 0.5907 acc_val: 0.7660 time: 0.0720s
Epoch: 0185 loss_train: 0.0781 acc_train: 1.0000 loss_val: 0.5957 acc_val: 0.7600 time: 0.0834s
Epoch: 0186 loss_train: 0.0760 acc_train: 0.9667 loss_val: 0.6004 acc_val: 0.7540 time: 0.1008s
Epoch: 0187 loss_train: 0.0596 acc_train: 1.0000 loss_val: 0.6067 acc_val: 0.7500 time: 0.0891s
Epoch: 0188 loss_train: 0.0645 acc_train: 1.0000 loss_val: 0.6076 acc_val: 0.7560 time: 0.0720s
Epoch: 0189 loss_train: 0.0673 acc_train: 1.0000 loss_val: 0.6074 acc_val: 0.7620 time: 0.0753s
Epoch: 0190 loss_train: 0.0753 acc_train: 0.9833 loss_val: 0.6044 acc_val: 0.7680 time: 0.0732s
Epoch: 0191 loss_train: 0.0785 acc_train: 1.0000 loss_val: 0.6011 acc_val: 0.7760 time: 0.0722s
Epoch: 0192 loss_train: 0.0953 acc_train: 1.0000 loss_val: 0.5967 acc_val: 0.7700 time: 0.0721s
Epoch: 0193 loss_train: 0.0900 acc_train: 0.9667 loss_val: 0.5926 acc_val: 0.7720 time: 0.0731s
Epoch: 0194 loss_train: 0.0695 acc_train: 1.0000 loss_val: 0.5888 acc_val: 0.7640 time: 0.0729s
Epoch: 0195 loss_train: 0.0608 acc_train: 1.0000 loss_val: 0.5853 acc_val: 0.7660 time: 0.0729s
Epoch: 0196 loss_train: 0.0598 acc_train: 1.0000 loss_val: 0.5824 acc_val: 0.7660 time: 0.0726s
Epoch: 0197 loss_train: 0.0713 acc_train: 0.9833 loss_val: 0.5794 acc_val: 0.7620 time: 0.0722s
Epoch: 0198 loss_train: 0.0653 acc_train: 1.0000 loss_val: 0.5778 acc_val: 0.7660 time: 0.0723s
Epoch: 0199 loss_train: 0.0735 acc_train: 1.0000 loss_val: 0.5789 acc_val: 0.7720 time: 0.0726s
Epoch: 0200 loss_train: 0.0476 acc_train: 1.0000 loss_val: 0.5840 acc_val: 0.7720 time: 0.0725s
Optimization Finished on pubmed!
Model: chebynet
2 layers ChebyNet with 2-th order Chebyshev Polynomial
Total time elapsed: 14.7809s
Test set results: loss= 0.5737 accuracy= 0.7610
