  NumNodes: 3327
  NumEdges: 9228
  NumFeats: 3703
  NumClasses: 6
  NumTrainingSamples: 120
  NumValidationSamples: 500
  NumTestSamples: 1000
Done loading data from cached files.
Epoch: 0001 loss_train: 1.7927 acc_train: 0.1667 loss_val: 1.7897 acc_val: 0.1700 time: 0.1382s
Epoch: 0002 loss_train: 1.7887 acc_train: 0.1667 loss_val: 1.7871 acc_val: 0.1700 time: 0.1080s
Epoch: 0003 loss_train: 1.7784 acc_train: 0.1667 loss_val: 1.7827 acc_val: 0.1700 time: 0.1057s
Epoch: 0004 loss_train: 1.7637 acc_train: 0.2250 loss_val: 1.7773 acc_val: 0.1820 time: 0.1021s
Epoch: 0005 loss_train: 1.7500 acc_train: 0.4917 loss_val: 1.7702 acc_val: 0.3060 time: 0.1029s
Epoch: 0006 loss_train: 1.7309 acc_train: 0.5917 loss_val: 1.7612 acc_val: 0.5100 time: 0.1036s
Epoch: 0007 loss_train: 1.7068 acc_train: 0.7583 loss_val: 1.7500 acc_val: 0.6140 time: 0.1020s
Epoch: 0008 loss_train: 1.6767 acc_train: 0.8417 loss_val: 1.7368 acc_val: 0.6340 time: 0.1043s
Epoch: 0009 loss_train: 1.6326 acc_train: 0.9083 loss_val: 1.7215 acc_val: 0.6400 time: 0.1031s
Epoch: 0010 loss_train: 1.6224 acc_train: 0.8250 loss_val: 1.7043 acc_val: 0.6420 time: 0.1022s
Epoch: 0011 loss_train: 1.5717 acc_train: 0.8667 loss_val: 1.6844 acc_val: 0.6360 time: 0.1034s
Epoch: 0012 loss_train: 1.5278 acc_train: 0.8750 loss_val: 1.6623 acc_val: 0.6240 time: 0.1020s
Epoch: 0013 loss_train: 1.4645 acc_train: 0.8667 loss_val: 1.6381 acc_val: 0.6280 time: 0.1014s
Epoch: 0014 loss_train: 1.4376 acc_train: 0.8167 loss_val: 1.6125 acc_val: 0.6300 time: 0.1016s
Epoch: 0015 loss_train: 1.3697 acc_train: 0.8417 loss_val: 1.5860 acc_val: 0.6320 time: 0.1011s
Epoch: 0016 loss_train: 1.3001 acc_train: 0.9083 loss_val: 1.5578 acc_val: 0.6400 time: 0.1027s
Epoch: 0017 loss_train: 1.2745 acc_train: 0.8750 loss_val: 1.5282 acc_val: 0.6400 time: 0.1034s
Epoch: 0018 loss_train: 1.1743 acc_train: 0.9000 loss_val: 1.4971 acc_val: 0.6480 time: 0.1028s
Epoch: 0019 loss_train: 1.1537 acc_train: 0.9000 loss_val: 1.4650 acc_val: 0.6480 time: 0.1019s
Epoch: 0020 loss_train: 1.0893 acc_train: 0.8833 loss_val: 1.4325 acc_val: 0.6560 time: 0.1042s
Epoch: 0021 loss_train: 0.9975 acc_train: 0.9333 loss_val: 1.4009 acc_val: 0.6580 time: 0.1032s
Epoch: 0022 loss_train: 0.9131 acc_train: 0.9417 loss_val: 1.3696 acc_val: 0.6540 time: 0.1023s
Epoch: 0023 loss_train: 0.8775 acc_train: 0.9333 loss_val: 1.3386 acc_val: 0.6500 time: 0.1027s
Epoch: 0024 loss_train: 0.8256 acc_train: 0.9417 loss_val: 1.3084 acc_val: 0.6500 time: 0.1019s
Epoch: 0025 loss_train: 0.7750 acc_train: 0.9250 loss_val: 1.2792 acc_val: 0.6600 time: 0.1014s
Epoch: 0026 loss_train: 0.7155 acc_train: 0.9500 loss_val: 1.2521 acc_val: 0.6620 time: 0.1018s
Epoch: 0027 loss_train: 0.7080 acc_train: 0.9500 loss_val: 1.2263 acc_val: 0.6620 time: 0.1015s
Epoch: 0028 loss_train: 0.6482 acc_train: 0.9167 loss_val: 1.2036 acc_val: 0.6640 time: 0.1019s
Epoch: 0029 loss_train: 0.6303 acc_train: 0.9333 loss_val: 1.1832 acc_val: 0.6640 time: 0.1079s
Epoch: 0030 loss_train: 0.5373 acc_train: 0.9750 loss_val: 1.1639 acc_val: 0.6680 time: 0.1051s
Epoch: 0031 loss_train: 0.5155 acc_train: 0.9667 loss_val: 1.1475 acc_val: 0.6660 time: 0.1061s
Epoch: 0032 loss_train: 0.4684 acc_train: 0.9833 loss_val: 1.1328 acc_val: 0.6580 time: 0.1066s
Epoch: 0033 loss_train: 0.4972 acc_train: 0.9667 loss_val: 1.1186 acc_val: 0.6620 time: 0.1030s
Epoch: 0034 loss_train: 0.4535 acc_train: 0.9417 loss_val: 1.1056 acc_val: 0.6580 time: 0.1113s
Epoch: 0035 loss_train: 0.4534 acc_train: 0.9583 loss_val: 1.0923 acc_val: 0.6600 time: 0.1023s
Epoch: 0036 loss_train: 0.3509 acc_train: 0.9833 loss_val: 1.0814 acc_val: 0.6600 time: 0.1021s
Epoch: 0037 loss_train: 0.3712 acc_train: 0.9917 loss_val: 1.0698 acc_val: 0.6680 time: 0.1039s
Epoch: 0038 loss_train: 0.3771 acc_train: 0.9750 loss_val: 1.0601 acc_val: 0.6700 time: 0.1010s
Epoch: 0039 loss_train: 0.3425 acc_train: 0.9917 loss_val: 1.0519 acc_val: 0.6720 time: 0.1011s
Epoch: 0040 loss_train: 0.3456 acc_train: 0.9917 loss_val: 1.0457 acc_val: 0.6720 time: 0.1020s
Epoch: 0041 loss_train: 0.3343 acc_train: 0.9917 loss_val: 1.0398 acc_val: 0.6720 time: 0.1163s
Epoch: 0042 loss_train: 0.2742 acc_train: 1.0000 loss_val: 1.0335 acc_val: 0.6660 time: 0.1037s
Epoch: 0043 loss_train: 0.3026 acc_train: 0.9667 loss_val: 1.0267 acc_val: 0.6740 time: 0.1032s
Epoch: 0044 loss_train: 0.3223 acc_train: 0.9750 loss_val: 1.0181 acc_val: 0.6780 time: 0.1049s
Epoch: 0045 loss_train: 0.2915 acc_train: 0.9833 loss_val: 1.0096 acc_val: 0.6820 time: 0.1313s
Epoch: 0046 loss_train: 0.2761 acc_train: 0.9917 loss_val: 1.0032 acc_val: 0.6800 time: 0.1142s
Epoch: 0047 loss_train: 0.2662 acc_train: 0.9917 loss_val: 0.9982 acc_val: 0.6760 time: 0.1011s
Epoch: 0048 loss_train: 0.2610 acc_train: 0.9833 loss_val: 0.9941 acc_val: 0.6760 time: 0.1016s
Epoch: 0049 loss_train: 0.2423 acc_train: 0.9917 loss_val: 0.9914 acc_val: 0.6760 time: 0.1139s
Epoch: 0050 loss_train: 0.2673 acc_train: 0.9917 loss_val: 0.9891 acc_val: 0.6760 time: 0.1048s
Epoch: 0051 loss_train: 0.2330 acc_train: 0.9917 loss_val: 0.9875 acc_val: 0.6840 time: 0.1016s
Epoch: 0052 loss_train: 0.2547 acc_train: 0.9917 loss_val: 0.9876 acc_val: 0.6840 time: 0.1012s
Epoch: 0053 loss_train: 0.2449 acc_train: 0.9750 loss_val: 0.9872 acc_val: 0.6780 time: 0.1008s
Epoch: 0054 loss_train: 0.2476 acc_train: 0.9750 loss_val: 0.9848 acc_val: 0.6800 time: 0.1019s
Epoch: 0055 loss_train: 0.2312 acc_train: 0.9917 loss_val: 0.9801 acc_val: 0.6800 time: 0.1010s
Epoch: 0056 loss_train: 0.2353 acc_train: 0.9917 loss_val: 0.9755 acc_val: 0.6820 time: 0.1024s
Epoch: 0057 loss_train: 0.2301 acc_train: 0.9917 loss_val: 0.9705 acc_val: 0.6840 time: 0.1024s
Epoch: 0058 loss_train: 0.2301 acc_train: 0.9917 loss_val: 0.9669 acc_val: 0.6880 time: 0.1042s
Epoch: 0059 loss_train: 0.2127 acc_train: 1.0000 loss_val: 0.9629 acc_val: 0.6880 time: 0.1025s
Epoch: 0060 loss_train: 0.1845 acc_train: 1.0000 loss_val: 0.9604 acc_val: 0.6880 time: 0.1023s
Epoch: 0061 loss_train: 0.2322 acc_train: 0.9750 loss_val: 0.9598 acc_val: 0.6860 time: 0.1020s
Epoch: 0062 loss_train: 0.2088 acc_train: 0.9750 loss_val: 0.9611 acc_val: 0.6860 time: 0.1019s
Epoch: 0063 loss_train: 0.1843 acc_train: 1.0000 loss_val: 0.9633 acc_val: 0.6880 time: 0.1011s
Epoch: 0064 loss_train: 0.2274 acc_train: 1.0000 loss_val: 0.9659 acc_val: 0.6820 time: 0.1003s
Epoch: 0065 loss_train: 0.2113 acc_train: 0.9833 loss_val: 0.9682 acc_val: 0.6840 time: 0.1004s
Epoch: 0066 loss_train: 0.1930 acc_train: 1.0000 loss_val: 0.9666 acc_val: 0.6860 time: 0.1016s
Epoch: 0067 loss_train: 0.1840 acc_train: 1.0000 loss_val: 0.9642 acc_val: 0.6920 time: 0.0995s
Epoch: 0068 loss_train: 0.2074 acc_train: 0.9833 loss_val: 0.9597 acc_val: 0.6860 time: 0.1018s
Epoch: 0069 loss_train: 0.1523 acc_train: 1.0000 loss_val: 0.9577 acc_val: 0.6860 time: 0.1009s
Epoch: 0070 loss_train: 0.2028 acc_train: 0.9917 loss_val: 0.9594 acc_val: 0.6860 time: 0.1011s
Epoch: 0071 loss_train: 0.1919 acc_train: 0.9917 loss_val: 0.9569 acc_val: 0.6880 time: 0.1022s
Epoch: 0072 loss_train: 0.1871 acc_train: 0.9917 loss_val: 0.9528 acc_val: 0.6900 time: 0.1017s
Epoch: 0073 loss_train: 0.2073 acc_train: 0.9917 loss_val: 0.9508 acc_val: 0.6940 time: 0.1003s
Epoch: 0074 loss_train: 0.1736 acc_train: 0.9833 loss_val: 0.9503 acc_val: 0.6940 time: 0.1017s
Epoch: 0075 loss_train: 0.1537 acc_train: 1.0000 loss_val: 0.9496 acc_val: 0.6940 time: 0.1014s
Epoch: 0076 loss_train: 0.1834 acc_train: 1.0000 loss_val: 0.9493 acc_val: 0.6880 time: 0.1014s
Epoch: 0077 loss_train: 0.1892 acc_train: 1.0000 loss_val: 0.9479 acc_val: 0.6940 time: 0.1025s
Epoch: 0078 loss_train: 0.1797 acc_train: 0.9833 loss_val: 0.9474 acc_val: 0.6940 time: 0.1027s
Epoch: 0079 loss_train: 0.1637 acc_train: 1.0000 loss_val: 0.9457 acc_val: 0.6960 time: 0.1130s
Epoch: 0080 loss_train: 0.1924 acc_train: 1.0000 loss_val: 0.9431 acc_val: 0.6980 time: 0.1015s
Epoch: 0081 loss_train: 0.1601 acc_train: 0.9917 loss_val: 0.9404 acc_val: 0.7000 time: 0.1006s
Epoch: 0082 loss_train: 0.1639 acc_train: 0.9917 loss_val: 0.9393 acc_val: 0.7000 time: 0.1032s
Epoch: 0083 loss_train: 0.1594 acc_train: 1.0000 loss_val: 0.9380 acc_val: 0.7000 time: 0.1019s
Epoch: 0084 loss_train: 0.1834 acc_train: 1.0000 loss_val: 0.9353 acc_val: 0.7020 time: 0.1013s
Epoch: 0085 loss_train: 0.1443 acc_train: 1.0000 loss_val: 0.9332 acc_val: 0.7040 time: 0.1012s
Epoch: 0086 loss_train: 0.1680 acc_train: 1.0000 loss_val: 0.9343 acc_val: 0.7040 time: 0.1006s
Epoch: 0087 loss_train: 0.1440 acc_train: 0.9917 loss_val: 0.9359 acc_val: 0.7020 time: 0.1027s
Epoch: 0088 loss_train: 0.1755 acc_train: 1.0000 loss_val: 0.9391 acc_val: 0.7040 time: 0.1060s
Epoch: 0089 loss_train: 0.1803 acc_train: 0.9750 loss_val: 0.9437 acc_val: 0.6960 time: 0.1021s
Epoch: 0090 loss_train: 0.1670 acc_train: 0.9917 loss_val: 0.9501 acc_val: 0.6860 time: 0.1006s
Epoch: 0091 loss_train: 0.1398 acc_train: 1.0000 loss_val: 0.9530 acc_val: 0.6840 time: 0.1018s
Epoch: 0092 loss_train: 0.1566 acc_train: 1.0000 loss_val: 0.9540 acc_val: 0.6860 time: 0.1005s
Epoch: 0093 loss_train: 0.1399 acc_train: 1.0000 loss_val: 0.9523 acc_val: 0.6900 time: 0.1007s
Epoch: 0094 loss_train: 0.1586 acc_train: 0.9917 loss_val: 0.9470 acc_val: 0.7000 time: 0.1012s
Epoch: 0095 loss_train: 0.1685 acc_train: 1.0000 loss_val: 0.9440 acc_val: 0.7040 time: 0.1018s
Epoch: 0096 loss_train: 0.1182 acc_train: 1.0000 loss_val: 0.9410 acc_val: 0.7040 time: 0.1013s
Epoch: 0097 loss_train: 0.1642 acc_train: 0.9917 loss_val: 0.9382 acc_val: 0.7020 time: 0.1014s
Epoch: 0098 loss_train: 0.1486 acc_train: 0.9917 loss_val: 0.9381 acc_val: 0.7040 time: 0.1025s
Epoch: 0099 loss_train: 0.1538 acc_train: 1.0000 loss_val: 0.9382 acc_val: 0.7080 time: 0.1033s
Epoch: 0100 loss_train: 0.1503 acc_train: 0.9917 loss_val: 0.9392 acc_val: 0.7040 time: 0.1006s
Epoch: 0101 loss_train: 0.1530 acc_train: 0.9833 loss_val: 0.9434 acc_val: 0.7040 time: 0.1028s
Epoch: 0102 loss_train: 0.1218 acc_train: 1.0000 loss_val: 0.9456 acc_val: 0.7040 time: 0.1038s
Epoch: 0103 loss_train: 0.1620 acc_train: 0.9917 loss_val: 0.9469 acc_val: 0.7000 time: 0.1038s
Epoch: 0104 loss_train: 0.1359 acc_train: 1.0000 loss_val: 0.9484 acc_val: 0.6980 time: 0.1031s
Epoch: 0105 loss_train: 0.1323 acc_train: 1.0000 loss_val: 0.9479 acc_val: 0.6980 time: 0.1020s
Epoch: 0106 loss_train: 0.1559 acc_train: 0.9833 loss_val: 0.9445 acc_val: 0.7040 time: 0.0998s
Epoch: 0107 loss_train: 0.1336 acc_train: 1.0000 loss_val: 0.9395 acc_val: 0.7040 time: 0.1022s
Epoch: 0108 loss_train: 0.1364 acc_train: 0.9917 loss_val: 0.9385 acc_val: 0.7060 time: 0.1008s
Epoch: 0109 loss_train: 0.1337 acc_train: 1.0000 loss_val: 0.9407 acc_val: 0.7040 time: 0.1036s
Epoch: 0110 loss_train: 0.1491 acc_train: 0.9917 loss_val: 0.9414 acc_val: 0.7020 time: 0.1003s
Epoch: 0111 loss_train: 0.1222 acc_train: 1.0000 loss_val: 0.9406 acc_val: 0.7060 time: 0.1021s
Epoch: 0112 loss_train: 0.1458 acc_train: 0.9917 loss_val: 0.9398 acc_val: 0.7080 time: 0.1028s
Epoch: 0113 loss_train: 0.1287 acc_train: 1.0000 loss_val: 0.9386 acc_val: 0.7060 time: 0.1016s
Epoch: 0114 loss_train: 0.1293 acc_train: 0.9917 loss_val: 0.9364 acc_val: 0.7040 time: 0.1031s
Epoch: 0115 loss_train: 0.1330 acc_train: 1.0000 loss_val: 0.9321 acc_val: 0.7140 time: 0.1020s
Epoch: 0116 loss_train: 0.1403 acc_train: 1.0000 loss_val: 0.9273 acc_val: 0.7120 time: 0.1030s
Epoch: 0117 loss_train: 0.1226 acc_train: 0.9917 loss_val: 0.9278 acc_val: 0.7140 time: 0.1023s
Epoch: 0118 loss_train: 0.1231 acc_train: 1.0000 loss_val: 0.9307 acc_val: 0.7120 time: 0.1005s
Epoch: 0119 loss_train: 0.1402 acc_train: 0.9833 loss_val: 0.9319 acc_val: 0.7140 time: 0.1023s
Epoch: 0120 loss_train: 0.1342 acc_train: 0.9917 loss_val: 0.9342 acc_val: 0.7100 time: 0.1017s
Epoch: 0121 loss_train: 0.1159 acc_train: 1.0000 loss_val: 0.9351 acc_val: 0.7100 time: 0.1015s
Epoch: 0122 loss_train: 0.1409 acc_train: 0.9917 loss_val: 0.9320 acc_val: 0.7100 time: 0.1012s
Epoch: 0123 loss_train: 0.1220 acc_train: 1.0000 loss_val: 0.9332 acc_val: 0.7100 time: 0.1025s
Epoch: 0124 loss_train: 0.1011 acc_train: 1.0000 loss_val: 0.9354 acc_val: 0.7060 time: 0.1037s
Epoch: 0125 loss_train: 0.1219 acc_train: 0.9917 loss_val: 0.9382 acc_val: 0.7020 time: 0.1024s
Epoch: 0126 loss_train: 0.1315 acc_train: 0.9917 loss_val: 0.9404 acc_val: 0.7040 time: 0.1023s
Epoch: 0127 loss_train: 0.1140 acc_train: 1.0000 loss_val: 0.9398 acc_val: 0.7040 time: 0.1006s
Epoch: 0128 loss_train: 0.1410 acc_train: 0.9833 loss_val: 0.9352 acc_val: 0.7060 time: 0.1009s
Epoch: 0129 loss_train: 0.1195 acc_train: 1.0000 loss_val: 0.9331 acc_val: 0.7060 time: 0.1027s
Epoch: 0130 loss_train: 0.1392 acc_train: 0.9917 loss_val: 0.9332 acc_val: 0.7120 time: 0.1030s
Epoch: 0131 loss_train: 0.1307 acc_train: 0.9917 loss_val: 0.9315 acc_val: 0.7140 time: 0.1015s
Epoch: 0132 loss_train: 0.1150 acc_train: 1.0000 loss_val: 0.9278 acc_val: 0.7140 time: 0.1009s
Epoch: 0133 loss_train: 0.1230 acc_train: 1.0000 loss_val: 0.9245 acc_val: 0.7120 time: 0.1022s
Epoch: 0134 loss_train: 0.1275 acc_train: 0.9917 loss_val: 0.9250 acc_val: 0.7140 time: 0.1026s
Epoch: 0135 loss_train: 0.1284 acc_train: 0.9917 loss_val: 0.9284 acc_val: 0.7120 time: 0.1018s
Epoch: 0136 loss_train: 0.1164 acc_train: 0.9917 loss_val: 0.9345 acc_val: 0.7060 time: 0.1041s
Epoch: 0137 loss_train: 0.1070 acc_train: 0.9917 loss_val: 0.9384 acc_val: 0.7020 time: 0.1030s
Epoch: 0138 loss_train: 0.1192 acc_train: 0.9917 loss_val: 0.9405 acc_val: 0.7000 time: 0.1016s
Epoch: 0139 loss_train: 0.1068 acc_train: 1.0000 loss_val: 0.9414 acc_val: 0.7040 time: 0.1013s
Epoch: 0140 loss_train: 0.1100 acc_train: 1.0000 loss_val: 0.9394 acc_val: 0.7080 time: 0.1023s
Epoch: 0141 loss_train: 0.1212 acc_train: 0.9833 loss_val: 0.9349 acc_val: 0.7080 time: 0.1017s
Epoch: 0142 loss_train: 0.1100 acc_train: 1.0000 loss_val: 0.9309 acc_val: 0.7080 time: 0.1016s
Epoch: 0143 loss_train: 0.1185 acc_train: 1.0000 loss_val: 0.9320 acc_val: 0.7080 time: 0.1036s
Epoch: 0144 loss_train: 0.1224 acc_train: 1.0000 loss_val: 0.9338 acc_val: 0.7060 time: 0.1023s
Epoch: 0145 loss_train: 0.1203 acc_train: 0.9833 loss_val: 0.9361 acc_val: 0.7040 time: 0.1049s
Epoch: 0146 loss_train: 0.1479 acc_train: 0.9833 loss_val: 0.9368 acc_val: 0.7040 time: 0.1039s
Epoch: 0147 loss_train: 0.1186 acc_train: 0.9917 loss_val: 0.9365 acc_val: 0.7060 time: 0.1029s
Epoch: 0148 loss_train: 0.1202 acc_train: 0.9833 loss_val: 0.9389 acc_val: 0.7060 time: 0.1023s
Epoch: 0149 loss_train: 0.1005 acc_train: 1.0000 loss_val: 0.9398 acc_val: 0.7040 time: 0.1036s
Epoch: 0150 loss_train: 0.1281 acc_train: 0.9917 loss_val: 0.9351 acc_val: 0.7080 time: 0.1015s
Epoch: 0151 loss_train: 0.1183 acc_train: 0.9917 loss_val: 0.9284 acc_val: 0.7100 time: 0.1013s
Epoch: 0152 loss_train: 0.1466 acc_train: 0.9833 loss_val: 0.9240 acc_val: 0.7100 time: 0.1034s
Epoch: 0153 loss_train: 0.1086 acc_train: 1.0000 loss_val: 0.9221 acc_val: 0.7100 time: 0.1022s
Epoch: 0154 loss_train: 0.1046 acc_train: 1.0000 loss_val: 0.9240 acc_val: 0.7100 time: 0.1026s
Epoch: 0155 loss_train: 0.1352 acc_train: 1.0000 loss_val: 0.9270 acc_val: 0.7100 time: 0.1013s
Epoch: 0156 loss_train: 0.0958 acc_train: 1.0000 loss_val: 0.9297 acc_val: 0.7120 time: 0.1017s
Epoch: 0157 loss_train: 0.1180 acc_train: 1.0000 loss_val: 0.9343 acc_val: 0.7120 time: 0.1043s
Epoch: 0158 loss_train: 0.1051 acc_train: 1.0000 loss_val: 0.9388 acc_val: 0.7120 time: 0.1050s
Epoch: 0159 loss_train: 0.1093 acc_train: 1.0000 loss_val: 0.9415 acc_val: 0.7040 time: 0.1004s
Epoch: 0160 loss_train: 0.1140 acc_train: 0.9917 loss_val: 0.9425 acc_val: 0.7080 time: 0.1008s
Epoch: 0161 loss_train: 0.1203 acc_train: 0.9917 loss_val: 0.9434 acc_val: 0.7080 time: 0.1005s
Epoch: 0162 loss_train: 0.1217 acc_train: 0.9917 loss_val: 0.9428 acc_val: 0.7060 time: 0.1010s
Epoch: 0163 loss_train: 0.1052 acc_train: 0.9917 loss_val: 0.9453 acc_val: 0.7020 time: 0.1012s
Epoch: 0164 loss_train: 0.0920 acc_train: 1.0000 loss_val: 0.9444 acc_val: 0.7060 time: 0.1016s
Epoch: 0165 loss_train: 0.1091 acc_train: 0.9833 loss_val: 0.9404 acc_val: 0.7060 time: 0.1021s
Epoch: 0166 loss_train: 0.0983 acc_train: 1.0000 loss_val: 0.9388 acc_val: 0.7040 time: 0.1036s
Epoch: 0167 loss_train: 0.0976 acc_train: 0.9917 loss_val: 0.9390 acc_val: 0.7040 time: 0.1063s
Epoch: 0168 loss_train: 0.0921 acc_train: 1.0000 loss_val: 0.9366 acc_val: 0.7100 time: 0.1013s
Epoch: 0169 loss_train: 0.0987 acc_train: 1.0000 /Users/daizuocheng/Documents/localFiles/USYD/2023 Semester 1/SCDL3991/GCN_Simulation/utils.py:171: RuntimeWarning: divide by zero encountered in power
  r_inv = np.power(rowsum, -1).flatten()
loss_val: 0.9391 acc_val: 0.7080 time: 0.1025s
Epoch: 0170 loss_train: 0.0995 acc_train: 1.0000 loss_val: 0.9453 acc_val: 0.7040 time: 0.1017s
Epoch: 0171 loss_train: 0.0859 acc_train: 1.0000 loss_val: 0.9499 acc_val: 0.6980 time: 0.1021s
Epoch: 0172 loss_train: 0.1186 acc_train: 0.9917 loss_val: 0.9517 acc_val: 0.7020 time: 0.1015s
Epoch: 0173 loss_train: 0.0946 acc_train: 1.0000 loss_val: 0.9491 acc_val: 0.7020 time: 0.1027s
Epoch: 0174 loss_train: 0.1130 acc_train: 1.0000 loss_val: 0.9464 acc_val: 0.7060 time: 0.1023s
Epoch: 0175 loss_train: 0.0998 acc_train: 0.9917 loss_val: 0.9439 acc_val: 0.7060 time: 0.1032s
Epoch: 0176 loss_train: 0.1222 acc_train: 0.9917 loss_val: 0.9388 acc_val: 0.7080 time: 0.1024s
Epoch: 0177 loss_train: 0.1063 acc_train: 1.0000 loss_val: 0.9392 acc_val: 0.7080 time: 0.1033s
Epoch: 0178 loss_train: 0.0888 acc_train: 1.0000 loss_val: 0.9365 acc_val: 0.7100 time: 0.1025s
Epoch: 0179 loss_train: 0.0881 acc_train: 1.0000 loss_val: 0.9396 acc_val: 0.7080 time: 0.1017s
Epoch: 0180 loss_train: 0.1029 acc_train: 1.0000 loss_val: 0.9464 acc_val: 0.7060 time: 0.1022s
Epoch: 0181 loss_train: 0.0897 acc_train: 1.0000 loss_val: 0.9560 acc_val: 0.7060 time: 0.1035s
Epoch: 0182 loss_train: 0.0963 acc_train: 0.9917 loss_val: 0.9616 acc_val: 0.6980 time: 0.1035s
Epoch: 0183 loss_train: 0.0969 acc_train: 0.9917 loss_val: 0.9632 acc_val: 0.6980 time: 0.1032s
Epoch: 0184 loss_train: 0.0927 acc_train: 1.0000 loss_val: 0.9641 acc_val: 0.6980 time: 0.1061s
Epoch: 0185 loss_train: 0.1126 acc_train: 0.9917 loss_val: 0.9603 acc_val: 0.6980 time: 0.1043s
Epoch: 0186 loss_train: 0.1039 acc_train: 0.9917 loss_val: 0.9531 acc_val: 0.7020 time: 0.1032s
Epoch: 0187 loss_train: 0.1049 acc_train: 1.0000 loss_val: 0.9507 acc_val: 0.7020 time: 0.1019s
Epoch: 0188 loss_train: 0.0914 acc_train: 0.9917 loss_val: 0.9486 acc_val: 0.7040 time: 0.1013s
Epoch: 0189 loss_train: 0.0922 acc_train: 1.0000 loss_val: 0.9491 acc_val: 0.7040 time: 0.1035s
Epoch: 0190 loss_train: 0.0955 acc_train: 1.0000 loss_val: 0.9510 acc_val: 0.7080 time: 0.1006s
Epoch: 0191 loss_train: 0.1047 acc_train: 1.0000 loss_val: 0.9531 acc_val: 0.7040 time: 0.1002s
Epoch: 0192 loss_train: 0.1012 acc_train: 1.0000 loss_val: 0.9533 acc_val: 0.7040 time: 0.1002s
Epoch: 0193 loss_train: 0.0953 acc_train: 1.0000 loss_val: 0.9538 acc_val: 0.7000 time: 0.1040s
Epoch: 0194 loss_train: 0.0998 acc_train: 0.9833 loss_val: 0.9530 acc_val: 0.7020 time: 0.1024s
Epoch: 0195 loss_train: 0.1272 acc_train: 1.0000 loss_val: 0.9503 acc_val: 0.7020 time: 0.1003s
Epoch: 0196 loss_train: 0.0760 acc_train: 1.0000 loss_val: 0.9473 acc_val: 0.7040 time: 0.1035s
Epoch: 0197 loss_train: 0.0951 acc_train: 1.0000 loss_val: 0.9435 acc_val: 0.7100 time: 0.1011s
Epoch: 0198 loss_train: 0.0788 acc_train: 1.0000 loss_val: 0.9411 acc_val: 0.7100 time: 0.1023s
Epoch: 0199 loss_train: 0.1046 acc_train: 1.0000 loss_val: 0.9412 acc_val: 0.7100 time: 0.1011s
Epoch: 0200 loss_train: 0.0982 acc_train: 1.0000 loss_val: 0.9455 acc_val: 0.7060 time: 0.1019s
Optimization Finished on citeseer!
Model: chebynet
2 layers ChebyNet with 3-th order Chebyshev Polynomial
Total time elapsed: 20.8892s
Test set results: loss= 0.9369 accuracy= 0.6950
