  NumNodes: 19717
  NumEdges: 88651
  NumFeats: 500
  NumClasses: 3
  NumTrainingSamples: 60
  NumValidationSamples: 500
  NumTestSamples: 1000
Done loading data from cached files.
Epoch: 0001 loss_train: 1.1020 acc_train: 0.3333 loss_val: 1.1135 acc_val: 0.2260 time: 0.1777s
Epoch: 0002 loss_train: 1.0940 acc_train: 0.3333 loss_val: 1.1038 acc_val: 0.2260 time: 0.1294s
Epoch: 0003 loss_train: 1.0817 acc_train: 0.3333 loss_val: 1.0924 acc_val: 0.2260 time: 0.1313s
Epoch: 0004 loss_train: 1.0649 acc_train: 0.4500 loss_val: 1.0800 acc_val: 0.4320 time: 0.1291s
Epoch: 0005 loss_train: 1.0495 acc_train: 0.6167 loss_val: 1.0663 acc_val: 0.6200 time: 0.1290s
Epoch: 0006 loss_train: 1.0298 acc_train: 0.8500 loss_val: 1.0504 acc_val: 0.7220 time: 0.1302s
Epoch: 0007 loss_train: 0.9919 acc_train: 0.9833 loss_val: 1.0327 acc_val: 0.7320 time: 0.1321s
Epoch: 0008 loss_train: 0.9846 acc_train: 0.8833 loss_val: 1.0135 acc_val: 0.7280 time: 0.1279s
Epoch: 0009 loss_train: 0.9641 acc_train: 0.9000 loss_val: 0.9935 acc_val: 0.7320 time: 0.1273s
Epoch: 0010 loss_train: 0.9277 acc_train: 0.9000 loss_val: 0.9730 acc_val: 0.7280 time: 0.1291s
Epoch: 0011 loss_train: 0.8958 acc_train: 0.8833 loss_val: 0.9518 acc_val: 0.7460 time: 0.1315s
Epoch: 0012 loss_train: 0.8787 acc_train: 0.8833 loss_val: 0.9302 acc_val: 0.7540 time: 0.1297s
Epoch: 0013 loss_train: 0.8030 acc_train: 0.9333 loss_val: 0.9074 acc_val: 0.7540 time: 0.1290s
Epoch: 0014 loss_train: 0.7697 acc_train: 0.9667 loss_val: 0.8834 acc_val: 0.7580 time: 0.1294s
Epoch: 0015 loss_train: 0.7452 acc_train: 0.9500 loss_val: 0.8595 acc_val: 0.7520 time: 0.1307s
Epoch: 0016 loss_train: 0.7108 acc_train: 0.9167 loss_val: 0.8351 acc_val: 0.7500 time: 0.1304s
Epoch: 0017 loss_train: 0.6765 acc_train: 0.9500 loss_val: 0.8094 acc_val: 0.7520 time: 0.1282s
Epoch: 0018 loss_train: 0.6203 acc_train: 0.9667 loss_val: 0.7831 acc_val: 0.7580 time: 0.1302s
Epoch: 0019 loss_train: 0.5759 acc_train: 0.9167 loss_val: 0.7573 acc_val: 0.7660 time: 0.1293s
Epoch: 0020 loss_train: 0.5475 acc_train: 0.9667 loss_val: 0.7327 acc_val: 0.7620 time: 0.1320s
Epoch: 0021 loss_train: 0.5311 acc_train: 0.8833 loss_val: 0.7096 acc_val: 0.7620 time: 0.1275s
Epoch: 0022 loss_train: 0.4567 acc_train: 0.9667 loss_val: 0.6891 acc_val: 0.7580 time: 0.1298s
Epoch: 0023 loss_train: 0.4240 acc_train: 0.9500 loss_val: 0.6701 acc_val: 0.7580 time: 0.1292s
Epoch: 0024 loss_train: 0.4106 acc_train: 0.8833 loss_val: 0.6511 acc_val: 0.7600 time: 0.1299s
Epoch: 0025 loss_train: 0.3819 acc_train: 0.9000 loss_val: 0.6334 acc_val: 0.7600 time: 0.1288s
Epoch: 0026 loss_train: 0.3766 acc_train: 0.9167 loss_val: 0.6179 acc_val: 0.7620 time: 0.1315s
Epoch: 0027 loss_train: 0.2968 acc_train: 0.9500 loss_val: 0.6049 acc_val: 0.7620 time: 0.1300s
Epoch: 0028 loss_train: 0.3319 acc_train: 0.9167 loss_val: 0.5919 acc_val: 0.7620 time: 0.1286s
Epoch: 0029 loss_train: 0.2510 acc_train: 0.9667 loss_val: 0.5804 acc_val: 0.7760 time: 0.1292s
Epoch: 0030 loss_train: 0.2356 acc_train: 0.9833 loss_val: 0.5717 acc_val: 0.7800 time: 0.1295s
Epoch: 0031 loss_train: 0.2360 acc_train: 0.9333 loss_val: 0.5653 acc_val: 0.7720 time: 0.1298s
Epoch: 0032 loss_train: 0.2094 acc_train: 0.9833 loss_val: 0.5633 acc_val: 0.7640 time: 0.1314s
Epoch: 0033 loss_train: 0.2121 acc_train: 0.9667 loss_val: 0.5591 acc_val: 0.7680 time: 0.1272s
Epoch: 0034 loss_train: 0.1657 acc_train: 0.9833 loss_val: 0.5573 acc_val: 0.7720 time: 0.1295s
Epoch: 0035 loss_train: 0.1439 acc_train: 0.9833 loss_val: 0.5573 acc_val: 0.7700 time: 0.1305s
Epoch: 0036 loss_train: 0.1919 acc_train: 0.9833 loss_val: 0.5534 acc_val: 0.7720 time: 0.1291s
Epoch: 0037 loss_train: 0.1522 acc_train: 0.9500 loss_val: 0.5471 acc_val: 0.7760 time: 0.1306s
Epoch: 0038 loss_train: 0.1134 acc_train: 1.0000 loss_val: 0.5388 acc_val: 0.7840 time: 0.1301s
Epoch: 0039 loss_train: 0.1283 acc_train: 1.0000 loss_val: 0.5330 acc_val: 0.7860 time: 0.1287s
Epoch: 0040 loss_train: 0.1182 acc_train: 1.0000 loss_val: 0.5299 acc_val: 0.7900 time: 0.1274s
Epoch: 0041 loss_train: 0.1598 acc_train: 0.9667 loss_val: 0.5275 acc_val: 0.7920 time: 0.1289s
Epoch: 0042 loss_train: 0.1094 acc_train: 1.0000 loss_val: 0.5277 acc_val: 0.7880 time: 0.1313s
Epoch: 0043 loss_train: 0.1165 acc_train: 0.9833 loss_val: 0.5303 acc_val: 0.7900 time: 0.1276s
Epoch: 0044 loss_train: 0.1025 acc_train: 1.0000 loss_val: 0.5338 acc_val: 0.7880 time: 0.1301s
Epoch: 0045 loss_train: 0.0894 acc_train: 1.0000 loss_val: 0.5413 acc_val: 0.7860 time: 0.1289s
Epoch: 0046 loss_train: 0.1077 acc_train: 0.9833 loss_val: 0.5453 acc_val: 0.7840 time: 0.1295s
Epoch: 0047 loss_train: 0.1249 acc_train: 0.9833 loss_val: 0.5474 acc_val: 0.7820 time: 0.1294s
Epoch: 0048 loss_train: 0.0947 acc_train: 0.9833 loss_val: 0.5470 acc_val: 0.7800 time: 0.1293s
Epoch: 0049 loss_train: 0.0932 acc_train: 1.0000 loss_val: 0.5451 acc_val: 0.7740 time: 0.1307s
Epoch: 0050 loss_train: 0.0859 acc_train: 1.0000 loss_val: 0.5463 acc_val: 0.7760 time: 0.1296s
Epoch: 0051 loss_train: 0.0932 acc_train: 1.0000 loss_val: 0.5449 acc_val: 0.7780 time: 0.1305s
Epoch: 0052 loss_train: 0.0782 acc_train: 0.9833 loss_val: 0.5411 acc_val: 0.7820 time: 0.1285s
Epoch: 0053 loss_train: 0.0861 acc_train: 1.0000 loss_val: 0.5377 acc_val: 0.7820 time: 0.1284s
Epoch: 0054 loss_train: 0.0870 acc_train: 1.0000 loss_val: 0.5364 acc_val: 0.7820 time: 0.1296s
Epoch: 0055 loss_train: 0.0835 acc_train: 1.0000 loss_val: 0.5372 acc_val: 0.7820 time: 0.1301s
Epoch: 0056 loss_train: 0.0802 acc_train: 1.0000 loss_val: 0.5380 acc_val: 0.7820 time: 0.1292s
Epoch: 0057 loss_train: 0.0885 acc_train: 0.9833 loss_val: 0.5346 acc_val: 0.7840 time: 0.1282s
Epoch: 0058 loss_train: 0.0855 acc_train: 0.9833 loss_val: 0.5335 acc_val: 0.7860 time: 0.1276s
Epoch: 0059 loss_train: 0.0719 acc_train: 1.0000 loss_val: 0.5341 acc_val: 0.7780 time: 0.1302s
Epoch: 0060 loss_train: 0.0914 acc_train: 0.9833 loss_val: 0.5359 acc_val: 0.7780 time: 0.1320s
Epoch: 0061 loss_train: 0.0611 acc_train: 1.0000 loss_val: 0.5412 acc_val: 0.7840 time: 0.1305s
Epoch: 0062 loss_train: 0.0751 acc_train: 1.0000 loss_val: 0.5438 acc_val: 0.7780 time: 0.1301s
Epoch: 0063 loss_train: 0.0800 acc_train: 0.9833 loss_val: 0.5427 acc_val: 0.7760 time: 0.1268s
Epoch: 0064 loss_train: 0.0711 acc_train: 1.0000 loss_val: 0.5427 acc_val: 0.7780 time: 0.1301s
Epoch: 0065 loss_train: 0.0747 acc_train: 1.0000 loss_val: 0.5400 acc_val: 0.7840 time: 0.1288s
Epoch: 0066 loss_train: 0.0662 acc_train: 1.0000 loss_val: 0.5383 acc_val: 0.7840 time: 0.1287s
Epoch: 0067 loss_train: 0.0811 acc_train: 1.0000 loss_val: 0.5374 acc_val: 0.7840 time: 0.1298s
Epoch: 0068 loss_train: 0.0665 acc_train: 1.0000 loss_val: 0.5382 acc_val: 0.7840 time: 0.1285s
Epoch: 0069 loss_train: 0.0871 acc_train: 1.0000 loss_val: 0.5419 acc_val: 0.7840 time: 0.1323s
Epoch: 0070 loss_train: 0.0938 acc_train: 0.9833 loss_val: 0.5415 acc_val: 0.7840 time: 0.1294s
Epoch: 0071 loss_train: 0.0565 acc_train: 1.0000 loss_val: 0.5378 acc_val: 0.7780 time: 0.1290s
Epoch: 0072 loss_train: 0.0785 acc_train: 1.0000 loss_val: 0.5391 acc_val: 0.7780 time: 0.1290s
Epoch: 0073 loss_train: 0.0494 acc_train: 1.0000 loss_val: 0.5432 acc_val: 0.7740 time: 0.1281s
Epoch: 0074 loss_train: 0.0604 acc_train: 1.0000 loss_val: 0.5460 acc_val: 0.7720 time: 0.1284s
Epoch: 0075 loss_train: 0.0660 acc_train: 1.0000 loss_val: 0.5489 acc_val: 0.7740 time: 0.1292s
Epoch: 0076 loss_train: 0.0887 acc_train: 1.0000 loss_val: 0.5535 acc_val: 0.7780 time: 0.1302s
Epoch: 0077 loss_train: 0.0727 acc_train: 1.0000 loss_val: 0.5571 acc_val: 0.7740 time: 0.1281s
Epoch: 0078 loss_train: 0.0821 acc_train: 1.0000 loss_val: 0.5576 acc_val: 0.7760 time: 0.1296s
Epoch: 0079 loss_train: 0.0681 acc_train: 1.0000 loss_val: 0.5563 acc_val: 0.7720 time: 0.1300s
Epoch: 0080 loss_train: 0.0664 acc_train: 1.0000 loss_val: 0.5559 acc_val: 0.7680 time: 0.1308s
Epoch: 0081 loss_train: 0.0805 acc_train: 1.0000 loss_val: 0.5570 acc_val: 0.7640 time: 0.1316s
Epoch: 0082 loss_train: 0.0674 acc_train: 1.0000 loss_val: 0.5591 acc_val: 0.7680 time: 0.1299s
Epoch: 0083 loss_train: 0.0710 acc_train: 1.0000 loss_val: 0.5540 acc_val: 0.7680 time: 0.1285s
Epoch: 0084 loss_train: 0.1008 acc_train: 0.9667 loss_val: 0.5480 acc_val: 0.7720 time: 0.1288s
Epoch: 0085 loss_train: 0.0688 acc_train: 1.0000 loss_val: 0.5465 acc_val: 0.7700 time: 0.1307s
Epoch: 0086 loss_train: 0.0581 acc_train: 1.0000 loss_val: 0.5493 acc_val: 0.7700 time: 0.1295s
Epoch: 0087 loss_train: 0.0864 acc_train: 0.9833 loss_val: 0.5519 acc_val: 0.7740 time: 0.1308s
Epoch: 0088 loss_train: 0.0892 acc_train: 1.0000 loss_val: 0.5524 acc_val: 0.7740 time: 0.1291s
Epoch: 0089 loss_train: 0.0827 acc_train: 1.0000 loss_val: 0.5502 acc_val: 0.7680 time: 0.1266s
Epoch: 0090 loss_train: 0.0651 acc_train: 1.0000 loss_val: 0.5472 acc_val: 0.7700 time: 0.1291s
Epoch: 0091 loss_train: 0.0562 acc_train: 1.0000 loss_val: 0.5493 acc_val: 0.7700 time: 0.1286s
Epoch: 0092 loss_train: 0.0607 acc_train: 1.0000 loss_val: 0.5501 acc_val: 0.7700 time: 0.1315s
Epoch: 0093 loss_train: 0.0703 acc_train: 1.0000 loss_val: 0.5513 acc_val: 0.7720 time: 0.1316s
Epoch: 0094 loss_train: 0.0593 acc_train: 1.0000 loss_val: 0.5532 acc_val: 0.7720 time: 0.1286s
Epoch: 0095 loss_train: 0.0573 acc_train: 1.0000 loss_val: 0.5558 acc_val: 0.7680 time: 0.1264s
Epoch: 0096 loss_train: 0.0655 acc_train: 1.0000 loss_val: 0.5533 acc_val: 0.7700 time: 0.1352s
Epoch: 0097 loss_train: 0.0732 acc_train: 1.0000 loss_val: 0.5472 acc_val: 0.7780 time: 0.1332s
Epoch: 0098 loss_train: 0.0502 acc_train: 1.0000 loss_val: 0.5494 acc_val: 0.7820 time: 0.1355s
Epoch: 0099 loss_train: 0.0513 acc_train: 1.0000 loss_val: 0.5563 acc_val: 0.7780 time: 0.1341s
Epoch: 0100 loss_train: 0.0509 acc_train: 1.0000 loss_val: 0.5631 acc_val: 0.7780 time: 0.1357s
Epoch: 0101 loss_train: 0.0828 acc_train: 1.0000 loss_val: 0.5607 acc_val: 0.7780 time: 0.1320s
Epoch: 0102 loss_train: 0.0785 acc_train: 0.9833 loss_val: 0.5539 acc_val: 0.7740 time: 0.1279s
Epoch: 0103 loss_train: 0.0706 acc_train: 0.9833 loss_val: 0.5559 acc_val: 0.7700 time: 0.1287s
Epoch: 0104 loss_train: 0.0458 acc_train: 1.0000 loss_val: 0.5621 acc_val: 0.7640 time: 0.1325s
Epoch: 0105 loss_train: 0.0553 acc_train: 1.0000 loss_val: 0.5767 acc_val: 0.7600 time: 0.1307s
Epoch: 0106 loss_train: 0.0596 acc_train: 1.0000 loss_val: 0.5843 acc_val: 0.7620 time: 0.1288s
Epoch: 0107 loss_train: 0.0485 acc_train: 1.0000 loss_val: 0.5827 acc_val: 0.7620 time: 0.1300s
Epoch: 0108 loss_train: 0.0665 acc_train: 1.0000 loss_val: 0.5678 acc_val: 0.7660 time: 0.1300s
Epoch: 0109 loss_train: 0.0621 acc_train: 1.0000 loss_val: 0.5550 acc_val: 0.7740 time: 0.1484s
Epoch: 0110 loss_train: 0.0530 acc_train: 1.0000 loss_val: 0.5510 acc_val: 0.7780 time: 0.1373s
Epoch: 0111 loss_train: 0.0475 acc_train: 1.0000 loss_val: 0.5513 acc_val: 0.7880 time: 0.1343s
Epoch: 0112 loss_train: 0.0601 acc_train: 1.0000 loss_val: 0.5479 acc_val: 0.7900 time: 0.1369s
Epoch: 0113 loss_train: 0.0542 acc_train: 1.0000 loss_val: 0.5437 acc_val: 0.7840 time: 0.1330s
Epoch: 0114 loss_train: 0.0561 acc_train: 1.0000 loss_val: 0.5456 acc_val: 0.7760 time: 0.1344s
Epoch: 0115 loss_train: 0.0680 acc_train: 1.0000 loss_val: 0.5562 acc_val: 0.7720 time: 0.1309s
Epoch: 0116 loss_train: 0.0480 acc_train: 1.0000 loss_val: 0.5670 acc_val: 0.7620 time: 0.1353s
Epoch: 0117 loss_train: 0.0582 acc_train: 1.0000 loss_val: 0.5708 acc_val: 0.7640 time: 0.1353s
Epoch: 0118 loss_train: 0.0472 acc_train: 1.0000 loss_val: 0.5681 acc_val: 0.7680 time: 0.1310s
Epoch: 0119 loss_train: 0.0491 acc_train: 1.0000 loss_val: 0.5642 acc_val: 0.7700 time: 0.1326s
Epoch: 0120 loss_train: 0.0571 acc_train: 0.9833 loss_val: 0.5511 acc_val: 0.7720 time: 0.1329s
Epoch: 0121 loss_train: 0.0551 acc_train: 0.9833 loss_val: 0.5425 acc_val: 0.7680 time: 0.1358s
Epoch: 0122 loss_train: 0.0469 acc_train: 1.0000 loss_val: 0.5413 acc_val: 0.7680 time: 0.1332s
Epoch: 0123 loss_train: 0.0612 acc_train: 1.0000 loss_val: 0.5468 acc_val: 0.7660 time: 0.1354s
Epoch: 0124 loss_train: 0.0522 acc_train: 1.0000 loss_val: 0.5497 acc_val: 0.7660 time: 0.1342s
Epoch: 0125 loss_train: 0.0655 acc_train: 1.0000 loss_val: 0.5509 acc_val: 0.7660 time: 0.1344s
Epoch: 0126 loss_train: 0.0442 acc_train: 1.0000 loss_val: 0.5556 acc_val: 0.7700 time: 0.1347s
Epoch: 0127 loss_train: 0.0511 acc_train: 1.0000 loss_val: 0.5633 acc_val: 0.7660 time: 0.1371s
Epoch: 0128 loss_train: 0.0351 acc_train: 1.0000 loss_val: 0.5703 acc_val: 0.7640 time: 0.1311s
Epoch: 0129 loss_train: 0.0662 acc_train: 1.0000 loss_val: 0.5709 acc_val: 0.7640 time: 0.1331s
Epoch: 0130 loss_train: 0.0459 acc_train: 1.0000 loss_val: 0.5711 acc_val: 0.7640 time: 0.1316s
Epoch: 0131 loss_train: 0.0545 acc_train: 1.0000 loss_val: 0.5620 acc_val: 0.7640 time: 0.1330s
Epoch: 0132 loss_train: 0.0510 acc_train: 1.0000 loss_val: 0.5537 acc_val: 0.7720 time: 0.1333s
Epoch: 0133 loss_train: 0.0463 acc_train: 1.0000 loss_val: 0.5461 acc_val: 0.7740 time: 0.1315s
Epoch: 0134 loss_train: 0.0450 acc_train: 1.0000 loss_val: 0.5421 acc_val: 0.7760 time: 0.1356s
Epoch: 0135 loss_train: 0.0428 acc_train: 1.0000 loss_val: 0.5413 acc_val: 0.7800 time: 0.1347s
Epoch: 0136 loss_train: 0.0454 acc_train: 1.0000 loss_val: 0.5466 acc_val: 0.7740 time: 0.1320s
Epoch: 0137 loss_train: 0.0431 acc_train: 1.0000 loss_val: 0.5572 acc_val: 0.7760 time: 0.1321s
Epoch: 0138 loss_train: 0.0750 acc_train: 0.9833 loss_val: 0.5651 acc_val: 0.7740 time: 0.1348s
Epoch: 0139 loss_train: 0.0367 acc_train: 1.0000 loss_val: 0.5714 acc_val: 0.7700 time: 0.1332s
Epoch: 0140 loss_train: 0.0448 acc_train: 1.0000 loss_val: 0.5690 acc_val: 0.7760 time: 0.1333s
Epoch: 0141 loss_train: 0.0652 acc_train: 0.9833 loss_val: 0.5597 acc_val: 0.7780 time: 0.1400s
Epoch: 0142 loss_train: 0.0433 acc_train: 1.0000 loss_val: 0.5518 acc_val: 0.7860 time: 0.1341s
Epoch: 0143 loss_train: 0.0373 acc_train: 1.0000 loss_val: 0.5534 acc_val: 0.7800 time: 0.1344s
Epoch: 0144 loss_train: 0.0401 acc_train: 1.0000 loss_val: 0.5592 acc_val: 0.7820 time: 0.1344s
Epoch: 0145 loss_train: 0.0392 acc_train: 1.0000 loss_val: 0.5686 acc_val: 0.7740 time: 0.1382s
Epoch: 0146 loss_train: 0.0570 acc_train: 1.0000 loss_val: 0.5723 acc_val: 0.7700 time: 0.1379s
Epoch: 0147 loss_train: 0.0411 acc_train: 1.0000 loss_val: 0.5742 acc_val: 0.7740 time: 0.1345s
Epoch: 0148 loss_train: 0.0416 acc_train: 1.0000 loss_val: 0.5802 acc_val: 0.7660 time: 0.1307s
Epoch: 0149 loss_train: 0.0375 acc_train: 1.0000 loss_val: 0.5772 acc_val: 0.7700 time: 0.1318s
Epoch: 0150 loss_train: 0.0386 acc_train: 1.0000 loss_val: 0.5665 acc_val: 0.7740 time: 0.1314s
Epoch: 0151 loss_train: 0.0448 acc_train: 1.0000 loss_val: 0.5557 acc_val: 0.7760 time: 0.1299s
Epoch: 0152 loss_train: 0.0451 acc_train: 1.0000 loss_val: 0.5476 acc_val: 0.7840 time: 0.1350s
Epoch: 0153 loss_train: 0.0443 acc_train: 1.0000 loss_val: 0.5431 acc_val: 0.7820 time: 0.1323s
Epoch: 0154 loss_train: 0.0403 acc_train: 1.0000 loss_val: 0.5428 acc_val: 0.7840 time: 0.1344s
Epoch: 0155 loss_train: 0.0532 acc_train: 1.0000 loss_val: 0.5468 acc_val: 0.7820 time: 0.1316s
Epoch: 0156 loss_train: 0.0484 acc_train: 1.0000 loss_val: 0.5577 acc_val: 0.7740 time: 0.1324s
Epoch: 0157 loss_train: 0.0365 acc_train: 1.0000 loss_val: 0.5677 acc_val: 0.7720 time: 0.1485s
Epoch: 0158 loss_train: 0.0359 acc_train: 1.0000 loss_val: 0.5748 acc_val: 0.7640 time: 0.1328s
Epoch: 0159 loss_train: 0.0344 acc_train: 1.0000 loss_val: 0.5795 acc_val: 0.7660 time: 0.1322s
Epoch: 0160 loss_train: 0.0488 acc_train: 1.0000 loss_val: 0.5749 acc_val: 0.7640 time: 0.1298s
Epoch: 0161 loss_train: 0.0658 acc_train: 1.0000 loss_val: 0.5693 acc_val: 0.7660 time: 0.1363s
Epoch: 0162 loss_train: 0.0349 acc_train: 1.0000 loss_val: 0.5681 acc_val: 0.7760 time: 0.1306s
Epoch: 0163 loss_train: 0.0481 acc_train: 1.0000 loss_val: 0.5608 acc_val: 0.7760 time: 0.1288s
Epoch: 0164 loss_train: 0.0494 acc_train: 1.0000 loss_val: 0.5545 acc_val: 0.7760 time: 0.1382s
Epoch: 0165 loss_train: 0.0390 acc_train: 1.0000 loss_val: 0.5517 acc_val: 0.7780 time: 0.1319s
Epoch: 0166 loss_train: 0.0499 acc_train: 1.0000 loss_val: 0.5538 acc_val: 0.7800 time: 0.1303s
Epoch: 0167 loss_train: 0.0426 acc_train: 1.0000 loss_val: 0.5580 acc_val: 0.7760 time: 0.1322s
Epoch: 0168 loss_train: 0.0327 acc_train: 1.0000 loss_val: 0.5656 acc_val: 0.7720 time: 0.1293s
Epoch: 0169 loss_train: 0.0422 acc_train: 1.0000 loss_val: 0.5651 acc_val: 0.7680 time: 0.1304s
Epoch: 0170 loss_train: 0.0468 acc_train: 1.0000 loss_val: 0.5658 acc_val: 0.7640 time: 0.1303s
Epoch: 0171 loss_train: 0.0428 acc_train: 1.0000 loss_val: 0.5758 acc_val: 0.7660 time: 0.1323s
Epoch: 0172 loss_train: 0.0410 acc_train: 1.0000 loss_val: 0.5837 acc_val: 0.7640 time: 0.1325s
Epoch: 0173 loss_train: 0.0561 acc_train: 1.0000 loss_val: 0.5821 acc_val: 0.7660 time: 0.1309s
Epoch: 0174 loss_train: 0.0283 acc_train: 1.0000 loss_val: 0.5853 acc_val: 0.7660 time: 0.1375s
Epoch: 0175 loss_train: 0.0418 acc_train: 1.0000 loss_val: 0.5818 acc_val: 0.7600 time: 0.1312s
Epoch: 0176 loss_train: 0.0521 acc_train: 1.0000 loss_val: 0.5758 acc_val: 0.7600 time: 0.1315s
Epoch: 0177 loss_train: 0.0539 acc_train: 0.9833 loss_val: 0.5612 acc_val: 0.7740 time: 0.1303s
Epoch: 0178 loss_train: 0.0391 acc_train: 1.0000 loss_val: 0.5500 acc_val: 0.7840 time: 0.1289s
Epoch: 0179 loss_train: 0.0379 acc_train: 1.0000 loss_val: 0.5438 acc_val: 0.7920 time: 0.1317s
Epoch: 0180 loss_train: 0.0375 acc_train: 1.0000 loss_val: 0.5414 acc_val: 0.7940 time: 0.1362s
Epoch: 0181 loss_train: 0.0427 acc_train: 1.0000 loss_val: 0.5472 acc_val: 0.7860 time: 0.1294s
Epoch: 0182 loss_train: 0.0456 acc_train: 1.0000 loss_val: 0.5624 acc_val: 0.7740 time: 0.1348s
Epoch: 0183 loss_train: 0.0372 acc_train: 1.0000 loss_val: 0.5849 acc_val: 0.7620 time: 0.1319s
Epoch: 0184 loss_train: 0.0378 acc_train: 1.0000 loss_val: 0.5925 acc_val: 0.7640 time: 0.1296s
Epoch: 0185 loss_train: 0.0427 acc_train: 1.0000 loss_val: 0.5957 acc_val: 0.7620 time: 0.1287s
Epoch: 0186 loss_train: 0.0470 acc_train: 1.0000 loss_val: 0.5967 acc_val: 0.7640 time: 0.1317s
Epoch: 0187 loss_train: 0.0365 acc_train: 1.0000 loss_val: 0.5840 acc_val: 0.7640 time: 0.1334s
Epoch: 0188 loss_train: 0.0459 acc_train: 1.0000 loss_val: 0.5624 acc_val: 0.7760 time: 0.1308s
Epoch: 0189 loss_train: 0.0337 acc_train: 1.0000 loss_val: 0.5501 acc_val: 0.7860 time: 0.1382s
Epoch: 0190 loss_train: 0.0435 acc_train: 1.0000 loss_val: 0.5426 acc_val: 0.7880 time: 0.1296s
Epoch: 0191 loss_train: 0.0424 acc_train: 1.0000 loss_val: 0.5383 acc_val: 0.7900 time: 0.1271s
Epoch: 0192 loss_train: 0.0390 acc_train: 1.0000 loss_val: 0.5419 acc_val: 0.7900 time: 0.1286s
Epoch: 0193 loss_train: 0.0308 acc_train: 1.0000 loss_val: 0.5521 acc_val: 0.7820 time: 0.1279s
Epoch: 0194 loss_train: 0.0629 acc_train: 0.9833 loss_val: 0.5667 acc_val: 0.7720 time: 0.1307s
Epoch: 0195 loss_train: 0.0506 acc_train: 0.9833 loss_val: 0.5805 acc_val: 0.7620 time: 0.1294s
Epoch: 0196 loss_train: 0.0432 acc_train: 1.0000 loss_val: 0.5841 acc_val: 0.7640 time: 0.1291s
Epoch: 0197 loss_train: 0.0348 acc_train: 1.0000 loss_val: 0.5851 acc_val: 0.7640 time: 0.1294s
Epoch: 0198 loss_train: 0.0315 acc_train: 1.0000 loss_val: 0.5840 acc_val: 0.7620 time: 0.1291s
Epoch: 0199 loss_train: 0.0623 acc_train: 1.0000 loss_val: 0.5784 acc_val: 0.7620 time: 0.1318s
Epoch: 0200 loss_train: 0.0290 acc_train: 1.0000 loss_val: 0.5714 acc_val: 0.7720 time: 0.1312s
Optimization Finished on pubmed!
Model: chebynet
2 layers ChebyNet with 3-th order Chebyshev Polynomial
Total time elapsed: 26.5796s
Test set results: loss= 0.6205 accuracy= 0.7710
