  NumNodes: 2708
  NumEdges: 10556
  NumFeats: 1433
  NumClasses: 7
  NumTrainingSamples: 140
  NumValidationSamples: 500
  NumTestSamples: 1000
Done loading data from cached files.
Epoch: 0001 loss_train: 1.9468 acc_train: 0.1429 loss_val: 1.9541 acc_val: 0.1220 time: 0.1024s
Epoch: 0002 loss_train: 1.9404 acc_train: 0.2000 loss_val: 1.9478 acc_val: 0.2280 time: 0.0333s
Epoch: 0003 loss_train: 1.9321 acc_train: 0.3071 loss_val: 1.9402 acc_val: 0.3980 time: 0.0363s
Epoch: 0004 loss_train: 1.9179 acc_train: 0.5929 loss_val: 1.9312 acc_val: 0.3100 time: 0.0340s
Epoch: 0005 loss_train: 1.9029 acc_train: 0.6500 loss_val: 1.9203 acc_val: 0.3920 time: 0.0332s
Epoch: 0006 loss_train: 1.8840 acc_train: 0.7000 loss_val: 1.9078 acc_val: 0.5240 time: 0.0323s
Epoch: 0007 loss_train: 1.8602 acc_train: 0.8143 loss_val: 1.8932 acc_val: 0.6380 time: 0.0326s
Epoch: 0008 loss_train: 1.8332 acc_train: 0.8643 loss_val: 1.8766 acc_val: 0.6620 time: 0.0324s
Epoch: 0009 loss_train: 1.8060 acc_train: 0.8071 loss_val: 1.8585 acc_val: 0.6860 time: 0.0323s
Epoch: 0010 loss_train: 1.7813 acc_train: 0.7786 loss_val: 1.8384 acc_val: 0.7220 time: 0.0334s
Epoch: 0011 loss_train: 1.7371 acc_train: 0.8500 loss_val: 1.8172 acc_val: 0.7540 time: 0.0341s
Epoch: 0012 loss_train: 1.6931 acc_train: 0.9143 loss_val: 1.7945 acc_val: 0.7760 time: 0.0344s
Epoch: 0013 loss_train: 1.6423 acc_train: 0.9429 loss_val: 1.7693 acc_val: 0.7800 time: 0.0341s
Epoch: 0014 loss_train: 1.5962 acc_train: 0.9357 loss_val: 1.7424 acc_val: 0.7820 time: 0.0338s
Epoch: 0015 loss_train: 1.5473 acc_train: 0.8929 loss_val: 1.7137 acc_val: 0.7820 time: 0.0342s
Epoch: 0016 loss_train: 1.4644 acc_train: 0.9143 loss_val: 1.6826 acc_val: 0.7740 time: 0.0334s
Epoch: 0017 loss_train: 1.4364 acc_train: 0.9000 loss_val: 1.6494 acc_val: 0.7860 time: 0.0331s
Epoch: 0018 loss_train: 1.3564 acc_train: 0.8643 loss_val: 1.6140 acc_val: 0.7820 time: 0.0335s
Epoch: 0019 loss_train: 1.3028 acc_train: 0.9214 loss_val: 1.5764 acc_val: 0.7900 time: 0.0337s
Epoch: 0020 loss_train: 1.2774 acc_train: 0.9143 loss_val: 1.5383 acc_val: 0.7880 time: 0.0326s
Epoch: 0021 loss_train: 1.1581 acc_train: 0.9357 loss_val: 1.4986 acc_val: 0.7900 time: 0.0327s
Epoch: 0022 loss_train: 1.1465 acc_train: 0.8786 loss_val: 1.4557 acc_val: 0.8020 time: 0.0324s
Epoch: 0023 loss_train: 1.0390 acc_train: 0.9286 loss_val: 1.4139 acc_val: 0.8080 time: 0.0329s
Epoch: 0024 loss_train: 1.0314 acc_train: 0.8929 loss_val: 1.3712 acc_val: 0.8100 time: 0.0327s
Epoch: 0025 loss_train: 0.9230 acc_train: 0.9214 loss_val: 1.3300 acc_val: 0.8160 time: 0.0323s
Epoch: 0026 loss_train: 0.8501 acc_train: 0.9571 loss_val: 1.2893 acc_val: 0.8180 time: 0.0321s
Epoch: 0027 loss_train: 0.7709 acc_train: 0.9571 loss_val: 1.2508 acc_val: 0.8140 time: 0.0319s
Epoch: 0028 loss_train: 0.7883 acc_train: 0.9214 loss_val: 1.2121 acc_val: 0.8100 time: 0.0327s
Epoch: 0029 loss_train: 0.7112 acc_train: 0.9571 loss_val: 1.1757 acc_val: 0.8100 time: 0.0326s
Epoch: 0030 loss_train: 0.6346 acc_train: 0.9571 loss_val: 1.1416 acc_val: 0.8120 time: 0.0333s
Epoch: 0031 loss_train: 0.6269 acc_train: 0.9500 loss_val: 1.1089 acc_val: 0.8120 time: 0.0329s
Epoch: 0032 loss_train: 0.6501 acc_train: 0.9286 loss_val: 1.0764 acc_val: 0.8140 time: 0.0329s
Epoch: 0033 loss_train: 0.5402 acc_train: 0.9643 loss_val: 1.0448 acc_val: 0.8220 time: 0.0327s
Epoch: 0034 loss_train: 0.5628 acc_train: 0.9286 loss_val: 1.0141 acc_val: 0.8220 time: 0.0328s
Epoch: 0035 loss_train: 0.5096 acc_train: 0.9357 loss_val: 0.9842 acc_val: 0.8180 time: 0.0326s
Epoch: 0036 loss_train: 0.4376 acc_train: 0.9643 loss_val: 0.9577 acc_val: 0.8180 time: 0.0331s
Epoch: 0037 loss_train: 0.4469 acc_train: 0.9643 loss_val: 0.9340 acc_val: 0.8180 time: 0.0331s
Epoch: 0038 loss_train: 0.4188 acc_train: 0.9500 loss_val: 0.9145 acc_val: 0.8180 time: 0.0328s
Epoch: 0039 loss_train: 0.3766 acc_train: 0.9714 loss_val: 0.8965 acc_val: 0.8140 time: 0.0323s
Epoch: 0040 loss_train: 0.3516 acc_train: 0.9571 loss_val: 0.8804 acc_val: 0.8100 time: 0.0333s
Epoch: 0041 loss_train: 0.3436 acc_train: 0.9714 loss_val: 0.8667 acc_val: 0.8100 time: 0.0328s
Epoch: 0042 loss_train: 0.3575 acc_train: 0.9357 loss_val: 0.8550 acc_val: 0.8100 time: 0.0321s
Epoch: 0043 loss_train: 0.3162 acc_train: 0.9714 loss_val: 0.8449 acc_val: 0.8120 time: 0.0326s
Epoch: 0044 loss_train: 0.2957 acc_train: 0.9857 loss_val: 0.8335 acc_val: 0.8100 time: 0.0325s
Epoch: 0045 loss_train: 0.2777 acc_train: 0.9857 loss_val: 0.8235 acc_val: 0.8120 time: 0.0325s
Epoch: 0046 loss_train: 0.3032 acc_train: 0.9500 loss_val: 0.8149 acc_val: 0.8140 time: 0.0322s
Epoch: 0047 loss_train: 0.2766 acc_train: 0.9643 loss_val: 0.8067 acc_val: 0.8160 time: 0.0324s
Epoch: 0048 loss_train: 0.2874 acc_train: 0.9786 loss_val: 0.7956 acc_val: 0.8120 time: 0.0322s
Epoch: 0049 loss_train: 0.2567 acc_train: 0.9857 loss_val: 0.7827 acc_val: 0.8100 time: 0.0320s
Epoch: 0050 loss_train: 0.2621 acc_train: 0.9643 loss_val: 0.7698 acc_val: 0.8140 time: 0.0318s
Epoch: 0051 loss_train: 0.2423 acc_train: 0.9786 loss_val: 0.7605 acc_val: 0.8140 time: 0.0322s
Epoch: 0052 loss_train: 0.2282 acc_train: 0.9929 loss_val: 0.7541 acc_val: 0.8160 time: 0.0323s
Epoch: 0053 loss_train: 0.2110 acc_train: 0.9929 loss_val: 0.7491 acc_val: 0.8120 time: 0.0321s
Epoch: 0054 loss_train: 0.1853 acc_train: 0.9786 loss_val: 0.7469 acc_val: 0.8100 time: 0.0322s
Epoch: 0055 loss_train: 0.2490 acc_train: 0.9786 loss_val: 0.7469 acc_val: 0.8040 time: 0.0319s
Epoch: 0056 loss_train: 0.2357 acc_train: 0.9857 loss_val: 0.7487 acc_val: 0.8020 time: 0.0317s
Epoch: 0057 loss_train: 0.1909 acc_train: 1.0000 loss_val: 0.7516 acc_val: 0.8040 time: 0.0317s
Epoch: 0058 loss_train: 0.2239 acc_train: 0.9857 loss_val: 0.7529 acc_val: 0.8060 time: 0.0318s
Epoch: 0059 loss_train: 0.1936 acc_train: 0.9929 loss_val: 0.7514 acc_val: 0.8060 time: 0.0324s
Epoch: 0060 loss_train: 0.2336 acc_train: 0.9929 loss_val: 0.7464 acc_val: 0.8060 time: 0.0333s
Epoch: 0061 loss_train: 0.2002 acc_train: 0.9857 loss_val: 0.7413 acc_val: 0.8040 time: 0.0325s
Epoch: 0062 loss_train: 0.2044 acc_train: 0.9786 loss_val: 0.7359 acc_val: 0.8000 time: 0.0327s
Epoch: 0063 loss_train: 0.1767 acc_train: 1.0000 loss_val: 0.7308 acc_val: 0.7980 time: 0.0324s
Epoch: 0064 loss_train: 0.1913 acc_train: 1.0000 loss_val: 0.7278 acc_val: 0.7980 time: 0.0323s
Epoch: 0065 loss_train: 0.2090 acc_train: 0.9857 loss_val: 0.7260 acc_val: 0.7960 time: 0.0319s
Epoch: 0066 loss_train: 0.1722 acc_train: 0.9929 loss_val: 0.7256 acc_val: 0.7960 time: 0.0324s
Epoch: 0067 loss_train: 0.2092 acc_train: 0.9857 loss_val: 0.7273 acc_val: 0.7980 time: 0.0327s
Epoch: 0068 loss_train: 0.1876 acc_train: 0.9857 loss_val: 0.7306 acc_val: 0.7980 time: 0.0316s
Epoch: 0069 loss_train: 0.2036 acc_train: 0.9857 loss_val: 0.7318 acc_val: 0.8040 time: 0.0323s
Epoch: 0070 loss_train: 0.2108 acc_train: 0.9857 loss_val: 0.7306 acc_val: 0.8000 time: 0.0324s
Epoch: 0071 loss_train: 0.2040 acc_train: 0.9857 loss_val: 0.7275 acc_val: 0.7980 time: 0.0351s
Epoch: 0072 loss_train: 0.2079 acc_train: 0.9786 loss_val: 0.7220 acc_val: 0.7980 time: 0.0357s
Epoch: 0073 loss_train: 0.1830 acc_train: 1.0000 loss_val: 0.7169 acc_val: 0.8040 time: 0.0369s
Epoch: 0074 loss_train: 0.1741 acc_train: 0.9786 loss_val: 0.7125 acc_val: 0.8040 time: 0.0342s
Epoch: 0075 loss_train: 0.1854 acc_train: 0.9857 loss_val: 0.7073 acc_val: 0.8040 time: 0.0345s
Epoch: 0076 loss_train: 0.1741 acc_train: 1.0000 loss_val: 0.7016 acc_val: 0.8060 time: 0.0346s
Epoch: 0077 loss_train: 0.1672 acc_train: 1.0000 loss_val: 0.6961 acc_val: 0.8120 time: 0.0340s
Epoch: 0078 loss_train: 0.1698 acc_train: 1.0000 loss_val: 0.6914 acc_val: 0.8120 time: 0.0346s
Epoch: 0079 loss_train: 0.1640 acc_train: 1.0000 loss_val: 0.6889 acc_val: 0.8100 time: 0.0344s
Epoch: 0080 loss_train: 0.1513 acc_train: 0.9929 loss_val: 0.6893 acc_val: 0.8040 time: 0.0338s
Epoch: 0081 loss_train: 0.2015 acc_train: 0.9857 loss_val: 0.6914 acc_val: 0.8000 time: 0.0340s
Epoch: 0082 loss_train: 0.1782 acc_train: 0.9857 loss_val: 0.6921 acc_val: 0.7960 time: 0.0343s
Epoch: 0083 loss_train: 0.1299 acc_train: 0.9929 loss_val: 0.6936 acc_val: 0.7940 time: 0.0345s
Epoch: 0084 loss_train: 0.1680 acc_train: 1.0000 loss_val: 0.6952 acc_val: 0.7940 time: 0.0346s
Epoch: 0085 loss_train: 0.1547 acc_train: 0.9929 loss_val: 0.6950 acc_val: 0.7920 time: 0.0342s
Epoch: 0086 loss_train: 0.1620 acc_train: 0.9929 loss_val: 0.6944 acc_val: 0.7940 time: 0.0344s
Epoch: 0087 loss_train: 0.1569 acc_train: 0.9929 loss_val: 0.6938 acc_val: 0.7920 time: 0.0330s
Epoch: 0088 loss_train: 0.1543 acc_train: 1.0000 loss_val: 0.6940 acc_val: 0.7960 time: 0.0330s
Epoch: 0089 loss_train: 0.1482 acc_train: 1.0000 loss_val: 0.6902 acc_val: 0.7960 time: 0.0329s
Epoch: 0090 loss_train: 0.1598 acc_train: 0.9929 loss_val: 0.6848 acc_val: 0.7900 time: 0.0323s
Epoch: 0091 loss_train: 0.1675 acc_train: 0.9857 loss_val: 0.6772 acc_val: 0.8000 time: 0.0325s
Epoch: 0092 loss_train: 0.1455 acc_train: 1.0000 loss_val: 0.6704 acc_val: 0.8000 time: 0.0320s
Epoch: 0093 loss_train: 0.1343 acc_train: 1.0000 loss_val: 0.6659 acc_val: 0.7980 time: 0.0326s
Epoch: 0094 loss_train: 0.1427 acc_train: 1.0000 loss_val: 0.6633 acc_val: 0.8020 time: 0.0325s
Epoch: 0095 loss_train: 0.1457 acc_train: 0.9929 loss_val: 0.6607 acc_val: 0.8020 time: 0.0320s
Epoch: 0096 loss_train: 0.1423 acc_train: 0.9929 loss_val: 0.6610 acc_val: 0.8000 time: 0.0327s
Epoch: 0097 loss_train: 0.1440 acc_train: 0.9929 loss_val: 0.6627 acc_val: 0.7980 time: 0.0327s
Epoch: 0098 loss_train: 0.1597 acc_train: 0.9929 loss_val: 0.6631 acc_val: 0.8040 time: 0.0332s
Epoch: 0099 loss_train: 0.1534 acc_train: 0.9857 loss_val: 0.6623 acc_val: 0.8040 time: 0.0325s
Epoch: 0100 loss_train: 0.1205 acc_train: 1.0000 loss_val: 0.6644 acc_val: 0.8060 time: 0.0344s
Epoch: 0101 loss_train: 0.1285 acc_train: 1.0000 loss_val: 0.6688 acc_val: 0.8080 time: 0.0336s
Epoch: 0102 loss_train: 0.1526 acc_train: 0.9929 loss_val: 0.6725 acc_val: 0.8040 time: 0.0341s
Epoch: 0103 loss_train: 0.1167 acc_train: 1.0000 loss_val: 0.6744 acc_val: 0.8000 time: 0.0332s
Epoch: 0104 loss_train: 0.1284 acc_train: 1.0000 loss_val: 0.6712 acc_val: 0.8000 time: 0.0334s
Epoch: 0105 loss_train: 0.1304 acc_train: 0.9929 loss_val: 0.6653 acc_val: 0.8020 time: 0.0328s
Epoch: 0106 loss_train: 0.1198 acc_train: 0.9929 loss_val: 0.6587 acc_val: 0.7980 time: 0.0336s
Epoch: 0107 loss_train: 0.1281 acc_train: 1.0000 loss_val: 0.6537 acc_val: 0.8000 time: 0.0335s
Epoch: 0108 loss_train: 0.1277 acc_train: 1.0000 loss_val: 0.6516 acc_val: 0.8000 time: 0.0329s
Epoch: 0109 loss_train: 0.1317 acc_train: 1.0000 loss_val: 0.6508 acc_val: 0.8040 time: 0.0326s
Epoch: 0110 loss_train: 0.1310 acc_train: 1.0000 loss_val: 0.6512 acc_val: 0.8040 time: 0.0320s
Epoch: 0111 loss_train: 0.1377 acc_train: 1.0000 loss_val: 0.6511 acc_val: 0.8040 time: 0.0325s
Epoch: 0112 loss_train: 0.1571 acc_train: 0.9929 loss_val: 0.6519 acc_val: 0.8020 time: 0.0331s
Epoch: 0113 loss_train: 0.1281 acc_train: 1.0000 loss_val: 0.6528 acc_val: 0.8040 time: 0.0329s
Epoch: 0114 loss_train: 0.1356 acc_train: 1.0000 loss_val: 0.6509 acc_val: 0.8020 time: 0.0324s
Epoch: 0115 loss_train: 0.1218 acc_train: 0.9929 loss_val: 0.6477 acc_val: 0.8000 time: 0.0327s
Epoch: 0116 loss_train: 0.1081 acc_train: 1.0000 loss_val: 0.6444 acc_val: 0.8040 time: 0.0327s
Epoch: 0117 loss_train: 0.1354 acc_train: 0.9929 loss_val: 0.6414 acc_val: 0.8020 time: 0.0321s
Epoch: 0118 loss_train: 0.1111 acc_train: 1.0000 loss_val: 0.6395 acc_val: 0.8020 time: 0.0321s
Epoch: 0119 loss_train: 0.1554 acc_train: 0.9857 loss_val: 0.6383 acc_val: 0.8020 time: 0.0324s
Epoch: 0120 loss_train: 0.1331 acc_train: 0.9929 loss_val: 0.6402 acc_val: 0.8040 time: 0.0329s
Epoch: 0121 loss_train: 0.1186 acc_train: 1.0000 loss_val: 0.6445 acc_val: 0.8020 time: 0.0331s
Epoch: 0122 loss_train: 0.0905 acc_train: 1.0000 loss_val: 0.6468 acc_val: 0.8000 time: 0.0325s
Epoch: 0123 loss_train: 0.1337 acc_train: 0.9929 loss_val: 0.6483 acc_val: 0.7980 time: 0.0318s
Epoch: 0124 loss_train: 0.1118 acc_train: 1.0000 loss_val: 0.6469 acc_val: 0.8000 time: 0.0320s
Epoch: 0125 loss_train: 0.1349 acc_train: 1.0000 loss_val: 0.6433 acc_val: 0.8020 time: 0.0322s
Epoch: 0126 loss_train: 0.1341 acc_train: 0.9929 loss_val: 0.6386 acc_val: 0.8060 time: 0.0320s
Epoch: 0127 loss_train: 0.1284 acc_train: 0.9929 loss_val: 0.6361 acc_val: 0.8060 time: 0.0323s
Epoch: 0128 loss_train: 0.1434 acc_train: 0.9857 loss_val: 0.6335 acc_val: 0.8000 time: 0.0328s
Epoch: 0129 loss_train: 0.1222 acc_train: 1.0000 loss_val: 0.6326 acc_val: 0.7980 time: 0.0327s
Epoch: 0130 loss_train: 0.1259 acc_train: 0.9929 loss_val: 0.6316 acc_val: 0.7980 time: 0.0336s
Epoch: 0131 loss_train: 0.1288 acc_train: 0.9929 loss_val: 0.6322 acc_val: 0.7960 time: 0.0335s
Epoch: 0132 loss_train: 0.1056 acc_train: 0.9929 loss_val: 0.6304 acc_val: 0.7980 time: 0.0333s
Epoch: 0133 loss_train: 0.1050 acc_train: 1.0000 loss_val: 0.6281 acc_val: 0.8000 time: 0.0328s
Epoch: 0134 loss_train: 0.1171 acc_train: 0.9929 loss_val: 0.6255 acc_val: 0.8000 time: 0.0321s
Epoch: 0135 loss_train: 0.1167 acc_train: 1.0000 loss_val: 0.6239 acc_val: 0.8040 time: 0.0343s
Epoch: 0136 loss_train: 0.1109 acc_train: 0.9929 loss_val: 0.6222 acc_val: 0.8080 time: 0.0328s
Epoch: 0137 loss_train: 0.1359 acc_train: 0.9857 loss_val: 0.6235 acc_val: 0.8080 time: 0.0340s
Epoch: 0138 loss_train: 0.1105 acc_train: 0.9786 loss_val: 0.6289 acc_val: 0.8060 time: 0.0345s
Epoch: 0139 loss_train: 0.1113 acc_train: 1.0000 loss_val: 0.6355 acc_val: 0.8040 time: 0.0340s
Epoch: 0140 loss_train: 0.1250 acc_train: 0.9857 loss_val: 0.6409 acc_val: 0.8000 time: 0.0346s
Epoch: 0141 loss_train: 0.1317 acc_train: 0.9929 loss_val: 0.6417 acc_val: 0.7960 time: 0.0340s
Epoch: 0142 loss_train: 0.1228 acc_train: 0.9929 loss_val: 0.6392 acc_val: 0.8000 time: 0.0344s
Epoch: 0143 loss_train: 0.1013 acc_train: 0.9929 loss_val: 0.6345 acc_val: 0.8040 time: 0.0343s
Epoch: 0144 loss_train: 0.1173 acc_train: 1.0000 loss_val: 0.6291 acc_val: 0.8060 time: 0.0334s
Epoch: 0145 loss_train: 0.1191 acc_train: 0.9786 loss_val: 0.6245 acc_val: 0.8020 time: 0.0337s
Epoch: 0146 loss_train: 0.1138 acc_train: 1.0000 loss_val: 0.6223 acc_val: 0.8000 time: 0.0335s
Epoch: 0147 loss_train: 0.0976 acc_train: 1.0000 loss_val: 0.6213 acc_val: 0.7960 time: 0.0331s
Epoch: 0148 loss_train: 0.1383 acc_train: 0.9857 loss_val: 0.6235 acc_val: 0.7880 time: 0.0327s
Epoch: 0149 loss_train: 0.0962 acc_train: 1.0000 loss_val: 0.6273 acc_val: 0.7860 time: 0.0323s
Epoch: 0150 loss_train: 0.1173 acc_train: 0.9786 loss_val: 0.6293 acc_val: 0.7920 time: 0.0321s
Epoch: 0151 loss_train: 0.0912 acc_train: 0.9929 loss_val: 0.6313 acc_val: 0.7960 time: 0.0320s
Epoch: 0152 loss_train: 0.0995 acc_train: 1.0000 loss_val: 0.6342 acc_val: 0.8020 time: 0.0322s
Epoch: 0153 loss_train: 0.1090 acc_train: 1.0000 loss_val: 0.6339 acc_val: 0.8080 time: 0.0326s
Epoch: 0154 loss_train: 0.1058 acc_train: 0.9929 loss_val: 0.6306 acc_val: 0.8080 time: 0.0330s
Epoch: 0155 loss_train: 0.0925 acc_train: 1.0000 loss_val: 0.6265 acc_val: 0.8120 time: 0.0329s
Epoch: 0156 loss_train: 0.0986 acc_train: 0.9929 loss_val: 0.6223 acc_val: 0.8120 time: 0.0324s
Epoch: 0157 loss_train: 0.1123 acc_train: 0.9929 loss_val: 0.6206 acc_val: 0.8120 time: 0.0323s
Epoch: 0158 loss_train: 0.1092 acc_train: 0.9929 loss_val: 0.6195 acc_val: 0.8140 time: 0.0330s
Epoch: 0159 loss_train: 0.1107 acc_train: 1.0000 loss_val: 0.6158 acc_val: 0.8080 time: 0.0332s
Epoch: 0160 loss_train: 0.1124 acc_train: 1.0000 loss_val: 0.6128 acc_val: 0.8060 time: 0.0334s
Epoch: 0161 loss_train: 0.0969 acc_train: 1.0000 loss_val: 0.6133 acc_val: 0.7980 time: 0.0339s
Epoch: 0162 loss_train: 0.1097 acc_train: 1.0000 loss_val: 0.6141 acc_val: 0.7980 time: 0.0319s
Epoch: 0163 loss_train: 0.0954 acc_train: 1.0000 loss_val: 0.6154 acc_val: 0.7980 time: 0.0321s
Epoch: 0164 loss_train: 0.0867 acc_train: 1.0000 loss_val: 0.6166 acc_val: 0.7980 time: 0.0322s
Epoch: 0165 loss_train: 0.1085 acc_train: 0.9929 loss_val: 0.6179 acc_val: 0.7960 time: 0.0320s
Epoch: 0166 loss_train: 0.0870 acc_train: 1.0000 loss_val: 0.6192 acc_val: 0.7960 time: 0.0322s
Epoch: 0167 loss_train: 0.0990 acc_train: 1.0000 loss_val: 0.6211 acc_val: 0.8000 time: 0.0318s
Epoch: 0168 loss_train: 0.1078 acc_train: 0.9929 loss_val: 0.6218 acc_val: 0.7980 time: 0.0321s
Epoch: 0169 loss_train: 0.0826 acc_train: 1.0000 loss_val: 0.6221 acc_val: 0.7980 time: 0.0326s
Epoch: 0170 loss_train: 0.1057 acc_train: 1.0000 loss_val: 0.6197 acc_val: 0.8000 time: 0.0322s
Epoch: 0171 loss_train: 0.0946 acc_train: 1.0000 loss_val: 0.6168 acc_val: 0.8000 time: 0.0320s
Epoch: 0172 loss_train: 0.1134 acc_train: 0.9929 loss_val: 0.6138 acc_val: 0.8020 time: 0.0318s
Epoch: 0173 loss_train: 0.1191 acc_train: 1.0000 loss_val: 0.6131 acc_val: 0.8020 time: 0.0319s
Epoch: 0174 loss_train: 0.1091 acc_train: 1.0000 loss_val: 0.6125 acc_val: 0.7980 time: 0.0321s
Epoch: 0175 loss_train: 0.0969 acc_train: 1.0000 loss_val: 0.6128 acc_val: 0.7960 time: 0.0325s
Epoch: 0176 loss_train: 0.1112 acc_train: 1.0000 loss_val: 0.6134 acc_val: 0.7900 time: 0.0321s
Epoch: 0177 loss_train: 0.0973 acc_train: 1.0000 loss_val: 0.6157 acc_val: 0.7920 time: 0.0322s
Epoch: 0178 loss_train: 0.0963 acc_train: 1.0000 loss_val: 0.6182 acc_val: 0.7960 time: 0.0324s
Epoch: 0179 loss_train: 0.0838 acc_train: 0.9929 loss_val: 0.6210 acc_val: 0.7960 time: 0.0321s
Epoch: 0180 loss_train: 0.1137 acc_train: 1.0000 loss_val: 0.6231 acc_val: 0.8000 time: 0.0327s
Epoch: 0181 loss_train: 0.1086 acc_train: 0.9929 loss_val: 0.6260 acc_val: 0.7980 time: 0.0329s
Epoch: 0182 loss_train: 0.0983 acc_train: 1.0000 loss_val: 0.6249 acc_val: 0.7940 time: 0.0323s
Epoch: 0183 loss_train: 0.1065 acc_train: 0.9929 loss_val: 0.6203 acc_val: 0.7960 time: 0.0327s
Epoch: 0184 loss_train: 0.1060 acc_train: 0.9929 loss_val: 0.6147 acc_val: 0.7980 time: 0.0327s
Epoch: 0185 loss_train: 0.0984 acc_train: 1.0000 loss_val: 0.6101 acc_val: 0.8060 time: 0.0324s
Epoch: 0186 loss_train: 0.1017 acc_train: 1.0000 loss_val: 0.6060 acc_val: 0.8080 time: 0.0320s
Epoch: 0187 loss_train: 0.1002 acc_train: 1.0000 loss_val: 0.6047 acc_val: 0.8100 time: 0.0322s
Epoch: 0188 loss_train: 0.0968 acc_train: 1.0000 loss_val: 0.6057 acc_val: 0.8080 time: 0.0319s
Epoch: 0189 loss_train: 0.0959 acc_train: 0.9857 loss_val: 0.6089 acc_val: 0.8020 time: 0.0326s
Epoch: 0190 loss_train: 0.0837 acc_train: 1.0000 loss_val: 0.6129 acc_val: 0.8020 time: 0.0338s
Epoch: 0191 loss_train: 0.0743 acc_train: 1.0000 loss_val: 0.6172 acc_val: 0.7960 time: 0.0342s
Epoch: 0192 loss_train: 0.0892 acc_train: 1.0000 loss_val: 0.6220 acc_val: 0.7940 time: 0.0327s
Epoch: 0193 loss_train: 0.0997 acc_train: 1.0000 loss_val: 0.6232 acc_val: 0.7940 time: 0.0331s
Epoch: 0194 loss_train: 0.0939 acc_train: 1.0000 loss_val: 0.6197 acc_val: 0.7980 time: 0.0321s
Epoch: 0195 loss_train: 0.1113 acc_train: 1.0000 loss_val: 0.6112 acc_val: 0.8000 time: 0.0318s
Epoch: 0196 loss_train: 0.1208 acc_train: 1.0000 loss_val: 0.6020 acc_val: 0.7960 time: 0.0347s
Epoch: 0197 loss_train: 0.1046 acc_train: 1.0000 loss_val: 0.5961 acc_val: 0.7960 time: 0.0328s
Epoch: 0198 loss_train: 0.0750 acc_train: 1.0000 loss_val: 0.5934 acc_val: 0.7960 time: 0.0320s
Epoch: 0199 loss_train: 0.0885 acc_train: 1.0000 loss_val: 0.5938 acc_val: 0.7940 time: 0.0329s
Epoch: 0200 loss_train: 0.0975 acc_train: 0.9929 loss_val: 0.5982 acc_val: 0.7920 time: 0.0332s
Optimization Finished on cora!
Model: chebynet
2 layers ChebyNet with 3-th order Chebyshev Polynomial
Total time elapsed: 6.7473s
Test set results: loss= 0.5920 accuracy= 0.8100
