  NumNodes: 2708
  NumEdges: 10556
  NumFeats: 1433
  NumClasses: 7
  NumTrainingSamples: 140
  NumValidationSamples: 500
  NumTestSamples: 1000
Done loading data from cached files.
Epoch: 0001 loss_train: 1.9470 acc_train: 0.1429 loss_val: 1.9491 acc_val: 0.0680 time: 0.0386s
Epoch: 0002 loss_train: 1.9456 acc_train: 0.1429 loss_val: 1.9475 acc_val: 0.0680 time: 0.0186s
Epoch: 0003 loss_train: 1.9418 acc_train: 0.1857 loss_val: 1.9449 acc_val: 0.0980 time: 0.0188s
Epoch: 0004 loss_train: 1.9375 acc_train: 0.3714 loss_val: 1.9412 acc_val: 0.3120 time: 0.0190s
Epoch: 0005 loss_train: 1.9299 acc_train: 0.5286 loss_val: 1.9365 acc_val: 0.2920 time: 0.0199s
Epoch: 0006 loss_train: 1.9214 acc_train: 0.4857 loss_val: 1.9307 acc_val: 0.3280 time: 0.0194s
Epoch: 0007 loss_train: 1.9099 acc_train: 0.4714 loss_val: 1.9236 acc_val: 0.4020 time: 0.0196s
Epoch: 0008 loss_train: 1.8971 acc_train: 0.5429 loss_val: 1.9151 acc_val: 0.4960 time: 0.0193s
Epoch: 0009 loss_train: 1.8859 acc_train: 0.4714 loss_val: 1.9056 acc_val: 0.5520 time: 0.0187s
Epoch: 0010 loss_train: 1.8633 acc_train: 0.6071 loss_val: 1.8946 acc_val: 0.5840 time: 0.0201s
Epoch: 0011 loss_train: 1.8506 acc_train: 0.7000 loss_val: 1.8819 acc_val: 0.6000 time: 0.0200s
Epoch: 0012 loss_train: 1.8322 acc_train: 0.6786 loss_val: 1.8681 acc_val: 0.6140 time: 0.0195s
Epoch: 0013 loss_train: 1.8044 acc_train: 0.7357 loss_val: 1.8529 acc_val: 0.6040 time: 0.0194s
Epoch: 0014 loss_train: 1.7783 acc_train: 0.7286 loss_val: 1.8372 acc_val: 0.6080 time: 0.0196s
Epoch: 0015 loss_train: 1.7485 acc_train: 0.7571 loss_val: 1.8202 acc_val: 0.6200 time: 0.0191s
Epoch: 0016 loss_train: 1.7096 acc_train: 0.7714 loss_val: 1.8022 acc_val: 0.6220 time: 0.0193s
Epoch: 0017 loss_train: 1.6875 acc_train: 0.7571 loss_val: 1.7828 acc_val: 0.6140 time: 0.0191s
Epoch: 0018 loss_train: 1.6260 acc_train: 0.7857 loss_val: 1.7616 acc_val: 0.6220 time: 0.0191s
Epoch: 0019 loss_train: 1.6134 acc_train: 0.8071 loss_val: 1.7391 acc_val: 0.6240 time: 0.0189s
Epoch: 0020 loss_train: 1.5846 acc_train: 0.8000 loss_val: 1.7159 acc_val: 0.6300 time: 0.0191s
Epoch: 0021 loss_train: 1.5533 acc_train: 0.8286 loss_val: 1.6921 acc_val: 0.6480 time: 0.0191s
Epoch: 0022 loss_train: 1.5018 acc_train: 0.7500 loss_val: 1.6671 acc_val: 0.6500 time: 0.0185s
Epoch: 0023 loss_train: 1.4744 acc_train: 0.8071 loss_val: 1.6418 acc_val: 0.6540 time: 0.0182s
Epoch: 0024 loss_train: 1.4468 acc_train: 0.7571 loss_val: 1.6155 acc_val: 0.6580 time: 0.0188s
Epoch: 0025 loss_train: 1.3664 acc_train: 0.8429 loss_val: 1.5887 acc_val: 0.6680 time: 0.0187s
Epoch: 0026 loss_train: 1.3229 acc_train: 0.8643 loss_val: 1.5617 acc_val: 0.6740 time: 0.0187s
Epoch: 0027 loss_train: 1.2749 acc_train: 0.9071 loss_val: 1.5351 acc_val: 0.6900 time: 0.0189s
Epoch: 0028 loss_train: 1.2447 acc_train: 0.8500 loss_val: 1.5094 acc_val: 0.6920 time: 0.0180s
Epoch: 0029 loss_train: 1.2151 acc_train: 0.8500 loss_val: 1.4837 acc_val: 0.6980 time: 0.0197s
Epoch: 0030 loss_train: 1.1276 acc_train: 0.8857 loss_val: 1.4572 acc_val: 0.6920 time: 0.0186s
Epoch: 0031 loss_train: 1.1312 acc_train: 0.8643 loss_val: 1.4316 acc_val: 0.6920 time: 0.0190s
Epoch: 0032 loss_train: 1.0762 acc_train: 0.8929 loss_val: 1.4058 acc_val: 0.6960 time: 0.0186s
Epoch: 0033 loss_train: 1.0333 acc_train: 0.8929 loss_val: 1.3797 acc_val: 0.7060 time: 0.0185s
Epoch: 0034 loss_train: 0.9580 acc_train: 0.9143 loss_val: 1.3557 acc_val: 0.7140 time: 0.0185s
Epoch: 0035 loss_train: 0.9536 acc_train: 0.9143 loss_val: 1.3310 acc_val: 0.7140 time: 0.0183s
Epoch: 0036 loss_train: 0.8841 acc_train: 0.8929 loss_val: 1.3063 acc_val: 0.7220 time: 0.0181s
Epoch: 0037 loss_train: 0.8580 acc_train: 0.9429 loss_val: 1.2819 acc_val: 0.7380 time: 0.0185s
Epoch: 0038 loss_train: 0.8909 acc_train: 0.8857 loss_val: 1.2586 acc_val: 0.7340 time: 0.0183s
Epoch: 0039 loss_train: 0.7642 acc_train: 0.9643 loss_val: 1.2372 acc_val: 0.7280 time: 0.0187s
Epoch: 0040 loss_train: 0.7634 acc_train: 0.9071 loss_val: 1.2163 acc_val: 0.7280 time: 0.0187s
Epoch: 0041 loss_train: 0.7489 acc_train: 0.9286 loss_val: 1.1959 acc_val: 0.7340 time: 0.0188s
Epoch: 0042 loss_train: 0.7195 acc_train: 0.9500 loss_val: 1.1749 acc_val: 0.7340 time: 0.0186s
Epoch: 0043 loss_train: 0.7106 acc_train: 0.9571 loss_val: 1.1554 acc_val: 0.7380 time: 0.0192s
Epoch: 0044 loss_train: 0.6823 acc_train: 0.9429 loss_val: 1.1377 acc_val: 0.7420 time: 0.0186s
Epoch: 0045 loss_train: 0.6127 acc_train: 0.9643 loss_val: 1.1214 acc_val: 0.7460 time: 0.0191s
Epoch: 0046 loss_train: 0.6143 acc_train: 0.9500 loss_val: 1.1053 acc_val: 0.7500 time: 0.0183s
Epoch: 0047 loss_train: 0.5594 acc_train: 0.9643 loss_val: 1.0903 acc_val: 0.7560 time: 0.0191s
Epoch: 0048 loss_train: 0.5809 acc_train: 0.9500 loss_val: 1.0743 acc_val: 0.7560 time: 0.0185s
Epoch: 0049 loss_train: 0.6075 acc_train: 0.9071 loss_val: 1.0580 acc_val: 0.7620 time: 0.0183s
Epoch: 0050 loss_train: 0.5182 acc_train: 0.9714 loss_val: 1.0433 acc_val: 0.7680 time: 0.0186s
Epoch: 0051 loss_train: 0.5218 acc_train: 0.9643 loss_val: 1.0289 acc_val: 0.7680 time: 0.0190s
Epoch: 0052 loss_train: 0.5193 acc_train: 0.9714 loss_val: 1.0143 acc_val: 0.7720 time: 0.0188s
Epoch: 0053 loss_train: 0.4954 acc_train: 0.9643 loss_val: 1.0019 acc_val: 0.7660 time: 0.0185s
Epoch: 0054 loss_train: 0.4678 acc_train: 0.9429 loss_val: 0.9905 acc_val: 0.7560 time: 0.0188s
Epoch: 0055 loss_train: 0.4636 acc_train: 0.9357 loss_val: 0.9781 acc_val: 0.7600 time: 0.0184s
Epoch: 0056 loss_train: 0.4848 acc_train: 0.9429 loss_val: 0.9660 acc_val: 0.7620 time: 0.0188s
Epoch: 0057 loss_train: 0.3954 acc_train: 0.9714 loss_val: 0.9553 acc_val: 0.7640 time: 0.0189s
Epoch: 0058 loss_train: 0.4170 acc_train: 0.9571 loss_val: 0.9453 acc_val: 0.7640 time: 0.0186s
Epoch: 0059 loss_train: 0.3965 acc_train: 0.9786 loss_val: 0.9354 acc_val: 0.7620 time: 0.0188s
Epoch: 0060 loss_train: 0.3640 acc_train: 0.9857 loss_val: 0.9268 acc_val: 0.7640 time: 0.0184s
Epoch: 0061 loss_train: 0.4636 acc_train: 0.9357 loss_val: 0.9191 acc_val: 0.7620 time: 0.0187s
Epoch: 0062 loss_train: 0.3563 acc_train: 0.9714 loss_val: 0.9111 acc_val: 0.7700 time: 0.0188s
Epoch: 0063 loss_train: 0.3745 acc_train: 0.9643 loss_val: 0.9049 acc_val: 0.7680 time: 0.0182s
Epoch: 0064 loss_train: 0.3629 acc_train: 0.9643 loss_val: 0.8997 acc_val: 0.7680 time: 0.0184s
Epoch: 0065 loss_train: 0.3661 acc_train: 0.9357 loss_val: 0.8956 acc_val: 0.7680 time: 0.0187s
Epoch: 0066 loss_train: 0.3686 acc_train: 0.9714 loss_val: 0.8920 acc_val: 0.7620 time: 0.0186s
Epoch: 0067 loss_train: 0.3719 acc_train: 0.9857 loss_val: 0.8890 acc_val: 0.7600 time: 0.0186s
Epoch: 0068 loss_train: 0.4021 acc_train: 0.9571 loss_val: 0.8850 acc_val: 0.7600 time: 0.0190s
Epoch: 0069 loss_train: 0.3956 acc_train: 0.9643 loss_val: 0.8770 acc_val: 0.7600 time: 0.0183s
Epoch: 0070 loss_train: 0.3558 acc_train: 0.9643 loss_val: 0.8695 acc_val: 0.7560 time: 0.0187s
Epoch: 0071 loss_train: 0.3008 acc_train: 0.9714 loss_val: 0.8621 acc_val: 0.7580 time: 0.0186s
Epoch: 0072 loss_train: 0.2887 acc_train: 0.9786 loss_val: 0.8569 acc_val: 0.7580 time: 0.0187s
Epoch: 0073 loss_train: 0.3609 acc_train: 0.9643 loss_val: 0.8529 acc_val: 0.7580 time: 0.0191s
Epoch: 0074 loss_train: 0.3061 acc_train: 0.9643 loss_val: 0.8498 acc_val: 0.7600 time: 0.0183s
Epoch: 0075 loss_train: 0.3233 acc_train: 0.9643 loss_val: 0.8470 acc_val: 0.7600 time: 0.0192s
Epoch: 0076 loss_train: 0.3278 acc_train: 0.9500 loss_val: 0.8431 acc_val: 0.7660 time: 0.0186s
Epoch: 0077 loss_train: 0.3103 acc_train: 0.9714 loss_val: 0.8379 acc_val: 0.7620 time: 0.0183s
Epoch: 0078 loss_train: 0.3082 acc_train: 0.9643 loss_val: 0.8339 acc_val: 0.7640 time: 0.0192s
Epoch: 0079 loss_train: 0.2948 acc_train: 0.9571 loss_val: 0.8333 acc_val: 0.7620 time: 0.0184s
Epoch: 0080 loss_train: 0.3224 acc_train: 0.9643 loss_val: 0.8310 acc_val: 0.7600 time: 0.0188s
Epoch: 0081 loss_train: 0.2808 acc_train: 0.9714 loss_val: 0.8284 acc_val: 0.7580 time: 0.0192s
Epoch: 0082 loss_train: 0.2795 acc_train: 0.9857 loss_val: 0.8239 acc_val: 0.7580 time: 0.0186s
Epoch: 0083 loss_train: 0.2800 acc_train: 0.9714 loss_val: 0.8195 acc_val: 0.7600 time: 0.0190s
Epoch: 0084 loss_train: 0.2630 acc_train: 0.9929 loss_val: 0.8146 acc_val: 0.7620 time: 0.0186s
Epoch: 0085 loss_train: 0.2990 acc_train: 0.9714 loss_val: 0.8088 acc_val: 0.7600 time: 0.0193s
Epoch: 0086 loss_train: 0.2749 acc_train: 0.9786 loss_val: 0.8054 acc_val: 0.7620 time: 0.0186s
Epoch: 0087 loss_train: 0.2845 acc_train: 0.9714 loss_val: 0.8039 acc_val: 0.7640 time: 0.0181s
Epoch: 0088 loss_train: 0.2574 acc_train: 0.9571 loss_val: 0.8000 acc_val: 0.7600 time: 0.0188s
Epoch: 0089 loss_train: 0.2775 acc_train: 0.9714 loss_val: 0.7975 acc_val: 0.7620 time: 0.0186s
Epoch: 0090 loss_train: 0.2284 acc_train: 0.9929 loss_val: 0.7958 acc_val: 0.7640 time: 0.0184s
Epoch: 0091 loss_train: 0.2849 acc_train: 0.9714 loss_val: 0.7948 acc_val: 0.7640 time: 0.0182s
Epoch: 0092 loss_train: 0.2470 acc_train: 0.9929 loss_val: 0.7940 acc_val: 0.7640 time: 0.0185s
Epoch: 0093 loss_train: 0.2987 acc_train: 0.9714 loss_val: 0.7936 acc_val: 0.7640 time: 0.0188s
Epoch: 0094 loss_train: 0.2789 acc_train: 0.9714 loss_val: 0.7914 acc_val: 0.7620 time: 0.0186s
Epoch: 0095 loss_train: 0.2045 acc_train: 0.9929 loss_val: 0.7896 acc_val: 0.7660 time: 0.0186s
Epoch: 0096 loss_train: 0.2479 acc_train: 0.9929 loss_val: 0.7893 acc_val: 0.7660 time: 0.0187s
Epoch: 0097 loss_train: 0.2693 acc_train: 0.9643 loss_val: 0.7894 acc_val: 0.7700 time: 0.0194s
Epoch: 0098 loss_train: 0.2277 acc_train: 0.9929 loss_val: 0.7903 acc_val: 0.7720 time: 0.0192s
Epoch: 0099 loss_train: 0.2928 acc_train: 0.9857 loss_val: 0.7875 acc_val: 0.7700 time: 0.0187s
Epoch: 0100 loss_train: 0.2433 acc_train: 0.9857 loss_val: 0.7861 acc_val: 0.7680 time: 0.0185s
Epoch: 0101 loss_train: 0.2367 acc_train: 0.9857 loss_val: 0.7850 acc_val: 0.7700 time: 0.0185s
Epoch: 0102 loss_train: 0.2495 acc_train: 0.9714 loss_val: 0.7837 acc_val: 0.7680 time: 0.0183s
Epoch: 0103 loss_train: 0.2467 acc_train: 0.9786 loss_val: 0.7799 acc_val: 0.7680 time: 0.0187s
Epoch: 0104 loss_train: 0.2467 acc_train: 1.0000 loss_val: 0.7752 acc_val: 0.7700 time: 0.0185s
Epoch: 0105 loss_train: 0.2154 acc_train: 0.9929 loss_val: 0.7701 acc_val: 0.7680 time: 0.0184s
Epoch: 0106 loss_train: 0.2314 acc_train: 0.9857 loss_val: 0.7679 acc_val: 0.7720 time: 0.0184s
Epoch: 0107 loss_train: 0.2592 acc_train: 0.9643 loss_val: 0.7677 acc_val: 0.7740 time: 0.0190s
Epoch: 0108 loss_train: 0.2490 acc_train: 0.9786 loss_val: 0.7685 acc_val: 0.7700 time: 0.0187s
Epoch: 0109 loss_train: 0.2028 acc_train: 0.9714 loss_val: 0.7706 acc_val: 0.7660 time: 0.0188s
Epoch: 0110 loss_train: 0.2162 acc_train: 0.9786 loss_val: 0.7722 acc_val: 0.7620 time: 0.0185s
Epoch: 0111 loss_train: 0.2464 acc_train: 0.9714 loss_val: 0.7742 acc_val: 0.7620 time: 0.0184s
Epoch: 0112 loss_train: 0.1996 acc_train: 0.9929 loss_val: 0.7734 acc_val: 0.7640 time: 0.0186s
Epoch: 0113 loss_train: 0.2541 acc_train: 0.9714 loss_val: 0.7710 acc_val: 0.7580 time: 0.0185s
Epoch: 0114 loss_train: 0.2098 acc_train: 0.9643 loss_val: 0.7691 acc_val: 0.7600 time: 0.0187s
Epoch: 0115 loss_train: 0.2418 acc_train: 0.9571 loss_val: 0.7668 acc_val: 0.7600 time: 0.0183s
Epoch: 0116 loss_train: 0.1550 acc_train: 0.9929 loss_val: 0.7631 acc_val: 0.7600 time: 0.0184s
Epoch: 0117 loss_train: 0.2163 acc_train: 0.9857 loss_val: 0.7613 acc_val: 0.7560 time: 0.0187s
Epoch: 0118 loss_train: 0.2263 acc_train: 0.9786 loss_val: 0.7608 acc_val: 0.7580 time: 0.0195s
Epoch: 0119 loss_train: 0.1802 acc_train: 0.9929 loss_val: 0.7604 acc_val: 0.7600 time: 0.0191s
Epoch: 0120 loss_train: 0.2129 acc_train: 0.9857 loss_val: 0.7621 acc_val: 0.7620 time: 0.0185s
Epoch: 0121 loss_train: 0.2142 acc_train: 0.9786 loss_val: 0.7645 acc_val: 0.7560 time: 0.0187s
Epoch: 0122 loss_train: 0.1974 acc_train: 0.9786 loss_val: 0.7687 acc_val: 0.7580 time: 0.0183s
Epoch: 0123 loss_train: 0.1905 acc_train: 0.9929 loss_val: 0.7715 acc_val: 0.7580 time: 0.0189s
Epoch: 0124 loss_train: 0.1908 acc_train: 0.9929 loss_val: 0.7705 acc_val: 0.7540 time: 0.0188s
Epoch: 0125 loss_train: 0.2156 acc_train: 0.9714 loss_val: 0.7693 acc_val: 0.7500 time: 0.0189s
Epoch: 0126 loss_train: 0.2149 acc_train: 0.9857 loss_val: 0.7658 acc_val: 0.7540 time: 0.0183s
Epoch: 0127 loss_train: 0.1965 acc_train: 0.9786 loss_val: 0.7616 acc_val: 0.7580 time: 0.0185s
Epoch: 0128 loss_train: 0.1835 acc_train: 0.9786 loss_val: 0.7563 acc_val: 0.7600 time: 0.0187s
Epoch: 0129 loss_train: 0.2045 acc_train: 0.9857 loss_val: 0.7508 acc_val: 0.7620 time: 0.0188s
Epoch: 0130 loss_train: 0.2001 acc_train: 0.9786 loss_val: 0.7457 acc_val: 0.7620 time: 0.0184s
Epoch: 0131 loss_train: 0.1937 acc_train: 0.9929 loss_val: 0.7431 acc_val: 0.7640 time: 0.0183s
Epoch: 0132 loss_train: 0.2158 acc_train: 0.9929 loss_val: 0.7429 acc_val: 0.7620 time: 0.0186s
Epoch: 0133 loss_train: 0.2001 acc_train: 0.9857 loss_val: 0.7433 acc_val: 0.7620 time: 0.0197s
Epoch: 0134 loss_train: 0.2310 acc_train: 0.9714 loss_val: 0.7425 acc_val: 0.7620 time: 0.0195s
Epoch: 0135 loss_train: 0.1722 acc_train: 0.9929 loss_val: 0.7400 acc_val: 0.7660 time: 0.0185s
Epoch: 0136 loss_train: 0.1719 acc_train: 0.9929 loss_val: 0.7390 acc_val: 0.7640 time: 0.0188s
Epoch: 0137 loss_train: 0.1714 acc_train: 1.0000 loss_val: 0.7389 acc_val: 0.7660 time: 0.0185s
Epoch: 0138 loss_train: 0.1779 acc_train: 0.9929 loss_val: 0.7409 acc_val: 0.7680 time: 0.0182s
Epoch: 0139 loss_train: 0.1836 acc_train: 0.9857 loss_val: 0.7434 acc_val: 0.7680 time: 0.0188s
Epoch: 0140 loss_train: 0.1886 acc_train: 0.9786 loss_val: 0.7460 acc_val: 0.7620 time: 0.0186s
Epoch: 0141 loss_train: 0.1701 acc_train: 0.9929 loss_val: 0.7476 acc_val: 0.7600 time: 0.0188s
Epoch: 0142 loss_train: 0.1742 acc_train: 0.9929 loss_val: 0.7465 acc_val: 0.7560 time: 0.0191s
Epoch: 0143 loss_train: 0.1753 acc_train: 1.0000 loss_val: 0.7450 acc_val: 0.7600 time: 0.0187s
Epoch: 0144 loss_train: 0.1808 acc_train: 0.9929 loss_val: 0.7451 acc_val: 0.7620 time: 0.0188s
Epoch: 0145 loss_train: 0.1823 acc_train: 0.9857 loss_val: 0.7457 acc_val: 0.7580 time: 0.0188s
Epoch: 0146 loss_train: 0.1662 acc_train: 0.9786 loss_val: 0.7458 acc_val: 0.7600 time: 0.0188s
Epoch: 0147 loss_train: 0.1901 acc_train: 0.9714 loss_val: 0.7435 acc_val: 0.7600 time: 0.0188s
Epoch: 0148 loss_train: 0.1651 acc_train: 0.9929 loss_val: 0.7424 acc_val: 0.7600 time: 0.0189s
Epoch: 0149 loss_train: 0.1923 acc_train: 0.9929 loss_val: 0.7428 acc_val: 0.7580 time: 0.0189s
Epoch: 0150 loss_train: 0.1516 acc_train: 0.9929 loss_val: 0.7457 acc_val: 0.7580 time: 0.0186s
Epoch: 0151 loss_train: 0.1656 acc_train: 0.9929 loss_val: 0.7472 acc_val: 0.7580 time: 0.0191s
Epoch: 0152 loss_train: 0.1722 acc_train: 0.9857 loss_val: 0.7497 acc_val: 0.7620 time: 0.0186s
Epoch: 0153 loss_train: 0.1654 acc_train: 1.0000 loss_val: 0.7537 acc_val: 0.7560 time: 0.0186s
Epoch: 0154 loss_train: 0.1947 acc_train: 0.9786 loss_val: 0.7569 acc_val: 0.7500 time: 0.0185s
Epoch: 0155 loss_train: 0.1677 acc_train: 0.9857 loss_val: 0.7578 acc_val: 0.7500 time: 0.0184s
Epoch: 0156 loss_train: 0.1649 acc_train: 0.9929 loss_val: 0.7563 acc_val: 0.7540 time: 0.0187s
Epoch: 0157 loss_train: 0.1553 acc_train: 1.0000 loss_val: 0.7513 acc_val: 0.7540 time: 0.0183s
Epoch: 0158 loss_train: 0.1736 acc_train: 0.9714 loss_val: 0.7469 acc_val: 0.7560 time: 0.0184s
Epoch: 0159 loss_train: 0.1388 acc_train: 1.0000 loss_val: 0.7439 acc_val: 0.7580 time: 0.0182s
Epoch: 0160 loss_train: 0.1896 acc_train: 0.9857 loss_val: 0.7401 acc_val: 0.7640 time: 0.0186s
Epoch: 0161 loss_train: 0.1706 acc_train: 0.9929 loss_val: 0.7367 acc_val: 0.7660 time: 0.0186s
Epoch: 0162 loss_train: 0.1626 acc_train: 1.0000 loss_val: 0.7374 acc_val: 0.7620 time: 0.0181s
Epoch: 0163 loss_train: 0.1574 acc_train: 1.0000 loss_val: 0.7383 acc_val: 0.7620 time: 0.0184s
Epoch: 0164 loss_train: 0.1850 acc_train: 0.9786 loss_val: 0.7398 acc_val: 0.7620 time: 0.0185s
Epoch: 0165 loss_train: 0.1886 acc_train: 0.9929 loss_val: 0.7412 acc_val: 0.7620 time: 0.0185s
Epoch: 0166 loss_train: 0.1707 acc_train: 0.9857 loss_val: 0.7406 acc_val: 0.7620 time: 0.0185s
Epoch: 0167 loss_train: 0.1696 acc_train: 0.9929 loss_val: 0.7385 acc_val: 0.7620 time: 0.0183s
Epoch: 0168 loss_train: 0.1625 acc_train: 0.9786 loss_val: 0.7362 acc_val: 0.7640 time: 0.0185s
Epoch: 0169 loss_train: 0.1610 acc_train: 0.9929 loss_val: 0.7339 acc_val: 0.7620 time: 0.0184s
Epoch: 0170 loss_train: 0.1683 acc_train: 0.9714 loss_val: 0.7304 acc_val: 0.7620 time: 0.0184s
Epoch: 0171 loss_train: 0.1531 acc_train: 1.0000 loss_val: 0.7290 acc_val: 0.7620 time: 0.0190s
Epoch: 0172 loss_train: 0.1680 acc_train: 1.0000 loss_val: 0.7283 acc_val: 0.7620 time: 0.0184s
Epoch: 0173 loss_train: 0.1501 acc_train: 1.0000 loss_val: 0.7246 acc_val: 0.7660 time: 0.0190s
Epoch: 0174 loss_train: 0.1582 acc_train: 0.9857 loss_val: 0.7192 acc_val: 0.7660 time: 0.0187s
Epoch: 0175 loss_train: 0.1851 acc_train: 0.9857 loss_val: 0.7158 acc_val: 0.7720 time: 0.0183s
Epoch: 0176 loss_train: 0.1407 acc_train: 1.0000 loss_val: 0.7166 acc_val: 0.7680 time: 0.0188s
Epoch: 0177 loss_train: 0.1516 acc_train: 0.9929 loss_val: 0.7200 acc_val: 0.7680 time: 0.0186s
Epoch: 0178 loss_train: 0.1460 acc_train: 0.9786 loss_val: 0.7221 acc_val: 0.7720 time: 0.0184s
Epoch: 0179 loss_train: 0.1577 acc_train: 0.9786 loss_val: 0.7235 acc_val: 0.7720 time: 0.0189s
Epoch: 0180 loss_train: 0.1698 acc_train: 0.9714 loss_val: 0.7226 acc_val: 0.7740 time: 0.0182s
Epoch: 0181 loss_train: 0.1518 acc_train: 1.0000 loss_val: 0.7224 acc_val: 0.7760 time: 0.0190s
Epoch: 0182 loss_train: 0.1668 acc_train: 0.9857 loss_val: 0.7203 acc_val: 0.7740 time: 0.0184s
Epoch: 0183 loss_train: 0.1445 acc_train: 0.9929 loss_val: 0.7195 acc_val: 0.7740 time: 0.0185s
Epoch: 0184 loss_train: 0.1770 acc_train: 0.9929 loss_val: 0.7208 acc_val: 0.7740 time: 0.0185s
Epoch: 0185 loss_train: 0.1508 acc_train: 0.9786 loss_val: 0.7254 acc_val: 0.7700 time: 0.0185s
Epoch: 0186 loss_train: 0.1410 acc_train: 0.9857 loss_val: 0.7300 acc_val: 0.7660 time: 0.0184s
Epoch: 0187 loss_train: 0.1255 acc_train: 1.0000 loss_val: 0.7341 acc_val: 0.7580 time: 0.0190s
Epoch: 0188 loss_train: 0.1456 acc_train: 0.9929 loss_val: 0.7330 acc_val: 0.7620 time: 0.0185s
Epoch: 0189 loss_train: 0.1806 acc_train: 0.9857 loss_val: 0.7309 acc_val: 0.7680 time: 0.0187s
Epoch: 0190 loss_train: 0.1712 acc_train: 0.9929 loss_val: 0.7301 acc_val: 0.7680 time: 0.0183s
Epoch: 0191 loss_train: 0.1736 acc_train: 0.9643 loss_val: 0.7262 acc_val: 0.7700 time: 0.0184s
Epoch: 0192 loss_train: 0.1500 acc_train: 0.9929 loss_val: 0.7222 acc_val: 0.7680 time: 0.0190s
Epoch: 0193 loss_train: 0.1617 acc_train: 0.9929 loss_val: 0.7220 acc_val: 0.7660 time: 0.0184s
Epoch: 0194 loss_train: 0.1629 acc_train: 0.9857 loss_val: 0.7250 acc_val: 0.7660 time: 0.0184s
Epoch: 0195 loss_train: 0.1735 acc_train: 0.9786 loss_val: 0.7285 acc_val: 0.7620 time: 0.0185s
Epoch: 0196 loss_train: 0.1896 acc_train: 0.9786 loss_val: 0.7290 acc_val: 0.7640 time: 0.0184s
Epoch: 0197 loss_train: 0.1808 acc_train: 0.9929 loss_val: 0.7294 acc_val: 0.7640 time: 0.0186s
Epoch: 0198 loss_train: 0.1791 acc_train: 0.9929 loss_val: 0.7322 acc_val: 0.7640 time: 0.0191s
Epoch: 0199 loss_train: 0.1313 acc_train: 0.9857 loss_val: 0.7352 acc_val: 0.7620 time: 0.0183s
Epoch: 0200 loss_train: 0.1752 acc_train: 0.9786 loss_val: 0.7339 acc_val: 0.7660 time: 0.0183s
Optimization Finished on cora!
Model: chebynet
2 layers ChebyNet with 2-th order Chebyshev Polynomial
Total time elapsed: 3.8277s
Test set results: loss= 0.7513 accuracy= 0.7690
