  NumNodes: 3327
  NumEdges: 9228
  NumFeats: 3703
  NumClasses: 6
  NumTrainingSamples: 120
  NumValidationSamples: 500
  NumTestSamples: 1000
Done loading data from cached files.
Epoch: 0001 loss_train: 1.8179 acc_train: 0.1583 loss_val: 1.8172 acc_val: 0.0760 time: 0.0227s
Epoch: 0002 loss_train: 1.8103 acc_train: 0.1750 loss_val: 1.8103 acc_val: 0.0760 time: 0.0099s
Epoch: 0003 loss_train: 1.8133 acc_train: 0.1500 loss_val: 1.8049 acc_val: 0.0760 time: 0.0098s
Epoch: 0004 loss_train: 1.7980 acc_train: 0.2000 loss_val: 1.8002 acc_val: 0.0760 time: 0.0090s
Epoch: 0005 loss_train: 1.7889 acc_train: 0.1750 loss_val: 1.7963 acc_val: 0.0760 time: 0.0091s
Epoch: 0006 loss_train: 1.7766 acc_train: 0.2167 loss_val: 1.7931 acc_val: 0.0760 time: 0.0093s
Epoch: 0007 loss_train: 1.7812 acc_train: 0.2167 loss_val: 1.7905 acc_val: 0.0760 time: 0.0096s
Epoch: 0008 loss_train: 1.7822 acc_train: 0.1583 loss_val: 1.7882 acc_val: 0.0760 time: 0.0092s
Epoch: 0009 loss_train: 1.7689 acc_train: 0.2417 loss_val: 1.7862 acc_val: 0.0800 time: 0.0093s
Epoch: 0010 loss_train: 1.7608 acc_train: 0.3333 loss_val: 1.7845 acc_val: 0.1640 time: 0.0093s
Epoch: 0011 loss_train: 1.7729 acc_train: 0.2667 loss_val: 1.7828 acc_val: 0.2880 time: 0.0090s
Epoch: 0012 loss_train: 1.7469 acc_train: 0.3500 loss_val: 1.7811 acc_val: 0.2640 time: 0.0091s
Epoch: 0013 loss_train: 1.7523 acc_train: 0.3000 loss_val: 1.7793 acc_val: 0.2580 time: 0.0093s
Epoch: 0014 loss_train: 1.7469 acc_train: 0.3000 loss_val: 1.7776 acc_val: 0.2380 time: 0.0094s
Epoch: 0015 loss_train: 1.7597 acc_train: 0.2500 loss_val: 1.7758 acc_val: 0.2360 time: 0.0093s
Epoch: 0016 loss_train: 1.7510 acc_train: 0.2750 loss_val: 1.7737 acc_val: 0.2360 time: 0.0096s
Epoch: 0017 loss_train: 1.7375 acc_train: 0.3917 loss_val: 1.7717 acc_val: 0.2460 time: 0.0096s
Epoch: 0018 loss_train: 1.7233 acc_train: 0.4667 loss_val: 1.7695 acc_val: 0.2880 time: 0.0095s
Epoch: 0019 loss_train: 1.7359 acc_train: 0.4250 loss_val: 1.7672 acc_val: 0.3440 time: 0.0091s
Epoch: 0020 loss_train: 1.7220 acc_train: 0.3833 loss_val: 1.7647 acc_val: 0.3920 time: 0.0097s
Epoch: 0021 loss_train: 1.6980 acc_train: 0.4417 loss_val: 1.7620 acc_val: 0.4500 time: 0.0101s
Epoch: 0022 loss_train: 1.7128 acc_train: 0.4917 loss_val: 1.7589 acc_val: 0.4780 time: 0.0101s
Epoch: 0023 loss_train: 1.6973 acc_train: 0.5833 loss_val: 1.7555 acc_val: 0.4860 time: 0.0095s
Epoch: 0024 loss_train: 1.6954 acc_train: 0.5417 loss_val: 1.7517 acc_val: 0.5020 time: 0.0105s
Epoch: 0025 loss_train: 1.6782 acc_train: 0.5750 loss_val: 1.7477 acc_val: 0.5060 time: 0.0098s
Epoch: 0026 loss_train: 1.6785 acc_train: 0.5750 loss_val: 1.7438 acc_val: 0.5060 time: 0.0094s
Epoch: 0027 loss_train: 1.6735 acc_train: 0.5583 loss_val: 1.7395 acc_val: 0.5220 time: 0.0097s
Epoch: 0028 loss_train: 1.6542 acc_train: 0.7167 loss_val: 1.7352 acc_val: 0.5580 time: 0.0095s
Epoch: 0029 loss_train: 1.6395 acc_train: 0.6833 loss_val: 1.7305 acc_val: 0.5740 time: 0.0093s
Epoch: 0030 loss_train: 1.6338 acc_train: 0.6917 loss_val: 1.7256 acc_val: 0.5940 time: 0.0092s
Epoch: 0031 loss_train: 1.6293 acc_train: 0.7250 loss_val: 1.7207 acc_val: 0.5920 time: 0.0092s
Epoch: 0032 loss_train: 1.6004 acc_train: 0.7917 loss_val: 1.7159 acc_val: 0.5840 time: 0.0095s
Epoch: 0033 loss_train: 1.5951 acc_train: 0.7667 loss_val: 1.7110 acc_val: 0.5840 time: 0.0094s
Epoch: 0034 loss_train: 1.5826 acc_train: 0.7833 loss_val: 1.7059 acc_val: 0.5800 time: 0.0094s
Epoch: 0035 loss_train: 1.5876 acc_train: 0.7667 loss_val: 1.7005 acc_val: 0.5740 time: 0.0095s
Epoch: 0036 loss_train: 1.5603 acc_train: 0.8417 loss_val: 1.6947 acc_val: 0.5720 time: 0.0094s
Epoch: 0037 loss_train: 1.5602 acc_train: 0.7667 loss_val: 1.6883 acc_val: 0.5800 time: 0.0092s
Epoch: 0038 loss_train: 1.5252 acc_train: 0.8083 loss_val: 1.6816 acc_val: 0.5820 time: 0.0091s
Epoch: 0039 loss_train: 1.5290 acc_train: 0.8000 loss_val: 1.6747 acc_val: 0.5980 time: 0.0091s
Epoch: 0040 loss_train: 1.4981 acc_train: 0.8000 loss_val: 1.6681 acc_val: 0.6160 time: 0.0094s
Epoch: 0041 loss_train: 1.5155 acc_train: 0.8083 loss_val: 1.6615 acc_val: 0.6160 time: 0.0093s
Epoch: 0042 loss_train: 1.4731 acc_train: 0.8583 loss_val: 1.6552 acc_val: 0.6140 time: 0.0094s
Epoch: 0043 loss_train: 1.4708 acc_train: 0.8417 loss_val: 1.6488 acc_val: 0.6200 time: 0.0091s
Epoch: 0044 loss_train: 1.4592 acc_train: 0.7833 loss_val: 1.6426 acc_val: 0.6140 time: 0.0093s
Epoch: 0045 loss_train: 1.4347 acc_train: 0.8583 loss_val: 1.6363 acc_val: 0.6140 time: 0.0097s
Epoch: 0046 loss_train: 1.4230 acc_train: 0.8667 loss_val: 1.6298 acc_val: 0.6140 time: 0.0092s
Epoch: 0047 loss_train: 1.4471 acc_train: 0.8250 loss_val: 1.6234 acc_val: 0.5940 time: 0.0091s
Epoch: 0048 loss_train: 1.4205 acc_train: 0.7667 loss_val: 1.6166 acc_val: 0.5920 time: 0.0089s
Epoch: 0049 loss_train: 1.3863 acc_train: 0.8917 loss_val: 1.6101 acc_val: 0.5900 time: 0.0093s
Epoch: 0050 loss_train: 1.3575 acc_train: 0.8750 loss_val: 1.6037 acc_val: 0.5820 time: 0.0091s
Epoch: 0051 loss_train: 1.3543 acc_train: 0.8417 loss_val: 1.5970 acc_val: 0.5860 time: 0.0097s
Epoch: 0052 loss_train: 1.3321 acc_train: 0.8667 loss_val: 1.5890 acc_val: 0.5840 time: 0.0092s
Epoch: 0053 loss_train: 1.2719 acc_train: 0.8917 loss_val: 1.5803 acc_val: 0.5900 time: 0.0095s
Epoch: 0054 loss_train: 1.2943 acc_train: 0.8333 loss_val: 1.5707 acc_val: 0.6000 time: 0.0090s
Epoch: 0055 loss_train: 1.2991 acc_train: 0.8417 loss_val: 1.5603 acc_val: 0.6220 time: 0.0092s
Epoch: 0056 loss_train: 1.2659 acc_train: 0.8583 loss_val: 1.5497 acc_val: 0.6280 time: 0.0093s
Epoch: 0057 loss_train: 1.2228 acc_train: 0.9083 loss_val: 1.5404 acc_val: 0.6340 time: 0.0092s
Epoch: 0058 loss_train: 1.2157 acc_train: 0.8667 loss_val: 1.5312 acc_val: 0.6340 time: 0.0093s
Epoch: 0059 loss_train: 1.1961 acc_train: 0.8500 loss_val: 1.5224 acc_val: 0.6320 time: 0.0092s
Epoch: 0060 loss_train: 1.1829 acc_train: 0.9000 loss_val: 1.5137 acc_val: 0.6320 time: 0.0093s
Epoch: 0061 loss_train: 1.1813 acc_train: 0.9083 loss_val: 1.5052 acc_val: 0.6340 time: 0.0094s
Epoch: 0062 loss_train: 1.1444 acc_train: 0.9167 loss_val: 1.4965 acc_val: 0.6360 time: 0.0092s
Epoch: 0063 loss_train: 1.1350 acc_train: 0.9000 loss_val: 1.4878 acc_val: 0.6380 time: 0.0092s
Epoch: 0064 loss_train: 1.1284 acc_train: 0.9083 loss_val: 1.4793 acc_val: 0.6360 time: 0.0093s
Epoch: 0065 loss_train: 1.0921 acc_train: 0.9000 loss_val: 1.4717 acc_val: 0.6320 time: 0.0095s
Epoch: 0066 loss_train: 1.0722 acc_train: 0.9333 loss_val: 1.4646 acc_val: 0.6260 time: 0.0094s
Epoch: 0067 loss_train: 1.1088 acc_train: 0.8917 loss_val: 1.4574 acc_val: 0.6220 time: 0.0094s
Epoch: 0068 loss_train: 1.0620 acc_train: 0.8667 loss_val: 1.4493 acc_val: 0.6260 time: 0.0093s
Epoch: 0069 loss_train: 1.0677 acc_train: 0.8750 loss_val: 1.4410 acc_val: 0.6300 time: 0.0090s
Epoch: 0070 loss_train: 1.0350 acc_train: 0.9500 loss_val: 1.4324 acc_val: 0.6340 time: 0.0091s
Epoch: 0071 loss_train: 0.9927 acc_train: 0.9167 loss_val: 1.4239 acc_val: 0.6400 time: 0.0096s
Epoch: 0072 loss_train: 1.0044 acc_train: 0.9167 loss_val: 1.4153 acc_val: 0.6340 time: 0.0098s
Epoch: 0073 loss_train: 1.0003 acc_train: 0.9250 loss_val: 1.4070 acc_val: 0.6340 time: 0.0093s
Epoch: 0074 loss_train: 0.9727 acc_train: 0.9250 loss_val: 1.3983 acc_val: 0.6380 time: 0.0124s
Epoch: 0075 loss_train: 0.9711 acc_train: 0.9500 loss_val: 1.3909 acc_val: 0.6360 time: 0.0131s
Epoch: 0076 loss_train: 0.9575 acc_train: 0.9250 loss_val: 1.3834 acc_val: 0.6300 time: 0.0102s
Epoch: 0077 loss_train: 0.9173 acc_train: 0.8917 loss_val: 1.3757 acc_val: 0.6340 time: 0.0094s
Epoch: 0078 loss_train: 0.9009 acc_train: 0.9333 loss_val: 1.3682 acc_val: 0.6340 time: 0.0095s
Epoch: 0079 loss_train: 0.9330 acc_train: 0.9000 loss_val: 1.3616 acc_val: 0.6320 time: 0.0097s
Epoch: 0080 loss_train: 0.8950 acc_train: 0.9083 loss_val: 1.3548 acc_val: 0.6340 time: 0.0097s
Epoch: 0081 loss_train: 0.9130 acc_train: 0.8750 loss_val: 1.3486 acc_val: 0.6420 time: 0.0095s
Epoch: 0082 loss_train: 0.8745 acc_train: 0.9167 loss_val: 1.3422 acc_val: 0.6440 time: 0.0092s
Epoch: 0083 loss_train: 0.8492 acc_train: 0.9333 loss_val: 1.3357 acc_val: 0.6440 time: 0.0095s
Epoch: 0084 loss_train: 0.8875 acc_train: 0.9083 loss_val: 1.3294 acc_val: 0.6460 time: 0.0097s
Epoch: 0085 loss_train: 0.8247 acc_train: 0.9583 loss_val: 1.3231 acc_val: 0.6380 time: 0.0100s
Epoch: 0086 loss_train: 0.8408 acc_train: 0.9250 loss_val: 1.3174 acc_val: 0.6420 time: 0.0092s
Epoch: 0087 loss_train: 0.8182 acc_train: 0.9250 loss_val: 1.3115 acc_val: 0.6360 time: 0.0093s
Epoch: 0088 loss_train: 0.8305 acc_train: 0.9250 loss_val: 1.3057 acc_val: 0.6400 time: 0.0097s
Epoch: 0089 loss_train: 0.8001 acc_train: 0.9333 loss_val: 1.2995 acc_val: 0.6360 time: 0.0093s
Epoch: 0090 loss_train: 0.7928 acc_train: 0.9417 loss_val: 1.2930 acc_val: 0.6320 time: 0.0094s
Epoch: 0091 loss_train: 0.7666 acc_train: 0.9417 loss_val: 1.2868 acc_val: 0.6420 time: 0.0091s
Epoch: 0092 loss_train: 0.7889 acc_train: 0.9333 loss_val: 1.2814 acc_val: 0.6460 time: 0.0093s
Epoch: 0093 loss_train: 0.7992 acc_train: 0.9083 loss_val: 1.2769 acc_val: 0.6480 time: 0.0095s
Epoch: 0094 loss_train: 0.8028 acc_train: 0.9250 loss_val: 1.2729 acc_val: 0.6400 time: 0.0093s
Epoch: 0095 loss_train: 0.7543 acc_train: 0.9500 loss_val: 1.2696 acc_val: 0.6420 time: 0.0094s
Epoch: 0096 loss_train: 0.7678 acc_train: 0.9333 loss_val: 1.2661 acc_val: 0.6400 time: 0.0095s
Epoch: 0097 loss_train: 0.7008 acc_train: 0.9667 loss_val: 1.2627 acc_val: 0.6380 time: 0.0093s
Epoch: 0098 loss_train: 0.7226 acc_train: 0.9667 loss_val: 1.2590 acc_val: 0.6400 time: 0.0093s
Epoch: 0099 loss_train: 0.6683 acc_train: 0.9500 loss_val: 1.2546 acc_val: 0.6420 time: 0.0094s
Epoch: 0100 loss_train: 0.7434 acc_train: 0.9333 loss_val: 1.2495 acc_val: 0.6420 time: 0.0093s
Epoch: 0101 loss_train: 0.7297 acc_train: 0.9250 loss_val: 1.2450 acc_val: 0.6460 time: 0.0093s
Epoch: 0102 loss_train: 0.7211 acc_train: 0.9083 loss_val: 1.2402 acc_val: 0.6460 time: 0.0096s
Epoch: 0103 loss_train: 0.7027 acc_train: 0.9583 loss_val: 1.2361 acc_val: 0.6480 time: 0.0093s
Epoch: 0104 loss_train: 0.6698 acc_train: 0.9417 loss_val: 1.2330 acc_val: 0.6480 time: 0.0092s
Epoch: 0105 loss_train: 0.6789 acc_train: 0.9583 loss_val: 1.2301 acc_val: 0.6400 time: 0.0093s
Epoch: 0106 loss_train: 0.6616 acc_train: 0.9750 loss_val: 1.2270 acc_val: 0.6380 time: 0.0091s
Epoch: 0107 loss_train: 0.6393 acc_train: 0.9500 loss_val: 1.2236 acc_val: 0.6380 time: 0.0097s
Epoch: 0108 loss_train: 0.6472 acc_train: 0.9500 loss_val: 1.2197 acc_val: 0.6400 time: 0.0096s
Epoch: 0109 loss_train: 0.6142 acc_train: 0.9500 loss_val: 1.2156 acc_val: 0.6440 time: 0.0092s
Epoch: 0110 loss_train: 0.6765 acc_train: 0.9250 loss_val: 1.2122 acc_val: 0.6440 time: 0.0092s
Epoch: 0111 loss_train: 0.6586 acc_train: 0.9333 loss_val: 1.2087 acc_val: 0.6460 time: 0.0095s
Epoch: 0112 loss_train: 0.6568 acc_train: 0.9667 loss_val: 1.2053 acc_val: 0.6480 time: 0.0095s
Epoch: 0113 loss_train: 0.6403 acc_train: 0.9500 loss_val: 1.2021 acc_val: 0.6500 time: 0.0091s
Epoch: 0114 loss_train: 0.6398 acc_train: 0.9500 loss_val: 1.1995 acc_val: 0.6440 time: 0.0093s
Epoch: 0115 loss_train: 0.5831 acc_train: 0.9667 loss_val: 1.1966 acc_val: 0.6440 time: 0.0104s
Epoch: 0116 loss_train: 0.6500 acc_train: 0.9500 loss_val: 1.1933 acc_val: 0.6420 time: 0.0098s
Epoch: 0117 loss_train: 0.5858 acc_train: 0.9583 loss_val: 1.1905 acc_val: 0.6420 time: 0.0092s
Epoch: 0118 loss_train: 0.6182 acc_train: 0.9583 loss_val: 1.1873 acc_val: 0.6420 time: 0.0091s
Epoch: 0119 loss_train: 0.6100 acc_train: 0.9583 loss_val: 1.1831 acc_val: 0.6460 time: 0.0091s
Epoch: 0120 loss_train: 0.5827 acc_train: 0.9833 loss_val: 1.1789 acc_val: 0.6520 time: 0.0090s
Epoch: 0121 loss_train: 0.5516 acc_train: 0.9667 loss_val: 1.1755 acc_val: 0.6540 time: 0.0091s
Epoch: 0122 loss_train: 0.6114 acc_train: 0.9333 loss_val: 1.1728 acc_val: 0.6560 time: 0.0095s
Epoch: 0123 loss_train: 0.5825 acc_train: 0.9583 loss_val: 1.1708 acc_val: 0.6600 time: 0.0093s
Epoch: 0124 loss_train: 0.6026 acc_train: 0.9500 loss_val: 1.1688 acc_val: 0.6580 time: 0.0093s
Epoch: 0125 loss_train: 0.6056 acc_train: 0.9250 loss_val: 1.1666 acc_val: 0.6500 time: 0.0095s
Epoch: 0126 loss_train: 0.5823 acc_train: 0.9583 loss_val: 1.1646 acc_val: 0.6460 time: 0.0099s
Epoch: 0127 loss_train: 0.5476 acc_train: 0.9833 loss_val: 1.1626 acc_val: 0.6440 time: 0.0094s
Epoch: 0128 loss_train: 0.6095 acc_train: 0.9333 loss_val: 1.1598 acc_val: 0.6480 time: 0.0095s
Epoch: 0129 loss_train: 0.5618 acc_train: 0.9583 loss_val: 1.1570 acc_val: 0.6520 time: 0.0096s
Epoch: 0130 loss_train: 0.6038 acc_train: 0.9333 loss_val: 1.1543 acc_val: 0.6500 time: 0.0091s
Epoch: 0131 loss_train: 0.5438 acc_train: 0.9750 loss_val: 1.1523 acc_val: 0.6540 time: 0.0093s
Epoch: 0132 loss_train: 0.5388 acc_train: 0.9750 loss_val: 1.1504 acc_val: 0.6560 time: 0.0093s
Epoch: 0133 loss_train: 0.5004 acc_train: 0.9833 loss_val: 1.1493 acc_val: 0.6560 time: 0.0092s
Epoch: 0134 loss_train: 0.5844 acc_train: 0.9417 loss_val: 1.1478 acc_val: 0.6560 time: 0.0093s
Epoch: 0135 loss_train: 0.5498 acc_train: 0.9250 loss_val: 1.1470 acc_val: 0.6540 time: 0.0093s
Epoch: 0136 loss_train: 0.5107 acc_train: 0.9917 loss_val: 1.1455 acc_val: 0.6500 time: 0.0091s
Epoch: 0137 loss_train: 0.5366 acc_train: 0.9833 loss_val: 1.1429 acc_val: 0.6460 time: 0.0091s
Epoch: 0138 loss_train: 0.5497 acc_train: 0.9667 loss_val: 1.1397 acc_val: 0.6460 time: 0.0094s
Epoch: 0139 loss_train: 0.5238 acc_train: 0.9500 loss_val: 1.1368 acc_val: 0.6480 time: 0.0093s
Epoch: 0140 loss_train: 0.5276 acc_train: 0.9667 loss_val: 1.1339 acc_val: 0.6520 time: 0.0095s
Epoch: 0141 loss_train: 0.5338 acc_train: 0.9583 loss_val: 1.1317 acc_val: 0.6560 time: 0.0091s
Epoch: 0142 loss_train: 0.5593 acc_train: 0.9333 loss_val: 1.1298 acc_val: 0.6520 time: 0.0094s
Epoch: 0143 loss_train: 0.5046 acc_train: 0.9750 loss_val: 1.1284 acc_val: 0.6480 time: 0.0090s
Epoch: 0144 loss_train: 0.4999 acc_train: 1.0000 loss_val: 1.1271 acc_val: 0.6440 time: 0.0090s
Epoch: 0145 loss_train: 0.5174 acc_train: 0.9667 loss_val: 1.1256 acc_val: 0.6460 time: 0.0093s
Epoch: 0146 loss_train: 0.5158 acc_train: 0.9583 loss_val: 1.1241 acc_val: 0.6480 time: 0.0091s
Epoch: 0147 loss_train: 0.4880 acc_train: 0.9583 loss_val: 1.1229 acc_val: 0.6500 time: 0.0092s
Epoch: 0148 loss_train: 0.4846 acc_train: 0.9833 loss_val: 1.1210 acc_val: 0.6540 time: 0.0089s
Epoch: 0149 loss_train: 0.5163 acc_train: 0.9667 loss_val: 1.1192 acc_val: 0.6560 time: 0.0092s
Epoch: 0150 loss_train: 0.4615 acc_train: 0.9667 loss_val: 1.1163 acc_val: 0.6560 time: 0.0093s
Epoch: 0151 loss_train: 0.5055 acc_train: 0.9583 loss_val: 1.1143 acc_val: 0.6540 time: 0.0088s
Epoch: 0152 loss_train: 0.4680 acc_train: 0.9583 loss_val: 1.1133 acc_val: 0.6500 time: 0.0092s
Epoch: 0153 loss_train: 0.4749 acc_train: 0.9667 loss_val: 1.1131 acc_val: 0.6460 time: 0.0093s
Epoch: 0154 loss_train: 0.4486 acc_train: 0.9750 loss_val: 1.1130 acc_val: 0.6460 time: 0.0093s
Epoch: 0155 loss_train: 0.4785 acc_train: 0.9833 loss_val: 1.1127 acc_val: 0.6440 time: 0.0091s
Epoch: 0156 loss_train: 0.4681 acc_train: 0.9833 loss_val: 1.1109 acc_val: 0.6420 time: 0.0090s
Epoch: 0157 loss_train: 0.4674 acc_train: 0.9500 loss_val: 1.1080 acc_val: 0.6460 time: 0.0091s
Epoch: 0158 loss_train: 0.4495 acc_train: 0.9750 loss_val: 1.1055 acc_val: 0.6500 time: 0.0091s
Epoch: 0159 loss_train: 0.4691 acc_train: 0.9833 loss_val: 1.1036 acc_val: 0.6540 time: 0.0090s
Epoch: 0160 loss_train: 0.4802 acc_train: 0.9667 loss_val: 1.1018 acc_val: 0.6560 time: 0.0094s
Epoch: 0161 loss_train: 0.4628 acc_train: 0.9500 loss_val: 1.1007 acc_val: 0.6540 time: 0.0092s
Epoch: 0162 loss_train: 0.4668 acc_train: 0.9583 loss_val: 1.1000 acc_val: 0.6580 time: 0.0090s
Epoch: 0163 loss_train: 0.4037 acc_train: 0.9750 loss_val: 1.0994 acc_val: 0.6560 time: 0.0094s
Epoch: 0164 loss_train: 0.4327 acc_train: 0.9750 loss_val: 1.0976 acc_val: 0.6600 time: 0.0093s
Epoch: 0165 loss_train: 0.4649 acc_train: 0.9750 loss_val: 1.0953 acc_val: 0.6600 time: 0.0094s
Epoch: 0166 loss_train: 0.4822 acc_train: 0.9750 loss_val: 1.0926 acc_val: 0.6580 time: 0.0093s
Epoch: 0167 loss_train: 0.4269 acc_train: 0.9833 loss_val: 1.0902 acc_val: 0.6580 time: 0.0091s
Epoch: 0168 loss_train: 0.4573 acc_train: 0.9583 loss_val: 1.0888 acc_val: 0.6560 time: 0.0094s
Epoch: 0169 loss_train: 0.4521 acc_train: 0.9583 /Users/daizuocheng/Documents/localFiles/USYD/2023 Semester 1/SCDL3991/GCN_Simulation/utils.py:171: RuntimeWarning: divide by zero encountered in power
  r_inv = np.power(rowsum, -1).flatten()
loss_val: 1.0869 acc_val: 0.6560 time: 0.0094s
Epoch: 0170 loss_train: 0.4487 acc_train: 0.9583 loss_val: 1.0859 acc_val: 0.6560 time: 0.0094s
Epoch: 0171 loss_train: 0.4567 acc_train: 0.9583 loss_val: 1.0862 acc_val: 0.6600 time: 0.0091s
Epoch: 0172 loss_train: 0.4137 acc_train: 0.9750 loss_val: 1.0870 acc_val: 0.6560 time: 0.0096s
Epoch: 0173 loss_train: 0.4269 acc_train: 1.0000 loss_val: 1.0887 acc_val: 0.6500 time: 0.0092s
Epoch: 0174 loss_train: 0.4423 acc_train: 0.9583 loss_val: 1.0891 acc_val: 0.6380 time: 0.0090s
Epoch: 0175 loss_train: 0.4243 acc_train: 0.9833 loss_val: 1.0875 acc_val: 0.6400 time: 0.0090s
Epoch: 0176 loss_train: 0.4173 acc_train: 0.9667 loss_val: 1.0851 acc_val: 0.6480 time: 0.0093s
Epoch: 0177 loss_train: 0.4190 acc_train: 0.9833 loss_val: 1.0821 acc_val: 0.6540 time: 0.0097s
Epoch: 0178 loss_train: 0.4839 acc_train: 0.9167 loss_val: 1.0796 acc_val: 0.6560 time: 0.0091s
Epoch: 0179 loss_train: 0.4605 acc_train: 0.9667 loss_val: 1.0778 acc_val: 0.6560 time: 0.0088s
Epoch: 0180 loss_train: 0.4682 acc_train: 0.9583 loss_val: 1.0769 acc_val: 0.6600 time: 0.0093s
Epoch: 0181 loss_train: 0.4239 acc_train: 0.9833 loss_val: 1.0774 acc_val: 0.6580 time: 0.0091s
Epoch: 0182 loss_train: 0.4022 acc_train: 0.9500 loss_val: 1.0788 acc_val: 0.6520 time: 0.0092s
Epoch: 0183 loss_train: 0.3781 acc_train: 0.9833 loss_val: 1.0811 acc_val: 0.6480 time: 0.0093s
Epoch: 0184 loss_train: 0.4131 acc_train: 0.9750 loss_val: 1.0834 acc_val: 0.6420 time: 0.0093s
Epoch: 0185 loss_train: 0.4071 acc_train: 0.9750 loss_val: 1.0824 acc_val: 0.6360 time: 0.0094s
Epoch: 0186 loss_train: 0.4219 acc_train: 0.9667 loss_val: 1.0787 acc_val: 0.6420 time: 0.0092s
Epoch: 0187 loss_train: 0.4293 acc_train: 0.9833 loss_val: 1.0741 acc_val: 0.6500 time: 0.0096s
Epoch: 0188 loss_train: 0.4003 acc_train: 0.9583 loss_val: 1.0710 acc_val: 0.6520 time: 0.0093s
Epoch: 0189 loss_train: 0.3874 acc_train: 0.9750 loss_val: 1.0687 acc_val: 0.6540 time: 0.0093s
Epoch: 0190 loss_train: 0.4414 acc_train: 0.9583 loss_val: 1.0685 acc_val: 0.6540 time: 0.0095s
Epoch: 0191 loss_train: 0.3950 acc_train: 0.9750 loss_val: 1.0691 acc_val: 0.6580 time: 0.0093s
Epoch: 0192 loss_train: 0.4263 acc_train: 0.9833 loss_val: 1.0687 acc_val: 0.6580 time: 0.0095s
Epoch: 0193 loss_train: 0.4028 acc_train: 0.9750 loss_val: 1.0677 acc_val: 0.6560 time: 0.0095s
Epoch: 0194 loss_train: 0.4185 acc_train: 0.9583 loss_val: 1.0656 acc_val: 0.6540 time: 0.0094s
Epoch: 0195 loss_train: 0.4137 acc_train: 0.9750 loss_val: 1.0627 acc_val: 0.6540 time: 0.0093s
Epoch: 0196 loss_train: 0.3737 acc_train: 0.9750 loss_val: 1.0605 acc_val: 0.6520 time: 0.0096s
Epoch: 0197 loss_train: 0.4070 acc_train: 0.9750 loss_val: 1.0593 acc_val: 0.6560 time: 0.0097s
Epoch: 0198 loss_train: 0.4074 acc_train: 0.9500 loss_val: 1.0595 acc_val: 0.6520 time: 0.0092s
Epoch: 0199 loss_train: 0.4202 acc_train: 0.9417 loss_val: 1.0608 acc_val: 0.6520 time: 0.0093s
Epoch: 0200 loss_train: 0.4180 acc_train: 0.9500 loss_val: 1.0615 acc_val: 0.6520 time: 0.0100s
Optimization Finished on citeseer!
Model: gcn
Total time elapsed: 1.9107s
Test set results: loss= 1.0500 accuracy= 0.6730
