  NumNodes: 2708
  NumEdges: 10556
  NumFeats: 1433
  NumClasses: 7
  NumTrainingSamples: 140
  NumValidationSamples: 500
  NumTestSamples: 1000
Done loading data from cached files.
Epoch: 0001 loss_train: 1.9620 acc_train: 0.1357 loss_val: 1.9714 acc_val: 0.0820 time: 0.0215s
Epoch: 0002 loss_train: 1.9543 acc_train: 0.1786 loss_val: 1.9654 acc_val: 0.0840 time: 0.0053s
Epoch: 0003 loss_train: 1.9515 acc_train: 0.1429 loss_val: 1.9593 acc_val: 0.1140 time: 0.0059s
Epoch: 0004 loss_train: 1.9400 acc_train: 0.1500 loss_val: 1.9536 acc_val: 0.1460 time: 0.0064s
Epoch: 0005 loss_train: 1.9333 acc_train: 0.1714 loss_val: 1.9475 acc_val: 0.1740 time: 0.0059s
Epoch: 0006 loss_train: 1.9357 acc_train: 0.1714 loss_val: 1.9414 acc_val: 0.1920 time: 0.0055s
Epoch: 0007 loss_train: 1.9302 acc_train: 0.2357 loss_val: 1.9358 acc_val: 0.1940 time: 0.0055s
Epoch: 0008 loss_train: 1.9295 acc_train: 0.2500 loss_val: 1.9303 acc_val: 0.2260 time: 0.0060s
Epoch: 0009 loss_train: 1.9264 acc_train: 0.2214 loss_val: 1.9249 acc_val: 0.4620 time: 0.0058s
Epoch: 0010 loss_train: 1.9185 acc_train: 0.3286 loss_val: 1.9193 acc_val: 0.4460 time: 0.0057s
Epoch: 0011 loss_train: 1.9146 acc_train: 0.2714 loss_val: 1.9137 acc_val: 0.4240 time: 0.0057s
Epoch: 0012 loss_train: 1.9057 acc_train: 0.3429 loss_val: 1.9086 acc_val: 0.4180 time: 0.0057s
Epoch: 0013 loss_train: 1.9139 acc_train: 0.2929 loss_val: 1.9037 acc_val: 0.4160 time: 0.0059s
Epoch: 0014 loss_train: 1.8954 acc_train: 0.3714 loss_val: 1.8989 acc_val: 0.4180 time: 0.0055s
Epoch: 0015 loss_train: 1.8927 acc_train: 0.3786 loss_val: 1.8939 acc_val: 0.4200 time: 0.0060s
Epoch: 0016 loss_train: 1.8912 acc_train: 0.3714 loss_val: 1.8891 acc_val: 0.4260 time: 0.0056s
Epoch: 0017 loss_train: 1.8946 acc_train: 0.3286 loss_val: 1.8851 acc_val: 0.4360 time: 0.0061s
Epoch: 0018 loss_train: 1.8782 acc_train: 0.4286 loss_val: 1.8811 acc_val: 0.4620 time: 0.0061s
Epoch: 0019 loss_train: 1.8760 acc_train: 0.3929 loss_val: 1.8772 acc_val: 0.4820 time: 0.0061s
Epoch: 0020 loss_train: 1.8657 acc_train: 0.4571 loss_val: 1.8734 acc_val: 0.4860 time: 0.0059s
Epoch: 0021 loss_train: 1.8568 acc_train: 0.5000 loss_val: 1.8695 acc_val: 0.5060 time: 0.0057s
Epoch: 0022 loss_train: 1.8543 acc_train: 0.4643 loss_val: 1.8654 acc_val: 0.5740 time: 0.0058s
Epoch: 0023 loss_train: 1.8492 acc_train: 0.5000 loss_val: 1.8612 acc_val: 0.6520 time: 0.0061s
Epoch: 0024 loss_train: 1.8458 acc_train: 0.5071 loss_val: 1.8565 acc_val: 0.6940 time: 0.0057s
Epoch: 0025 loss_train: 1.8391 acc_train: 0.6071 loss_val: 1.8516 acc_val: 0.7300 time: 0.0055s
Epoch: 0026 loss_train: 1.8255 acc_train: 0.6214 loss_val: 1.8458 acc_val: 0.7420 time: 0.0056s
Epoch: 0027 loss_train: 1.8153 acc_train: 0.6429 loss_val: 1.8389 acc_val: 0.7460 time: 0.0058s
Epoch: 0028 loss_train: 1.8066 acc_train: 0.6929 loss_val: 1.8320 acc_val: 0.7460 time: 0.0053s
Epoch: 0029 loss_train: 1.7994 acc_train: 0.6857 loss_val: 1.8239 acc_val: 0.7520 time: 0.0060s
Epoch: 0030 loss_train: 1.7844 acc_train: 0.7143 loss_val: 1.8155 acc_val: 0.7500 time: 0.0057s
Epoch: 0031 loss_train: 1.7712 acc_train: 0.7071 loss_val: 1.8073 acc_val: 0.7460 time: 0.0057s
Epoch: 0032 loss_train: 1.7462 acc_train: 0.7500 loss_val: 1.7991 acc_val: 0.7560 time: 0.0055s
Epoch: 0033 loss_train: 1.7385 acc_train: 0.7786 loss_val: 1.7900 acc_val: 0.7440 time: 0.0059s
Epoch: 0034 loss_train: 1.7251 acc_train: 0.7643 loss_val: 1.7808 acc_val: 0.7420 time: 0.0058s
Epoch: 0035 loss_train: 1.7047 acc_train: 0.7429 loss_val: 1.7710 acc_val: 0.7340 time: 0.0055s
Epoch: 0036 loss_train: 1.7101 acc_train: 0.7786 loss_val: 1.7614 acc_val: 0.7300 time: 0.0055s
Epoch: 0037 loss_train: 1.6972 acc_train: 0.7714 loss_val: 1.7521 acc_val: 0.7280 time: 0.0056s
Epoch: 0038 loss_train: 1.6748 acc_train: 0.7571 loss_val: 1.7429 acc_val: 0.7300 time: 0.0057s
Epoch: 0039 loss_train: 1.6618 acc_train: 0.7429 loss_val: 1.7329 acc_val: 0.7420 time: 0.0070s
Epoch: 0040 loss_train: 1.6477 acc_train: 0.7714 loss_val: 1.7215 acc_val: 0.7460 time: 0.0055s
Epoch: 0041 loss_train: 1.6542 acc_train: 0.7571 loss_val: 1.7102 acc_val: 0.7520 time: 0.0057s
Epoch: 0042 loss_train: 1.6036 acc_train: 0.7786 loss_val: 1.6984 acc_val: 0.7700 time: 0.0055s
Epoch: 0043 loss_train: 1.6121 acc_train: 0.8286 loss_val: 1.6860 acc_val: 0.7760 time: 0.0056s
Epoch: 0044 loss_train: 1.5842 acc_train: 0.7571 loss_val: 1.6729 acc_val: 0.7820 time: 0.0058s
Epoch: 0045 loss_train: 1.5733 acc_train: 0.7500 loss_val: 1.6595 acc_val: 0.7920 time: 0.0054s
Epoch: 0046 loss_train: 1.5547 acc_train: 0.7786 loss_val: 1.6469 acc_val: 0.7900 time: 0.0059s
Epoch: 0047 loss_train: 1.5373 acc_train: 0.8500 loss_val: 1.6342 acc_val: 0.7920 time: 0.0057s
Epoch: 0048 loss_train: 1.5252 acc_train: 0.7571 loss_val: 1.6209 acc_val: 0.7920 time: 0.0057s
Epoch: 0049 loss_train: 1.4969 acc_train: 0.8643 loss_val: 1.6078 acc_val: 0.7920 time: 0.0063s
Epoch: 0050 loss_train: 1.4687 acc_train: 0.8214 loss_val: 1.5960 acc_val: 0.7960 time: 0.0058s
Epoch: 0051 loss_train: 1.4765 acc_train: 0.8143 loss_val: 1.5838 acc_val: 0.7940 time: 0.0058s
Epoch: 0052 loss_train: 1.4307 acc_train: 0.8500 loss_val: 1.5711 acc_val: 0.7920 time: 0.0057s
Epoch: 0053 loss_train: 1.4166 acc_train: 0.7714 loss_val: 1.5575 acc_val: 0.8000 time: 0.0057s
Epoch: 0054 loss_train: 1.4349 acc_train: 0.8429 loss_val: 1.5441 acc_val: 0.8000 time: 0.0057s
Epoch: 0055 loss_train: 1.4191 acc_train: 0.8143 loss_val: 1.5307 acc_val: 0.8000 time: 0.0057s
Epoch: 0056 loss_train: 1.3700 acc_train: 0.8143 loss_val: 1.5180 acc_val: 0.8000 time: 0.0058s
Epoch: 0057 loss_train: 1.3152 acc_train: 0.8000 loss_val: 1.5022 acc_val: 0.8060 time: 0.0055s
Epoch: 0058 loss_train: 1.3106 acc_train: 0.8071 loss_val: 1.4853 acc_val: 0.8100 time: 0.0058s
Epoch: 0059 loss_train: 1.3140 acc_train: 0.8357 loss_val: 1.4679 acc_val: 0.8120 time: 0.0063s
Epoch: 0060 loss_train: 1.3037 acc_train: 0.8214 loss_val: 1.4517 acc_val: 0.8140 time: 0.0057s
Epoch: 0061 loss_train: 1.2857 acc_train: 0.7929 loss_val: 1.4363 acc_val: 0.8160 time: 0.0060s
Epoch: 0062 loss_train: 1.2631 acc_train: 0.8571 loss_val: 1.4220 acc_val: 0.8140 time: 0.0056s
Epoch: 0063 loss_train: 1.2475 acc_train: 0.8214 loss_val: 1.4096 acc_val: 0.8160 time: 0.0055s
Epoch: 0064 loss_train: 1.2350 acc_train: 0.8071 loss_val: 1.3978 acc_val: 0.8160 time: 0.0057s
Epoch: 0065 loss_train: 1.2192 acc_train: 0.8143 loss_val: 1.3863 acc_val: 0.8120 time: 0.0059s
Epoch: 0066 loss_train: 1.2037 acc_train: 0.8357 loss_val: 1.3739 acc_val: 0.8160 time: 0.0059s
Epoch: 0067 loss_train: 1.1965 acc_train: 0.8357 loss_val: 1.3598 acc_val: 0.8180 time: 0.0060s
Epoch: 0068 loss_train: 1.1150 acc_train: 0.8714 loss_val: 1.3452 acc_val: 0.8180 time: 0.0057s
Epoch: 0069 loss_train: 1.0841 acc_train: 0.8786 loss_val: 1.3301 acc_val: 0.8200 time: 0.0055s
Epoch: 0070 loss_train: 1.1681 acc_train: 0.8500 loss_val: 1.3154 acc_val: 0.8200 time: 0.0056s
Epoch: 0071 loss_train: 1.0703 acc_train: 0.8786 loss_val: 1.3018 acc_val: 0.8220 time: 0.0060s
Epoch: 0072 loss_train: 1.1223 acc_train: 0.8429 loss_val: 1.2887 acc_val: 0.8220 time: 0.0063s
Epoch: 0073 loss_train: 1.0241 acc_train: 0.8929 loss_val: 1.2752 acc_val: 0.8160 time: 0.0059s
Epoch: 0074 loss_train: 1.0470 acc_train: 0.8929 loss_val: 1.2623 acc_val: 0.8100 time: 0.0057s
Epoch: 0075 loss_train: 1.0315 acc_train: 0.8857 loss_val: 1.2495 acc_val: 0.8100 time: 0.0057s
Epoch: 0076 loss_train: 1.0169 acc_train: 0.9000 loss_val: 1.2374 acc_val: 0.8100 time: 0.0058s
Epoch: 0077 loss_train: 1.0022 acc_train: 0.9000 loss_val: 1.2252 acc_val: 0.8120 time: 0.0056s
Epoch: 0078 loss_train: 0.9460 acc_train: 0.8929 loss_val: 1.2126 acc_val: 0.8120 time: 0.0059s
Epoch: 0079 loss_train: 0.9279 acc_train: 0.8643 loss_val: 1.2010 acc_val: 0.8140 time: 0.0060s
Epoch: 0080 loss_train: 0.9488 acc_train: 0.8857 loss_val: 1.1901 acc_val: 0.8140 time: 0.0056s
Epoch: 0081 loss_train: 0.9328 acc_train: 0.8786 loss_val: 1.1794 acc_val: 0.8160 time: 0.0059s
Epoch: 0082 loss_train: 0.9718 acc_train: 0.8500 loss_val: 1.1690 acc_val: 0.8180 time: 0.0063s
Epoch: 0083 loss_train: 0.9511 acc_train: 0.8429 loss_val: 1.1611 acc_val: 0.8200 time: 0.0060s
Epoch: 0084 loss_train: 0.8943 acc_train: 0.8429 loss_val: 1.1513 acc_val: 0.8240 time: 0.0059s
Epoch: 0085 loss_train: 0.9229 acc_train: 0.8571 loss_val: 1.1411 acc_val: 0.8220 time: 0.0054s
Epoch: 0086 loss_train: 0.9095 acc_train: 0.9000 loss_val: 1.1305 acc_val: 0.8180 time: 0.0051s
Epoch: 0087 loss_train: 0.8409 acc_train: 0.8786 loss_val: 1.1199 acc_val: 0.8180 time: 0.0060s
Epoch: 0088 loss_train: 0.8414 acc_train: 0.9071 loss_val: 1.1069 acc_val: 0.8200 time: 0.0059s
Epoch: 0089 loss_train: 0.8472 acc_train: 0.8857 loss_val: 1.0949 acc_val: 0.8180 time: 0.0057s
Epoch: 0090 loss_train: 0.8182 acc_train: 0.9071 loss_val: 1.0848 acc_val: 0.8180 time: 0.0058s
Epoch: 0091 loss_train: 0.8451 acc_train: 0.8571 loss_val: 1.0737 acc_val: 0.8160 time: 0.0055s
Epoch: 0092 loss_train: 0.8099 acc_train: 0.9000 loss_val: 1.0642 acc_val: 0.8180 time: 0.0055s
Epoch: 0093 loss_train: 0.7614 acc_train: 0.9429 loss_val: 1.0574 acc_val: 0.8200 time: 0.0052s
Epoch: 0094 loss_train: 0.7755 acc_train: 0.8643 loss_val: 1.0521 acc_val: 0.8220 time: 0.0056s
Epoch: 0095 loss_train: 0.7585 acc_train: 0.8929 loss_val: 1.0471 acc_val: 0.8280 time: 0.0055s
Epoch: 0096 loss_train: 0.7912 acc_train: 0.9000 loss_val: 1.0415 acc_val: 0.8260 time: 0.0058s
Epoch: 0097 loss_train: 0.7816 acc_train: 0.9000 loss_val: 1.0348 acc_val: 0.8220 time: 0.0060s
Epoch: 0098 loss_train: 0.7947 acc_train: 0.8786 loss_val: 1.0274 acc_val: 0.8200 time: 0.0057s
Epoch: 0099 loss_train: 0.7267 acc_train: 0.9214 loss_val: 1.0187 acc_val: 0.8140 time: 0.0056s
Epoch: 0100 loss_train: 0.7541 acc_train: 0.9000 loss_val: 1.0096 acc_val: 0.8160 time: 0.0057s
Epoch: 0101 loss_train: 0.7302 acc_train: 0.9214 loss_val: 1.0015 acc_val: 0.8200 time: 0.0054s
Epoch: 0102 loss_train: 0.7061 acc_train: 0.9143 loss_val: 0.9926 acc_val: 0.8220 time: 0.0053s
Epoch: 0103 loss_train: 0.7014 acc_train: 0.9000 loss_val: 0.9825 acc_val: 0.8220 time: 0.0054s
Epoch: 0104 loss_train: 0.7194 acc_train: 0.8929 loss_val: 0.9761 acc_val: 0.8200 time: 0.0057s
Epoch: 0105 loss_train: 0.6696 acc_train: 0.9357 loss_val: 0.9705 acc_val: 0.8240 time: 0.0059s
Epoch: 0106 loss_train: 0.7193 acc_train: 0.8857 loss_val: 0.9669 acc_val: 0.8240 time: 0.0057s
Epoch: 0107 loss_train: 0.6845 acc_train: 0.9071 loss_val: 0.9615 acc_val: 0.8220 time: 0.0057s
Epoch: 0108 loss_train: 0.6796 acc_train: 0.9071 loss_val: 0.9559 acc_val: 0.8220 time: 0.0053s
Epoch: 0109 loss_train: 0.6917 acc_train: 0.9214 loss_val: 0.9513 acc_val: 0.8180 time: 0.0052s
Epoch: 0110 loss_train: 0.6640 acc_train: 0.8786 loss_val: 0.9465 acc_val: 0.8180 time: 0.0058s
Epoch: 0111 loss_train: 0.6753 acc_train: 0.9000 loss_val: 0.9417 acc_val: 0.8160 time: 0.0054s
Epoch: 0112 loss_train: 0.6756 acc_train: 0.9357 loss_val: 0.9371 acc_val: 0.8140 time: 0.0052s
Epoch: 0113 loss_train: 0.6391 acc_train: 0.9357 loss_val: 0.9304 acc_val: 0.8200 time: 0.0053s
Epoch: 0114 loss_train: 0.6590 acc_train: 0.8929 loss_val: 0.9261 acc_val: 0.8200 time: 0.0052s
Epoch: 0115 loss_train: 0.6564 acc_train: 0.9071 loss_val: 0.9214 acc_val: 0.8180 time: 0.0056s
Epoch: 0116 loss_train: 0.6136 acc_train: 0.9286 loss_val: 0.9144 acc_val: 0.8180 time: 0.0054s
Epoch: 0117 loss_train: 0.6228 acc_train: 0.9357 loss_val: 0.9051 acc_val: 0.8200 time: 0.0055s
Epoch: 0118 loss_train: 0.5990 acc_train: 0.9571 loss_val: 0.8984 acc_val: 0.8180 time: 0.0054s
Epoch: 0119 loss_train: 0.6170 acc_train: 0.9357 loss_val: 0.8940 acc_val: 0.8180 time: 0.0051s
Epoch: 0120 loss_train: 0.5503 acc_train: 0.9429 loss_val: 0.8921 acc_val: 0.8160 time: 0.0052s
Epoch: 0121 loss_train: 0.5906 acc_train: 0.9286 loss_val: 0.8907 acc_val: 0.8180 time: 0.0059s
Epoch: 0122 loss_train: 0.5902 acc_train: 0.9071 loss_val: 0.8912 acc_val: 0.8160 time: 0.0056s
Epoch: 0123 loss_train: 0.6119 acc_train: 0.9143 loss_val: 0.8911 acc_val: 0.8080 time: 0.0056s
Epoch: 0124 loss_train: 0.6005 acc_train: 0.9643 loss_val: 0.8896 acc_val: 0.8100 time: 0.0057s
Epoch: 0125 loss_train: 0.6020 acc_train: 0.9143 loss_val: 0.8865 acc_val: 0.8120 time: 0.0056s
Epoch: 0126 loss_train: 0.5696 acc_train: 0.9286 loss_val: 0.8806 acc_val: 0.8080 time: 0.0055s
Epoch: 0127 loss_train: 0.5935 acc_train: 0.9214 loss_val: 0.8733 acc_val: 0.8140 time: 0.0056s
Epoch: 0128 loss_train: 0.5927 acc_train: 0.9000 loss_val: 0.8647 acc_val: 0.8140 time: 0.0055s
Epoch: 0129 loss_train: 0.5958 acc_train: 0.9357 loss_val: 0.8552 acc_val: 0.8120 time: 0.0058s
Epoch: 0130 loss_train: 0.6114 acc_train: 0.9357 loss_val: 0.8460 acc_val: 0.8180 time: 0.0059s
Epoch: 0131 loss_train: 0.5503 acc_train: 0.9357 loss_val: 0.8387 acc_val: 0.8200 time: 0.0054s
Epoch: 0132 loss_train: 0.5079 acc_train: 0.9500 loss_val: 0.8332 acc_val: 0.8280 time: 0.0057s
Epoch: 0133 loss_train: 0.5394 acc_train: 0.9286 loss_val: 0.8309 acc_val: 0.8280 time: 0.0054s
Epoch: 0134 loss_train: 0.5684 acc_train: 0.9357 loss_val: 0.8309 acc_val: 0.8240 time: 0.0056s
Epoch: 0135 loss_train: 0.5040 acc_train: 0.9643 loss_val: 0.8322 acc_val: 0.8220 time: 0.0058s
Epoch: 0136 loss_train: 0.5096 acc_train: 0.9286 loss_val: 0.8334 acc_val: 0.8200 time: 0.0058s
Epoch: 0137 loss_train: 0.5715 acc_train: 0.9214 loss_val: 0.8343 acc_val: 0.8200 time: 0.0055s
Epoch: 0138 loss_train: 0.5397 acc_train: 0.9429 loss_val: 0.8345 acc_val: 0.8160 time: 0.0055s
Epoch: 0139 loss_train: 0.5287 acc_train: 0.9357 loss_val: 0.8342 acc_val: 0.8120 time: 0.0057s
Epoch: 0140 loss_train: 0.5422 acc_train: 0.9429 loss_val: 0.8314 acc_val: 0.8120 time: 0.0060s
Epoch: 0141 loss_train: 0.5207 acc_train: 0.9286 loss_val: 0.8282 acc_val: 0.8120 time: 0.0058s
Epoch: 0142 loss_train: 0.5245 acc_train: 0.9357 loss_val: 0.8226 acc_val: 0.8140 time: 0.0060s
Epoch: 0143 loss_train: 0.5117 acc_train: 0.9214 loss_val: 0.8143 acc_val: 0.8180 time: 0.0058s
Epoch: 0144 loss_train: 0.5285 acc_train: 0.9357 loss_val: 0.8096 acc_val: 0.8180 time: 0.0059s
Epoch: 0145 loss_train: 0.4737 acc_train: 0.9643 loss_val: 0.8037 acc_val: 0.8160 time: 0.0056s
Epoch: 0146 loss_train: 0.5662 acc_train: 0.9143 loss_val: 0.7984 acc_val: 0.8200 time: 0.0057s
Epoch: 0147 loss_train: 0.4870 acc_train: 0.9429 loss_val: 0.7938 acc_val: 0.8240 time: 0.0061s
Epoch: 0148 loss_train: 0.4748 acc_train: 0.9429 loss_val: 0.7912 acc_val: 0.8200 time: 0.0060s
Epoch: 0149 loss_train: 0.5253 acc_train: 0.9143 loss_val: 0.7924 acc_val: 0.8180 time: 0.0057s
Epoch: 0150 loss_train: 0.4993 acc_train: 0.9071 loss_val: 0.7954 acc_val: 0.8260 time: 0.0059s
Epoch: 0151 loss_train: 0.4466 acc_train: 0.9500 loss_val: 0.8012 acc_val: 0.8200 time: 0.0058s
Epoch: 0152 loss_train: 0.5040 acc_train: 0.9357 loss_val: 0.8050 acc_val: 0.8160 time: 0.0053s
Epoch: 0153 loss_train: 0.4648 acc_train: 0.9857 loss_val: 0.8092 acc_val: 0.8140 time: 0.0054s
Epoch: 0154 loss_train: 0.4429 acc_train: 0.9286 loss_val: 0.8101 acc_val: 0.8100 time: 0.0054s
Epoch: 0155 loss_train: 0.4674 acc_train: 0.9571 loss_val: 0.8055 acc_val: 0.8100 time: 0.0061s
Epoch: 0156 loss_train: 0.4825 acc_train: 0.9500 loss_val: 0.7971 acc_val: 0.8100 time: 0.0057s
Epoch: 0157 loss_train: 0.4650 acc_train: 0.9429 loss_val: 0.7865 acc_val: 0.8120 time: 0.0055s
Epoch: 0158 loss_train: 0.4608 acc_train: 0.9500 loss_val: 0.7749 acc_val: 0.8200 time: 0.0050s
Epoch: 0159 loss_train: 0.4556 acc_train: 0.9714 loss_val: 0.7656 acc_val: 0.8260 time: 0.0052s
Epoch: 0160 loss_train: 0.4621 acc_train: 0.9643 loss_val: 0.7599 acc_val: 0.8280 time: 0.0058s
Epoch: 0161 loss_train: 0.4737 acc_train: 0.9357 loss_val: 0.7581 acc_val: 0.8280 time: 0.0056s
Epoch: 0162 loss_train: 0.4751 acc_train: 0.9786 loss_val: 0.7585 acc_val: 0.8280 time: 0.0055s
Epoch: 0163 loss_train: 0.4805 acc_train: 0.9357 loss_val: 0.7607 acc_val: 0.8200 time: 0.0057s
Epoch: 0164 loss_train: 0.4580 acc_train: 0.9571 loss_val: 0.7672 acc_val: 0.8160 time: 0.0055s
Epoch: 0165 loss_train: 0.4772 acc_train: 0.9357 loss_val: 0.7736 acc_val: 0.8180 time: 0.0057s
Epoch: 0166 loss_train: 0.5035 acc_train: 0.9429 loss_val: 0.7775 acc_val: 0.8140 time: 0.0058s
Epoch: 0167 loss_train: 0.4054 acc_train: 0.9643 loss_val: 0.7813 acc_val: 0.8120 time: 0.0055s
Epoch: 0168 loss_train: 0.4531 acc_train: 0.9214 loss_val: 0.7800 acc_val: 0.8120 time: 0.0056s
Epoch: 0169 loss_train: 0.4288 acc_train: 0.9643 loss_val: 0.7766 acc_val: 0.8120 time: 0.0057s
Epoch: 0170 loss_train: 0.4797 acc_train: 0.9214 loss_val: 0.7699 acc_val: 0.8160 time: 0.0055s
Epoch: 0171 loss_train: 0.4319 acc_train: 0.9714 loss_val: 0.7602 acc_val: 0.8160 time: 0.0056s
Epoch: 0172 loss_train: 0.4134 acc_train: 0.9500 loss_val: 0.7508 acc_val: 0.8260 time: 0.0052s
Epoch: 0173 loss_train: 0.4722 acc_train: 0.9571 loss_val: 0.7417 acc_val: 0.8300 time: 0.0055s
Epoch: 0174 loss_train: 0.4661 acc_train: 0.9071 loss_val: 0.7349 acc_val: 0.8340 time: 0.0061s
Epoch: 0175 loss_train: 0.4707 acc_train: 0.9286 loss_val: 0.7351 acc_val: 0.8300 time: 0.0057s
Epoch: 0176 loss_train: 0.4157 acc_train: 0.9429 loss_val: 0.7399 acc_val: 0.8220 time: 0.0058s
Epoch: 0177 loss_train: 0.4056 acc_train: 0.9643 loss_val: 0.7469 acc_val: 0.8260 time: 0.0055s
Epoch: 0178 loss_train: 0.4284 acc_train: 0.9500 loss_val: 0.7531 acc_val: 0.8180 time: 0.0057s
Epoch: 0179 loss_train: 0.4147 acc_train: 0.9643 loss_val: 0.7579 acc_val: 0.8120 time: 0.0058s
Epoch: 0180 loss_train: 0.4087 acc_train: 0.9714 loss_val: 0.7588 acc_val: 0.8100 time: 0.0056s
Epoch: 0181 loss_train: 0.4187 acc_train: 0.9429 loss_val: 0.7590 acc_val: 0.8100 time: 0.0060s
Epoch: 0182 loss_train: 0.4241 acc_train: 0.9286 loss_val: 0.7533 acc_val: 0.8100 time: 0.0059s
Epoch: 0183 loss_train: 0.3986 acc_train: 0.9714 loss_val: 0.7453 acc_val: 0.8160 time: 0.0059s
Epoch: 0184 loss_train: 0.4148 acc_train: 0.9571 loss_val: 0.7372 acc_val: 0.8220 time: 0.0058s
Epoch: 0185 loss_train: 0.4406 acc_train: 0.9500 loss_val: 0.7335 acc_val: 0.8260 time: 0.0053s
Epoch: 0186 loss_train: 0.4115 acc_train: 0.9429 loss_val: 0.7299 acc_val: 0.8200 time: 0.0054s
Epoch: 0187 loss_train: 0.4394 acc_train: 0.9214 loss_val: 0.7271 acc_val: 0.8240 time: 0.0059s
Epoch: 0188 loss_train: 0.4188 acc_train: 0.9286 loss_val: 0.7261 acc_val: 0.8260 time: 0.0057s
Epoch: 0189 loss_train: 0.3866 acc_train: 0.9357 loss_val: 0.7267 acc_val: 0.8200 time: 0.0054s
Epoch: 0190 loss_train: 0.3833 acc_train: 0.9571 loss_val: 0.7291 acc_val: 0.8140 time: 0.0058s
Epoch: 0191 loss_train: 0.3863 acc_train: 0.9786 loss_val: 0.7300 acc_val: 0.8160 time: 0.0054s
Epoch: 0192 loss_train: 0.3932 acc_train: 0.9571 loss_val: 0.7335 acc_val: 0.8120 time: 0.0053s
Epoch: 0193 loss_train: 0.3872 acc_train: 0.9429 loss_val: 0.7334 acc_val: 0.8160 time: 0.0060s
Epoch: 0194 loss_train: 0.4196 acc_train: 0.9429 loss_val: 0.7301 acc_val: 0.8180 time: 0.0058s
Epoch: 0195 loss_train: 0.3907 acc_train: 0.9500 loss_val: 0.7243 acc_val: 0.8220 time: 0.0057s
Epoch: 0196 loss_train: 0.3476 acc_train: 0.9643 loss_val: 0.7194 acc_val: 0.8220 time: 0.0058s
Epoch: 0197 loss_train: 0.3713 acc_train: 0.9643 loss_val: 0.7147 acc_val: 0.8280 time: 0.0052s
Epoch: 0198 loss_train: 0.4021 acc_train: 0.9500 loss_val: 0.7099 acc_val: 0.8280 time: 0.0056s
Epoch: 0199 loss_train: 0.3777 acc_train: 0.9500 loss_val: 0.7098 acc_val: 0.8280 time: 0.0055s
Epoch: 0200 loss_train: 0.4109 acc_train: 0.9214 loss_val: 0.7144 acc_val: 0.8300 time: 0.0055s
Optimization Finished on cora!
Model: gcn
Total time elapsed: 1.1590s
Test set results: loss= 0.7690 accuracy= 0.7920
