  NumNodes: 19717
  NumEdges: 88651
  NumFeats: 500
  NumClasses: 3
  NumTrainingSamples: 60
  NumValidationSamples: 500
  NumTestSamples: 1000
Done loading data from cached files.
Epoch: 0001 loss_train: 1.1644 acc_train: 0.3333 loss_val: 1.2278 acc_val: 0.2000 time: 0.0365s
Epoch: 0002 loss_train: 1.1494 acc_train: 0.3333 loss_val: 1.2107 acc_val: 0.2000 time: 0.0197s
Epoch: 0003 loss_train: 1.1405 acc_train: 0.3333 loss_val: 1.1939 acc_val: 0.2000 time: 0.0203s
Epoch: 0004 loss_train: 1.1274 acc_train: 0.3833 loss_val: 1.1780 acc_val: 0.3080 time: 0.0199s
Epoch: 0005 loss_train: 1.1298 acc_train: 0.4333 loss_val: 1.1630 acc_val: 0.4840 time: 0.0202s
Epoch: 0006 loss_train: 1.0942 acc_train: 0.6000 loss_val: 1.1491 acc_val: 0.5280 time: 0.0201s
Epoch: 0007 loss_train: 1.1026 acc_train: 0.4667 loss_val: 1.1366 acc_val: 0.4980 time: 0.0201s
Epoch: 0008 loss_train: 1.0806 acc_train: 0.5333 loss_val: 1.1247 acc_val: 0.4780 time: 0.0194s
Epoch: 0009 loss_train: 1.0938 acc_train: 0.5000 loss_val: 1.1130 acc_val: 0.4720 time: 0.0200s
Epoch: 0010 loss_train: 1.0694 acc_train: 0.5833 loss_val: 1.1016 acc_val: 0.4760 time: 0.0201s
Epoch: 0011 loss_train: 1.0733 acc_train: 0.5000 loss_val: 1.0913 acc_val: 0.4860 time: 0.0204s
Epoch: 0012 loss_train: 1.0383 acc_train: 0.5000 loss_val: 1.0813 acc_val: 0.4980 time: 0.0201s
Epoch: 0013 loss_train: 1.0536 acc_train: 0.6000 loss_val: 1.0720 acc_val: 0.5040 time: 0.0199s
Epoch: 0014 loss_train: 1.0323 acc_train: 0.5667 loss_val: 1.0632 acc_val: 0.5180 time: 0.0195s
Epoch: 0015 loss_train: 1.0387 acc_train: 0.5500 loss_val: 1.0551 acc_val: 0.5240 time: 0.0192s
Epoch: 0016 loss_train: 1.0261 acc_train: 0.5833 loss_val: 1.0477 acc_val: 0.5240 time: 0.0195s
Epoch: 0017 loss_train: 1.0329 acc_train: 0.6167 loss_val: 1.0408 acc_val: 0.5400 time: 0.0195s
Epoch: 0018 loss_train: 1.0288 acc_train: 0.5333 loss_val: 1.0347 acc_val: 0.5740 time: 0.0191s
Epoch: 0019 loss_train: 1.0137 acc_train: 0.5500 loss_val: 1.0289 acc_val: 0.6160 time: 0.0198s
Epoch: 0020 loss_train: 0.9955 acc_train: 0.6167 loss_val: 1.0229 acc_val: 0.6560 time: 0.0200s
Epoch: 0021 loss_train: 1.0000 acc_train: 0.6333 loss_val: 1.0172 acc_val: 0.6780 time: 0.0214s
Epoch: 0022 loss_train: 0.9699 acc_train: 0.6500 loss_val: 1.0117 acc_val: 0.6840 time: 0.0197s
Epoch: 0023 loss_train: 0.9812 acc_train: 0.6833 loss_val: 1.0062 acc_val: 0.7020 time: 0.0202s
Epoch: 0024 loss_train: 0.9821 acc_train: 0.6000 loss_val: 1.0008 acc_val: 0.6940 time: 0.0202s
Epoch: 0025 loss_train: 0.9705 acc_train: 0.6333 loss_val: 0.9953 acc_val: 0.6880 time: 0.0201s
Epoch: 0026 loss_train: 0.9548 acc_train: 0.7500 loss_val: 0.9904 acc_val: 0.6800 time: 0.0197s
Epoch: 0027 loss_train: 0.9560 acc_train: 0.6500 loss_val: 0.9858 acc_val: 0.6760 time: 0.0200s
Epoch: 0028 loss_train: 0.9310 acc_train: 0.6500 loss_val: 0.9811 acc_val: 0.6720 time: 0.0201s
Epoch: 0029 loss_train: 0.9239 acc_train: 0.7833 loss_val: 0.9765 acc_val: 0.6700 time: 0.0198s
Epoch: 0030 loss_train: 0.8952 acc_train: 0.7833 loss_val: 0.9719 acc_val: 0.6580 time: 0.0195s
Epoch: 0031 loss_train: 0.9085 acc_train: 0.6833 loss_val: 0.9674 acc_val: 0.6640 time: 0.0199s
Epoch: 0032 loss_train: 0.8790 acc_train: 0.7333 loss_val: 0.9630 acc_val: 0.6660 time: 0.0197s
Epoch: 0033 loss_train: 0.8852 acc_train: 0.6667 loss_val: 0.9587 acc_val: 0.6620 time: 0.0197s
Epoch: 0034 loss_train: 0.8596 acc_train: 0.7333 loss_val: 0.9543 acc_val: 0.6620 time: 0.0208s
Epoch: 0035 loss_train: 0.8578 acc_train: 0.7333 loss_val: 0.9491 acc_val: 0.6600 time: 0.0217s
Epoch: 0036 loss_train: 0.8513 acc_train: 0.7333 loss_val: 0.9438 acc_val: 0.6680 time: 0.0207s
Epoch: 0037 loss_train: 0.8414 acc_train: 0.7167 loss_val: 0.9380 acc_val: 0.6680 time: 0.0203s
Epoch: 0038 loss_train: 0.8183 acc_train: 0.6667 loss_val: 0.9317 acc_val: 0.6620 time: 0.0205s
Epoch: 0039 loss_train: 0.8284 acc_train: 0.7000 loss_val: 0.9255 acc_val: 0.6520 time: 0.0201s
Epoch: 0040 loss_train: 0.8262 acc_train: 0.7500 loss_val: 0.9201 acc_val: 0.6540 time: 0.0199s
Epoch: 0041 loss_train: 0.8164 acc_train: 0.7833 loss_val: 0.9144 acc_val: 0.6520 time: 0.0199s
Epoch: 0042 loss_train: 0.8065 acc_train: 0.7500 loss_val: 0.9082 acc_val: 0.6460 time: 0.0195s
Epoch: 0043 loss_train: 0.8225 acc_train: 0.6833 loss_val: 0.9020 acc_val: 0.6460 time: 0.0201s
Epoch: 0044 loss_train: 0.7897 acc_train: 0.7333 loss_val: 0.8952 acc_val: 0.6440 time: 0.0194s
Epoch: 0045 loss_train: 0.7569 acc_train: 0.7833 loss_val: 0.8882 acc_val: 0.6420 time: 0.0195s
Epoch: 0046 loss_train: 0.7807 acc_train: 0.8000 loss_val: 0.8814 acc_val: 0.6420 time: 0.0202s
Epoch: 0047 loss_train: 0.7451 acc_train: 0.8000 loss_val: 0.8751 acc_val: 0.6460 time: 0.0196s
Epoch: 0048 loss_train: 0.7601 acc_train: 0.8000 loss_val: 0.8687 acc_val: 0.6420 time: 0.0204s
Epoch: 0049 loss_train: 0.7028 acc_train: 0.8167 loss_val: 0.8627 acc_val: 0.6420 time: 0.0206s
Epoch: 0050 loss_train: 0.7505 acc_train: 0.7833 loss_val: 0.8565 acc_val: 0.6460 time: 0.0211s
Epoch: 0051 loss_train: 0.6885 acc_train: 0.8833 loss_val: 0.8511 acc_val: 0.6480 time: 0.0202s
Epoch: 0052 loss_train: 0.7022 acc_train: 0.8000 loss_val: 0.8453 acc_val: 0.6500 time: 0.0202s
Epoch: 0053 loss_train: 0.6859 acc_train: 0.8667 loss_val: 0.8397 acc_val: 0.6540 time: 0.0199s
Epoch: 0054 loss_train: 0.6602 acc_train: 0.8333 loss_val: 0.8346 acc_val: 0.6600 time: 0.0202s
Epoch: 0055 loss_train: 0.6699 acc_train: 0.8333 loss_val: 0.8301 acc_val: 0.6580 time: 0.0196s
Epoch: 0056 loss_train: 0.6097 acc_train: 0.8500 loss_val: 0.8240 acc_val: 0.6620 time: 0.0191s
Epoch: 0057 loss_train: 0.6529 acc_train: 0.8167 loss_val: 0.8186 acc_val: 0.6720 time: 0.0196s
Epoch: 0058 loss_train: 0.6443 acc_train: 0.8333 loss_val: 0.8129 acc_val: 0.6840 time: 0.0205s
Epoch: 0059 loss_train: 0.6509 acc_train: 0.8167 loss_val: 0.8071 acc_val: 0.6820 time: 0.0200s
Epoch: 0060 loss_train: 0.6405 acc_train: 0.8167 loss_val: 0.8015 acc_val: 0.6960 time: 0.0203s
Epoch: 0061 loss_train: 0.6088 acc_train: 0.8833 loss_val: 0.7968 acc_val: 0.6980 time: 0.0208s
Epoch: 0062 loss_train: 0.6031 acc_train: 0.8500 loss_val: 0.7913 acc_val: 0.7020 time: 0.0199s
Epoch: 0063 loss_train: 0.6046 acc_train: 0.9000 loss_val: 0.7860 acc_val: 0.6980 time: 0.0198s
Epoch: 0064 loss_train: 0.5869 acc_train: 0.8500 loss_val: 0.7809 acc_val: 0.6980 time: 0.0199s
Epoch: 0065 loss_train: 0.5721 acc_train: 0.9167 loss_val: 0.7765 acc_val: 0.6980 time: 0.0201s
Epoch: 0066 loss_train: 0.6083 acc_train: 0.8833 loss_val: 0.7722 acc_val: 0.6980 time: 0.0199s
Epoch: 0067 loss_train: 0.5663 acc_train: 0.8667 loss_val: 0.7685 acc_val: 0.7000 time: 0.0193s
Epoch: 0068 loss_train: 0.5761 acc_train: 0.8833 loss_val: 0.7651 acc_val: 0.7020 time: 0.0199s
Epoch: 0069 loss_train: 0.5710 acc_train: 0.9333 loss_val: 0.7627 acc_val: 0.7020 time: 0.0196s
Epoch: 0070 loss_train: 0.5613 acc_train: 0.8667 loss_val: 0.7586 acc_val: 0.7060 time: 0.0205s
Epoch: 0071 loss_train: 0.5777 acc_train: 0.8333 loss_val: 0.7545 acc_val: 0.7100 time: 0.0199s
Epoch: 0072 loss_train: 0.5474 acc_train: 0.8667 loss_val: 0.7509 acc_val: 0.7140 time: 0.0202s
Epoch: 0073 loss_train: 0.5313 acc_train: 0.9333 loss_val: 0.7478 acc_val: 0.7160 time: 0.0196s
Epoch: 0074 loss_train: 0.5435 acc_train: 0.8667 loss_val: 0.7451 acc_val: 0.7200 time: 0.0201s
Epoch: 0075 loss_train: 0.5378 acc_train: 0.9000 loss_val: 0.7419 acc_val: 0.7220 time: 0.0206s
Epoch: 0076 loss_train: 0.5250 acc_train: 0.8667 loss_val: 0.7393 acc_val: 0.7280 time: 0.0196s
Epoch: 0077 loss_train: 0.5044 acc_train: 0.9167 loss_val: 0.7362 acc_val: 0.7400 time: 0.0198s
Epoch: 0078 loss_train: 0.5074 acc_train: 0.8333 loss_val: 0.7336 acc_val: 0.7440 time: 0.0199s
Epoch: 0079 loss_train: 0.4947 acc_train: 0.9500 loss_val: 0.7305 acc_val: 0.7440 time: 0.0205s
Epoch: 0080 loss_train: 0.5250 acc_train: 0.8833 loss_val: 0.7274 acc_val: 0.7400 time: 0.0196s
Epoch: 0081 loss_train: 0.4548 acc_train: 0.9500 loss_val: 0.7241 acc_val: 0.7380 time: 0.0206s
Epoch: 0082 loss_train: 0.4810 acc_train: 0.9167 loss_val: 0.7194 acc_val: 0.7340 time: 0.0203s
Epoch: 0083 loss_train: 0.4581 acc_train: 0.9000 loss_val: 0.7155 acc_val: 0.7300 time: 0.0201s
Epoch: 0084 loss_train: 0.4650 acc_train: 0.8667 loss_val: 0.7119 acc_val: 0.7320 time: 0.0207s
Epoch: 0085 loss_train: 0.4472 acc_train: 0.9167 loss_val: 0.7083 acc_val: 0.7320 time: 0.0200s
Epoch: 0086 loss_train: 0.4916 acc_train: 0.8500 loss_val: 0.7044 acc_val: 0.7320 time: 0.0203s
Epoch: 0087 loss_train: 0.4665 acc_train: 0.8833 loss_val: 0.7017 acc_val: 0.7340 time: 0.0198s
Epoch: 0088 loss_train: 0.4746 acc_train: 0.9333 loss_val: 0.6999 acc_val: 0.7340 time: 0.0203s
Epoch: 0089 loss_train: 0.4157 acc_train: 0.9500 loss_val: 0.6979 acc_val: 0.7320 time: 0.0195s
Epoch: 0090 loss_train: 0.4553 acc_train: 0.9500 loss_val: 0.6969 acc_val: 0.7380 time: 0.0197s
Epoch: 0091 loss_train: 0.4168 acc_train: 0.9000 loss_val: 0.6972 acc_val: 0.7400 time: 0.0195s
Epoch: 0092 loss_train: 0.4401 acc_train: 0.9500 loss_val: 0.6989 acc_val: 0.7440 time: 0.0200s
Epoch: 0093 loss_train: 0.4080 acc_train: 0.9167 loss_val: 0.6998 acc_val: 0.7380 time: 0.0193s
Epoch: 0094 loss_train: 0.4464 acc_train: 0.8667 loss_val: 0.6998 acc_val: 0.7400 time: 0.0193s
Epoch: 0095 loss_train: 0.3786 acc_train: 0.9500 loss_val: 0.6970 acc_val: 0.7420 time: 0.0202s
Epoch: 0096 loss_train: 0.4173 acc_train: 0.9000 loss_val: 0.6938 acc_val: 0.7420 time: 0.0193s
Epoch: 0097 loss_train: 0.4642 acc_train: 0.9167 loss_val: 0.6899 acc_val: 0.7440 time: 0.0201s
Epoch: 0098 loss_train: 0.3454 acc_train: 0.9667 loss_val: 0.6848 acc_val: 0.7520 time: 0.0195s
Epoch: 0099 loss_train: 0.3674 acc_train: 0.9667 loss_val: 0.6794 acc_val: 0.7500 time: 0.0195s
Epoch: 0100 loss_train: 0.3829 acc_train: 0.9167 loss_val: 0.6759 acc_val: 0.7500 time: 0.0198s
Epoch: 0101 loss_train: 0.4167 acc_train: 0.9167 loss_val: 0.6725 acc_val: 0.7580 time: 0.0200s
Epoch: 0102 loss_train: 0.4107 acc_train: 0.9333 loss_val: 0.6697 acc_val: 0.7580 time: 0.0193s
Epoch: 0103 loss_train: 0.4132 acc_train: 0.8833 loss_val: 0.6673 acc_val: 0.7580 time: 0.0200s
Epoch: 0104 loss_train: 0.3742 acc_train: 0.9333 loss_val: 0.6657 acc_val: 0.7580 time: 0.0197s
Epoch: 0105 loss_train: 0.3265 acc_train: 0.9667 loss_val: 0.6637 acc_val: 0.7560 time: 0.0195s
Epoch: 0106 loss_train: 0.3755 acc_train: 0.9333 loss_val: 0.6626 acc_val: 0.7540 time: 0.0195s
Epoch: 0107 loss_train: 0.3645 acc_train: 0.9833 loss_val: 0.6617 acc_val: 0.7520 time: 0.0209s
Epoch: 0108 loss_train: 0.3893 acc_train: 0.9500 loss_val: 0.6619 acc_val: 0.7460 time: 0.0198s
Epoch: 0109 loss_train: 0.3153 acc_train: 0.9833 loss_val: 0.6620 acc_val: 0.7480 time: 0.0196s
Epoch: 0110 loss_train: 0.3393 acc_train: 0.9500 loss_val: 0.6613 acc_val: 0.7540 time: 0.0202s
Epoch: 0111 loss_train: 0.3450 acc_train: 0.9500 loss_val: 0.6603 acc_val: 0.7540 time: 0.0199s
Epoch: 0112 loss_train: 0.3399 acc_train: 0.8833 loss_val: 0.6596 acc_val: 0.7600 time: 0.0194s
Epoch: 0113 loss_train: 0.3042 acc_train: 0.9667 loss_val: 0.6582 acc_val: 0.7620 time: 0.0192s
Epoch: 0114 loss_train: 0.3442 acc_train: 0.9333 loss_val: 0.6558 acc_val: 0.7620 time: 0.0194s
Epoch: 0115 loss_train: 0.3693 acc_train: 0.9167 loss_val: 0.6538 acc_val: 0.7620 time: 0.0194s
Epoch: 0116 loss_train: 0.3099 acc_train: 0.9833 loss_val: 0.6513 acc_val: 0.7640 time: 0.0197s
Epoch: 0117 loss_train: 0.3589 acc_train: 0.9333 loss_val: 0.6497 acc_val: 0.7620 time: 0.0200s
Epoch: 0118 loss_train: 0.3407 acc_train: 0.9333 loss_val: 0.6502 acc_val: 0.7600 time: 0.0200s
Epoch: 0119 loss_train: 0.3001 acc_train: 0.9667 loss_val: 0.6498 acc_val: 0.7560 time: 0.0197s
Epoch: 0120 loss_train: 0.3110 acc_train: 1.0000 loss_val: 0.6487 acc_val: 0.7560 time: 0.0196s
Epoch: 0121 loss_train: 0.2957 acc_train: 0.9833 loss_val: 0.6477 acc_val: 0.7540 time: 0.0200s
Epoch: 0122 loss_train: 0.3643 acc_train: 0.9167 loss_val: 0.6460 acc_val: 0.7560 time: 0.0200s
Epoch: 0123 loss_train: 0.3156 acc_train: 0.9833 loss_val: 0.6440 acc_val: 0.7600 time: 0.0202s
Epoch: 0124 loss_train: 0.3194 acc_train: 0.9500 loss_val: 0.6428 acc_val: 0.7600 time: 0.0196s
Epoch: 0125 loss_train: 0.3473 acc_train: 0.9000 loss_val: 0.6430 acc_val: 0.7600 time: 0.0196s
Epoch: 0126 loss_train: 0.3018 acc_train: 0.9500 loss_val: 0.6444 acc_val: 0.7620 time: 0.0196s
Epoch: 0127 loss_train: 0.3563 acc_train: 0.9500 loss_val: 0.6469 acc_val: 0.7620 time: 0.0199s
Epoch: 0128 loss_train: 0.3281 acc_train: 0.9333 loss_val: 0.6490 acc_val: 0.7580 time: 0.0198s
Epoch: 0129 loss_train: 0.3100 acc_train: 0.9667 loss_val: 0.6481 acc_val: 0.7580 time: 0.0201s
Epoch: 0130 loss_train: 0.3045 acc_train: 0.9667 loss_val: 0.6459 acc_val: 0.7600 time: 0.0191s
Epoch: 0131 loss_train: 0.3441 acc_train: 0.9000 loss_val: 0.6430 acc_val: 0.7580 time: 0.0191s
Epoch: 0132 loss_train: 0.3029 acc_train: 0.9667 loss_val: 0.6399 acc_val: 0.7600 time: 0.0201s
Epoch: 0133 loss_train: 0.2910 acc_train: 0.9500 loss_val: 0.6364 acc_val: 0.7640 time: 0.0202s
Epoch: 0134 loss_train: 0.2824 acc_train: 0.9833 loss_val: 0.6338 acc_val: 0.7660 time: 0.0196s
Epoch: 0135 loss_train: 0.3472 acc_train: 0.9000 loss_val: 0.6313 acc_val: 0.7720 time: 0.0197s
Epoch: 0136 loss_train: 0.3462 acc_train: 0.9000 loss_val: 0.6294 acc_val: 0.7720 time: 0.0199s
Epoch: 0137 loss_train: 0.2809 acc_train: 1.0000 loss_val: 0.6276 acc_val: 0.7720 time: 0.0196s
Epoch: 0138 loss_train: 0.2991 acc_train: 0.9667 loss_val: 0.6263 acc_val: 0.7780 time: 0.0196s
Epoch: 0139 loss_train: 0.3247 acc_train: 0.9000 loss_val: 0.6246 acc_val: 0.7780 time: 0.0199s
Epoch: 0140 loss_train: 0.2573 acc_train: 0.9667 loss_val: 0.6239 acc_val: 0.7760 time: 0.0196s
Epoch: 0141 loss_train: 0.2614 acc_train: 1.0000 loss_val: 0.6248 acc_val: 0.7720 time: 0.0204s
Epoch: 0142 loss_train: 0.3141 acc_train: 0.9833 loss_val: 0.6261 acc_val: 0.7680 time: 0.0196s
Epoch: 0143 loss_train: 0.2888 acc_train: 0.9333 loss_val: 0.6275 acc_val: 0.7660 time: 0.0202s
Epoch: 0144 loss_train: 0.2832 acc_train: 1.0000 loss_val: 0.6288 acc_val: 0.7640 time: 0.0201s
Epoch: 0145 loss_train: 0.3175 acc_train: 0.9167 loss_val: 0.6279 acc_val: 0.7620 time: 0.0205s
Epoch: 0146 loss_train: 0.2124 acc_train: 1.0000 loss_val: 0.6255 acc_val: 0.7600 time: 0.0198s
Epoch: 0147 loss_train: 0.2805 acc_train: 0.9333 loss_val: 0.6221 acc_val: 0.7680 time: 0.0191s
Epoch: 0148 loss_train: 0.2880 acc_train: 0.9500 loss_val: 0.6179 acc_val: 0.7780 time: 0.0189s
Epoch: 0149 loss_train: 0.3076 acc_train: 0.9333 loss_val: 0.6149 acc_val: 0.7800 time: 0.0197s
Epoch: 0150 loss_train: 0.2880 acc_train: 0.9333 loss_val: 0.6132 acc_val: 0.7800 time: 0.0200s
Epoch: 0151 loss_train: 0.2735 acc_train: 0.9667 loss_val: 0.6121 acc_val: 0.7820 time: 0.0203s
Epoch: 0152 loss_train: 0.2281 acc_train: 0.9833 loss_val: 0.6120 acc_val: 0.7800 time: 0.0196s
Epoch: 0153 loss_train: 0.2774 acc_train: 0.9500 loss_val: 0.6140 acc_val: 0.7800 time: 0.0191s
Epoch: 0154 loss_train: 0.2667 acc_train: 0.9833 loss_val: 0.6172 acc_val: 0.7760 time: 0.0225s
Epoch: 0155 loss_train: 0.2967 acc_train: 0.9667 loss_val: 0.6216 acc_val: 0.7660 time: 0.0189s
Epoch: 0156 loss_train: 0.2270 acc_train: 1.0000 loss_val: 0.6254 acc_val: 0.7640 time: 0.0203s
Epoch: 0157 loss_train: 0.2736 acc_train: 0.9500 loss_val: 0.6254 acc_val: 0.7660 time: 0.0198s
Epoch: 0158 loss_train: 0.2353 acc_train: 0.9667 loss_val: 0.6230 acc_val: 0.7660 time: 0.0203s
Epoch: 0159 loss_train: 0.2805 acc_train: 0.9500 loss_val: 0.6207 acc_val: 0.7660 time: 0.0197s
Epoch: 0160 loss_train: 0.2635 acc_train: 0.9167 loss_val: 0.6173 acc_val: 0.7640 time: 0.0198s
Epoch: 0161 loss_train: 0.2568 acc_train: 0.9833 loss_val: 0.6142 acc_val: 0.7720 time: 0.0197s
Epoch: 0162 loss_train: 0.2979 acc_train: 0.9500 loss_val: 0.6139 acc_val: 0.7720 time: 0.0188s
Epoch: 0163 loss_train: 0.2607 acc_train: 0.9667 loss_val: 0.6144 acc_val: 0.7720 time: 0.0198s
Epoch: 0164 loss_train: 0.3234 acc_train: 0.9500 loss_val: 0.6158 acc_val: 0.7700 time: 0.0195s
Epoch: 0165 loss_train: 0.2327 acc_train: 0.9833 loss_val: 0.6169 acc_val: 0.7680 time: 0.0192s
Epoch: 0166 loss_train: 0.2911 acc_train: 0.9000 loss_val: 0.6176 acc_val: 0.7680 time: 0.0195s
Epoch: 0167 loss_train: 0.2813 acc_train: 0.9667 loss_val: 0.6194 acc_val: 0.7660 time: 0.0198s
Epoch: 0168 loss_train: 0.3012 acc_train: 0.9167 loss_val: 0.6219 acc_val: 0.7640 time: 0.0194s
Epoch: 0169 loss_train: 0.2526 acc_train: 0.9333 loss_val: 0.6237 acc_val: 0.7620 time: 0.0190s
Epoch: 0170 loss_train: 0.2729 acc_train: 0.9500 loss_val: 0.6252 acc_val: 0.7620 time: 0.0199s
Epoch: 0171 loss_train: 0.2578 acc_train: 0.9833 loss_val: 0.6232 acc_val: 0.7720 time: 0.0194s
Epoch: 0172 loss_train: 0.2024 acc_train: 1.0000 loss_val: 0.6208 acc_val: 0.7680 time: 0.0198s
Epoch: 0173 loss_train: 0.2573 acc_train: 0.9667 loss_val: 0.6192 acc_val: 0.7680 time: 0.0197s
Epoch: 0174 loss_train: 0.2220 acc_train: 0.9667 loss_val: 0.6162 acc_val: 0.7700 time: 0.0197s
Epoch: 0175 loss_train: 0.2838 acc_train: 1.0000 loss_val: 0.6147 acc_val: 0.7700 time: 0.0196s
Epoch: 0176 loss_train: 0.2409 acc_train: 0.9833 loss_val: 0.6134 acc_val: 0.7740 time: 0.0200s
Epoch: 0177 loss_train: 0.2383 acc_train: 0.9833 loss_val: 0.6124 acc_val: 0.7800 time: 0.0199s
Epoch: 0178 loss_train: 0.2877 acc_train: 0.9333 loss_val: 0.6115 acc_val: 0.7800 time: 0.0203s
Epoch: 0179 loss_train: 0.2304 acc_train: 0.9667 loss_val: 0.6115 acc_val: 0.7820 time: 0.0193s
Epoch: 0180 loss_train: 0.2358 acc_train: 0.9500 loss_val: 0.6128 acc_val: 0.7820 time: 0.0196s
Epoch: 0181 loss_train: 0.2422 acc_train: 0.9500 loss_val: 0.6156 acc_val: 0.7820 time: 0.0198s
Epoch: 0182 loss_train: 0.3139 acc_train: 0.8833 loss_val: 0.6206 acc_val: 0.7760 time: 0.0200s
Epoch: 0183 loss_train: 0.2509 acc_train: 0.9500 loss_val: 0.6233 acc_val: 0.7640 time: 0.0193s
Epoch: 0184 loss_train: 0.2382 acc_train: 0.9833 loss_val: 0.6241 acc_val: 0.7620 time: 0.0194s
Epoch: 0185 loss_train: 0.2386 acc_train: 0.9500 loss_val: 0.6241 acc_val: 0.7680 time: 0.0199s
Epoch: 0186 loss_train: 0.2784 acc_train: 0.9667 loss_val: 0.6221 acc_val: 0.7720 time: 0.0197s
Epoch: 0187 loss_train: 0.2165 acc_train: 1.0000 loss_val: 0.6200 acc_val: 0.7740 time: 0.0200s
Epoch: 0188 loss_train: 0.2517 acc_train: 0.9500 loss_val: 0.6182 acc_val: 0.7720 time: 0.0192s
Epoch: 0189 loss_train: 0.2959 acc_train: 0.9500 loss_val: 0.6165 acc_val: 0.7720 time: 0.0203s
Epoch: 0190 loss_train: 0.2223 acc_train: 0.9667 loss_val: 0.6142 acc_val: 0.7800 time: 0.0201s
Epoch: 0191 loss_train: 0.2442 acc_train: 0.9833 loss_val: 0.6108 acc_val: 0.7820 time: 0.0198s
Epoch: 0192 loss_train: 0.2465 acc_train: 0.9667 loss_val: 0.6077 acc_val: 0.7800 time: 0.0199s
Epoch: 0193 loss_train: 0.2120 acc_train: 0.9833 loss_val: 0.6056 acc_val: 0.7800 time: 0.0194s
Epoch: 0194 loss_train: 0.2387 acc_train: 0.9833 loss_val: 0.6044 acc_val: 0.7780 time: 0.0206s
Epoch: 0195 loss_train: 0.2301 acc_train: 0.9667 loss_val: 0.6036 acc_val: 0.7800 time: 0.0202s
Epoch: 0196 loss_train: 0.2018 acc_train: 0.9833 loss_val: 0.6037 acc_val: 0.7800 time: 0.0210s
Epoch: 0197 loss_train: 0.2378 acc_train: 0.9667 loss_val: 0.6038 acc_val: 0.7800 time: 0.0351s
Epoch: 0198 loss_train: 0.2243 acc_train: 0.9833 loss_val: 0.6054 acc_val: 0.7800 time: 0.0794s
Epoch: 0199 loss_train: 0.2595 acc_train: 0.9500 loss_val: 0.6078 acc_val: 0.7740 time: 0.0837s
Epoch: 0200 loss_train: 0.2150 acc_train: 1.0000 loss_val: 0.6099 acc_val: 0.7760 time: 0.0543s
Optimization Finished on pubmed!
Model: gcn
Total time elapsed: 4.1762s
Test set results: loss= 0.5746 accuracy= 0.7630
